[0.010s] Invoking command in '/home/sachin/ros2_pick_n_place/build/braccio_moveit_config': CMAKE_PREFIX_PATH=/home/sachin/ros2_pick_n_place/install/braccio_description:/home/sachin/ros2_pick_n_place/install/braccio_moveit_config:/home/sachin/ros2_pick_n_place/install/braccio_gazebo:/opt/ros/jazzy/opt/gz_sim_vendor:/opt/ros/jazzy/opt/gz_sensors_vendor:/opt/ros/jazzy/opt/gz_physics_vendor:/opt/ros/jazzy/opt/sdformat_vendor:/opt/ros/jazzy/opt/gz_gui_vendor:/opt/ros/jazzy/opt/gz_transport_vendor:/opt/ros/jazzy/opt/gz_rendering_vendor:/opt/ros/jazzy/opt/gz_plugin_vendor:/opt/ros/jazzy/opt/gz_fuel_tools_vendor:/opt/ros/jazzy/opt/gz_msgs_vendor:/opt/ros/jazzy/opt/gz_common_vendor:/opt/ros/jazzy/opt/gz_math_vendor:/opt/ros/jazzy/opt/gz_utils_vendor:/opt/ros/jazzy/opt/gz_tools_vendor:/opt/ros/jazzy/opt/gz_ogre_next_vendor:/opt/ros/jazzy/opt/gz_dartsim_vendor:/opt/ros/jazzy/opt/gz_cmake_vendor:/home/sachin/ros2_pick_n_place/install/braccio_yolo_sorting:/opt/ros/jazzy DEBUGINFOD_URLS=https://debuginfod.ubuntu.com PS1=(.ros2_venv) \[\e]0;\u@\h: \w\a\]${debian_chroot:+($debian_chroot)}\[\033[01;32m\]\u@\h\[\033[00m\]:\[\033[01;34m\]\w\[\033[00m\]\$ VIRTUAL_ENV_PROMPT=(.ros2_venv) /usr/bin/cmake --build /home/sachin/ros2_pick_n_place/build/braccio_moveit_config -- -j12 -l12
[0.046s] Invoked command in '/home/sachin/ros2_pick_n_place/build/braccio_moveit_config' returned '0': CMAKE_PREFIX_PATH=/home/sachin/ros2_pick_n_place/install/braccio_description:/home/sachin/ros2_pick_n_place/install/braccio_moveit_config:/home/sachin/ros2_pick_n_place/install/braccio_gazebo:/opt/ros/jazzy/opt/gz_sim_vendor:/opt/ros/jazzy/opt/gz_sensors_vendor:/opt/ros/jazzy/opt/gz_physics_vendor:/opt/ros/jazzy/opt/sdformat_vendor:/opt/ros/jazzy/opt/gz_gui_vendor:/opt/ros/jazzy/opt/gz_transport_vendor:/opt/ros/jazzy/opt/gz_rendering_vendor:/opt/ros/jazzy/opt/gz_plugin_vendor:/opt/ros/jazzy/opt/gz_fuel_tools_vendor:/opt/ros/jazzy/opt/gz_msgs_vendor:/opt/ros/jazzy/opt/gz_common_vendor:/opt/ros/jazzy/opt/gz_math_vendor:/opt/ros/jazzy/opt/gz_utils_vendor:/opt/ros/jazzy/opt/gz_tools_vendor:/opt/ros/jazzy/opt/gz_ogre_next_vendor:/opt/ros/jazzy/opt/gz_dartsim_vendor:/opt/ros/jazzy/opt/gz_cmake_vendor:/home/sachin/ros2_pick_n_place/install/braccio_yolo_sorting:/opt/ros/jazzy DEBUGINFOD_URLS=https://debuginfod.ubuntu.com PS1=(.ros2_venv) \[\e]0;\u@\h: \w\a\]${debian_chroot:+($debian_chroot)}\[\033[01;32m\]\u@\h\[\033[00m\]:\[\033[01;34m\]\w\[\033[00m\]\$ VIRTUAL_ENV_PROMPT=(.ros2_venv) /usr/bin/cmake --build /home/sachin/ros2_pick_n_place/build/braccio_moveit_config -- -j12 -l12
[0.047s] Invoking command in '/home/sachin/ros2_pick_n_place/build/braccio_moveit_config': CMAKE_PREFIX_PATH=/home/sachin/ros2_pick_n_place/install/braccio_description:/home/sachin/ros2_pick_n_place/install/braccio_moveit_config:/home/sachin/ros2_pick_n_place/install/braccio_gazebo:/opt/ros/jazzy/opt/gz_sim_vendor:/opt/ros/jazzy/opt/gz_sensors_vendor:/opt/ros/jazzy/opt/gz_physics_vendor:/opt/ros/jazzy/opt/sdformat_vendor:/opt/ros/jazzy/opt/gz_gui_vendor:/opt/ros/jazzy/opt/gz_transport_vendor:/opt/ros/jazzy/opt/gz_rendering_vendor:/opt/ros/jazzy/opt/gz_plugin_vendor:/opt/ros/jazzy/opt/gz_fuel_tools_vendor:/opt/ros/jazzy/opt/gz_msgs_vendor:/opt/ros/jazzy/opt/gz_common_vendor:/opt/ros/jazzy/opt/gz_math_vendor:/opt/ros/jazzy/opt/gz_utils_vendor:/opt/ros/jazzy/opt/gz_tools_vendor:/opt/ros/jazzy/opt/gz_ogre_next_vendor:/opt/ros/jazzy/opt/gz_dartsim_vendor:/opt/ros/jazzy/opt/gz_cmake_vendor:/home/sachin/ros2_pick_n_place/install/braccio_yolo_sorting:/opt/ros/jazzy DEBUGINFOD_URLS=https://debuginfod.ubuntu.com PS1=(.ros2_venv) \[\e]0;\u@\h: \w\a\]${debian_chroot:+($debian_chroot)}\[\033[01;32m\]\u@\h\[\033[00m\]:\[\033[01;34m\]\w\[\033[00m\]\$ VIRTUAL_ENV_PROMPT=(.ros2_venv) /usr/bin/cmake --install /home/sachin/ros2_pick_n_place/build/braccio_moveit_config
[0.053s] -- Install configuration: ""
[0.053s] -- Up-to-date: /home/sachin/ros2_pick_n_place/install/braccio_moveit_config/share/ament_index/resource_index/package_run_dependencies/braccio_moveit_config
[0.053s] -- Up-to-date: /home/sachin/ros2_pick_n_place/install/braccio_moveit_config/share/ament_index/resource_index/parent_prefix_path/braccio_moveit_config
[0.054s] -- Up-to-date: /home/sachin/ros2_pick_n_place/install/braccio_moveit_config/share/braccio_moveit_config/environment/ament_prefix_path.sh
[0.054s] -- Up-to-date: /home/sachin/ros2_pick_n_place/install/braccio_moveit_config/share/braccio_moveit_config/environment/ament_prefix_path.dsv
[0.054s] -- Up-to-date: /home/sachin/ros2_pick_n_place/install/braccio_moveit_config/share/braccio_moveit_config/environment/path.sh
[0.055s] -- Up-to-date: /home/sachin/ros2_pick_n_place/install/braccio_moveit_config/share/braccio_moveit_config/environment/path.dsv
[0.055s] -- Up-to-date: /home/sachin/ros2_pick_n_place/install/braccio_moveit_config/share/braccio_moveit_config/local_setup.bash
[0.055s] -- Up-to-date: /home/sachin/ros2_pick_n_place/install/braccio_moveit_config/share/braccio_moveit_config/local_setup.sh
[0.055s] -- Up-to-date: /home/sachin/ros2_pick_n_place/install/braccio_moveit_config/share/braccio_moveit_config/local_setup.zsh
[0.055s] -- Up-to-date: /home/sachin/ros2_pick_n_place/install/braccio_moveit_config/share/braccio_moveit_config/local_setup.dsv
[0.055s] -- Installing: /home/sachin/ros2_pick_n_place/install/braccio_moveit_config/share/braccio_moveit_config/package.dsv
[0.055s] -- Up-to-date: /home/sachin/ros2_pick_n_place/install/braccio_moveit_config/share/ament_index/resource_index/packages/braccio_moveit_config
[0.055s] -- Up-to-date: /home/sachin/ros2_pick_n_place/install/braccio_moveit_config/share/braccio_moveit_config/cmake/braccio_moveit_configConfig.cmake
[0.055s] -- Up-to-date: /home/sachin/ros2_pick_n_place/install/braccio_moveit_config/share/braccio_moveit_config/cmake/braccio_moveit_configConfig-version.cmake
[0.055s] -- Up-to-date: /home/sachin/ros2_pick_n_place/install/braccio_moveit_config/share/braccio_moveit_config/package.xml
[0.055s] -- Up-to-date: /home/sachin/ros2_pick_n_place/install/braccio_moveit_config/share/braccio_moveit_config/launch
[0.055s] -- Up-to-date: /home/sachin/ros2_pick_n_place/install/braccio_moveit_config/share/braccio_moveit_config/launch/setup_assistant.launch.py
[0.055s] -- Up-to-date: /home/sachin/ros2_pick_n_place/install/braccio_moveit_config/share/braccio_moveit_config/launch/static_virtual_joint_tfs.launch.py
[0.055s] -- Up-to-date: /home/sachin/ros2_pick_n_place/install/braccio_moveit_config/share/braccio_moveit_config/launch/demo.launch.py
[0.055s] -- Up-to-date: /home/sachin/ros2_pick_n_place/install/braccio_moveit_config/share/braccio_moveit_config/launch/move_group.launch.py
[0.055s] -- Up-to-date: /home/sachin/ros2_pick_n_place/install/braccio_moveit_config/share/braccio_moveit_config/launch/rsp.launch.py
[0.055s] -- Up-to-date: /home/sachin/ros2_pick_n_place/install/braccio_moveit_config/share/braccio_moveit_config/launch/moveit_rviz.launch.py
[0.055s] -- Up-to-date: /home/sachin/ros2_pick_n_place/install/braccio_moveit_config/share/braccio_moveit_config/launch/warehouse_db.launch.py
[0.055s] -- Up-to-date: /home/sachin/ros2_pick_n_place/install/braccio_moveit_config/share/braccio_moveit_config/launch/spawn_controllers.launch.py
[0.055s] -- Up-to-date: /home/sachin/ros2_pick_n_place/install/braccio_moveit_config/share/braccio_moveit_config/config
[0.055s] -- Installing: /home/sachin/ros2_pick_n_place/install/braccio_moveit_config/share/braccio_moveit_config/config/joint_limits.yaml
[0.055s] -- Up-to-date: /home/sachin/ros2_pick_n_place/install/braccio_moveit_config/share/braccio_moveit_config/config/braccio.urdf.xacro
[0.055s] -- Up-to-date: /home/sachin/ros2_pick_n_place/install/braccio_moveit_config/share/braccio_moveit_config/config/pilz_cartesian_limits.yaml
[0.055s] -- Up-to-date: /home/sachin/ros2_pick_n_place/install/braccio_moveit_config/share/braccio_moveit_config/config/braccio.ros2_control.xacro
[0.056s] -- Up-to-date: /home/sachin/ros2_pick_n_place/install/braccio_moveit_config/share/braccio_moveit_config/config/moveit.rviz
[0.056s] -- Up-to-date: /home/sachin/ros2_pick_n_place/install/braccio_moveit_config/share/braccio_moveit_config/config/ros2_controllers.yaml
[0.056s] -- Installing: /home/sachin/ros2_pick_n_place/install/braccio_moveit_config/share/braccio_moveit_config/config/braccio.srdf
[0.056s] -- Up-to-date: /home/sachin/ros2_pick_n_place/install/braccio_moveit_config/share/braccio_moveit_config/config/kinematics.yaml
[0.056s] -- Up-to-date: /home/sachin/ros2_pick_n_place/install/braccio_moveit_config/share/braccio_moveit_config/config/initial_positions.yaml
[0.056s] -- Up-to-date: /home/sachin/ros2_pick_n_place/install/braccio_moveit_config/share/braccio_moveit_config/config/moveit_controllers.yaml
[0.056s] -- Up-to-date: /home/sachin/ros2_pick_n_place/install/braccio_moveit_config/share/braccio_moveit_config/.setup_assistant
[0.061s] Invoked command in '/home/sachin/ros2_pick_n_place/build/braccio_moveit_config' returned '0': CMAKE_PREFIX_PATH=/home/sachin/ros2_pick_n_place/install/braccio_description:/home/sachin/ros2_pick_n_place/install/braccio_moveit_config:/home/sachin/ros2_pick_n_place/install/braccio_gazebo:/opt/ros/jazzy/opt/gz_sim_vendor:/opt/ros/jazzy/opt/gz_sensors_vendor:/opt/ros/jazzy/opt/gz_physics_vendor:/opt/ros/jazzy/opt/sdformat_vendor:/opt/ros/jazzy/opt/gz_gui_vendor:/opt/ros/jazzy/opt/gz_transport_vendor:/opt/ros/jazzy/opt/gz_rendering_vendor:/opt/ros/jazzy/opt/gz_plugin_vendor:/opt/ros/jazzy/opt/gz_fuel_tools_vendor:/opt/ros/jazzy/opt/gz_msgs_vendor:/opt/ros/jazzy/opt/gz_common_vendor:/opt/ros/jazzy/opt/gz_math_vendor:/opt/ros/jazzy/opt/gz_utils_vendor:/opt/ros/jazzy/opt/gz_tools_vendor:/opt/ros/jazzy/opt/gz_ogre_next_vendor:/opt/ros/jazzy/opt/gz_dartsim_vendor:/opt/ros/jazzy/opt/gz_cmake_vendor:/home/sachin/ros2_pick_n_place/install/braccio_yolo_sorting:/opt/ros/jazzy DEBUGINFOD_URLS=https://debuginfod.ubuntu.com PS1=(.ros2_venv) \[\e]0;\u@\h: \w\a\]${debian_chroot:+($debian_chroot)}\[\033[01;32m\]\u@\h\[\033[00m\]:\[\033[01;34m\]\w\[\033[00m\]\$ VIRTUAL_ENV_PROMPT=(.ros2_venv) /usr/bin/cmake --install /home/sachin/ros2_pick_n_place/build/braccio_moveit_config
