[0.008s] Invoking command in '/home/sachin/ros2_pick_n_place/build/braccio_gazebo': CMAKE_PREFIX_PATH=/home/sachin/ros2_pick_n_place/install/braccio_description:/home/sachin/ros2_pick_n_place/install/braccio_moveit_config:/home/sachin/ros2_pick_n_place/install/braccio_gazebo:/opt/ros/jazzy/opt/gz_sim_vendor:/opt/ros/jazzy/opt/gz_sensors_vendor:/opt/ros/jazzy/opt/gz_physics_vendor:/opt/ros/jazzy/opt/sdformat_vendor:/opt/ros/jazzy/opt/gz_gui_vendor:/opt/ros/jazzy/opt/gz_transport_vendor:/opt/ros/jazzy/opt/gz_rendering_vendor:/opt/ros/jazzy/opt/gz_plugin_vendor:/opt/ros/jazzy/opt/gz_fuel_tools_vendor:/opt/ros/jazzy/opt/gz_msgs_vendor:/opt/ros/jazzy/opt/gz_common_vendor:/opt/ros/jazzy/opt/gz_math_vendor:/opt/ros/jazzy/opt/gz_utils_vendor:/opt/ros/jazzy/opt/gz_tools_vendor:/opt/ros/jazzy/opt/gz_ogre_next_vendor:/opt/ros/jazzy/opt/gz_dartsim_vendor:/opt/ros/jazzy/opt/gz_cmake_vendor:/home/sachin/ros2_pick_n_place/install/braccio_yolo_sorting:/opt/ros/jazzy DEBUGINFOD_URLS=https://debuginfod.ubuntu.com PS1=(.ros2_venv) \[\e]0;\u@\h: \w\a\]${debian_chroot:+($debian_chroot)}\[\033[01;32m\]\u@\h\[\033[00m\]:\[\033[01;34m\]\w\[\033[00m\]\$ VIRTUAL_ENV_PROMPT=(.ros2_venv) /usr/bin/cmake /home/sachin/ros2_pick_n_place/src/braccio_gazebo -DCMAKE_INSTALL_PREFIX=/home/sachin/ros2_pick_n_place/install/braccio_gazebo
[0.051s] -- The C compiler identification is GNU 13.3.0
[0.090s] -- The CXX compiler identification is GNU 13.3.0
[0.102s] -- Detecting C compiler ABI info
[0.171s] -- Detecting C compiler ABI info - done
[0.176s] -- Check for working C compiler: /usr/bin/cc - skipped
[0.176s] -- Detecting C compile features
[0.176s] -- Detecting C compile features - done
[0.184s] -- Detecting CXX compiler ABI info
[0.262s] -- Detecting CXX compiler ABI info - done
[0.270s] -- Check for working CXX compiler: /usr/bin/c++ - skipped
[0.270s] -- Detecting CXX compile features
[0.271s] -- Detecting CXX compile features - done
[0.273s] -- Found ament_cmake: 2.5.6 (/opt/ros/jazzy/share/ament_cmake/cmake)
[0.365s] -- Found Python3: /home/sachin/.ros2_venv/bin/python3 (found version "3.12.3") found components: Interpreter 
[0.518s] -- Configuring done (0.5s)
[0.519s] -- Generating done (0.0s)
[0.520s] -- Build files have been written to: /home/sachin/ros2_pick_n_place/build/braccio_gazebo
[0.524s] Invoked command in '/home/sachin/ros2_pick_n_place/build/braccio_gazebo' returned '0': CMAKE_PREFIX_PATH=/home/sachin/ros2_pick_n_place/install/braccio_description:/home/sachin/ros2_pick_n_place/install/braccio_moveit_config:/home/sachin/ros2_pick_n_place/install/braccio_gazebo:/opt/ros/jazzy/opt/gz_sim_vendor:/opt/ros/jazzy/opt/gz_sensors_vendor:/opt/ros/jazzy/opt/gz_physics_vendor:/opt/ros/jazzy/opt/sdformat_vendor:/opt/ros/jazzy/opt/gz_gui_vendor:/opt/ros/jazzy/opt/gz_transport_vendor:/opt/ros/jazzy/opt/gz_rendering_vendor:/opt/ros/jazzy/opt/gz_plugin_vendor:/opt/ros/jazzy/opt/gz_fuel_tools_vendor:/opt/ros/jazzy/opt/gz_msgs_vendor:/opt/ros/jazzy/opt/gz_common_vendor:/opt/ros/jazzy/opt/gz_math_vendor:/opt/ros/jazzy/opt/gz_utils_vendor:/opt/ros/jazzy/opt/gz_tools_vendor:/opt/ros/jazzy/opt/gz_ogre_next_vendor:/opt/ros/jazzy/opt/gz_dartsim_vendor:/opt/ros/jazzy/opt/gz_cmake_vendor:/home/sachin/ros2_pick_n_place/install/braccio_yolo_sorting:/opt/ros/jazzy DEBUGINFOD_URLS=https://debuginfod.ubuntu.com PS1=(.ros2_venv) \[\e]0;\u@\h: \w\a\]${debian_chroot:+($debian_chroot)}\[\033[01;32m\]\u@\h\[\033[00m\]:\[\033[01;34m\]\w\[\033[00m\]\$ VIRTUAL_ENV_PROMPT=(.ros2_venv) /usr/bin/cmake /home/sachin/ros2_pick_n_place/src/braccio_gazebo -DCMAKE_INSTALL_PREFIX=/home/sachin/ros2_pick_n_place/install/braccio_gazebo
[0.525s] Invoking command in '/home/sachin/ros2_pick_n_place/build/braccio_gazebo': CMAKE_PREFIX_PATH=/home/sachin/ros2_pick_n_place/install/braccio_description:/home/sachin/ros2_pick_n_place/install/braccio_moveit_config:/home/sachin/ros2_pick_n_place/install/braccio_gazebo:/opt/ros/jazzy/opt/gz_sim_vendor:/opt/ros/jazzy/opt/gz_sensors_vendor:/opt/ros/jazzy/opt/gz_physics_vendor:/opt/ros/jazzy/opt/sdformat_vendor:/opt/ros/jazzy/opt/gz_gui_vendor:/opt/ros/jazzy/opt/gz_transport_vendor:/opt/ros/jazzy/opt/gz_rendering_vendor:/opt/ros/jazzy/opt/gz_plugin_vendor:/opt/ros/jazzy/opt/gz_fuel_tools_vendor:/opt/ros/jazzy/opt/gz_msgs_vendor:/opt/ros/jazzy/opt/gz_common_vendor:/opt/ros/jazzy/opt/gz_math_vendor:/opt/ros/jazzy/opt/gz_utils_vendor:/opt/ros/jazzy/opt/gz_tools_vendor:/opt/ros/jazzy/opt/gz_ogre_next_vendor:/opt/ros/jazzy/opt/gz_dartsim_vendor:/opt/ros/jazzy/opt/gz_cmake_vendor:/home/sachin/ros2_pick_n_place/install/braccio_yolo_sorting:/opt/ros/jazzy DEBUGINFOD_URLS=https://debuginfod.ubuntu.com PS1=(.ros2_venv) \[\e]0;\u@\h: \w\a\]${debian_chroot:+($debian_chroot)}\[\033[01;32m\]\u@\h\[\033[00m\]:\[\033[01;34m\]\w\[\033[00m\]\$ VIRTUAL_ENV_PROMPT=(.ros2_venv) /usr/bin/cmake --build /home/sachin/ros2_pick_n_place/build/braccio_gazebo -- -j12 -l12
[0.558s] Invoked command in '/home/sachin/ros2_pick_n_place/build/braccio_gazebo' returned '0': CMAKE_PREFIX_PATH=/home/sachin/ros2_pick_n_place/install/braccio_description:/home/sachin/ros2_pick_n_place/install/braccio_moveit_config:/home/sachin/ros2_pick_n_place/install/braccio_gazebo:/opt/ros/jazzy/opt/gz_sim_vendor:/opt/ros/jazzy/opt/gz_sensors_vendor:/opt/ros/jazzy/opt/gz_physics_vendor:/opt/ros/jazzy/opt/sdformat_vendor:/opt/ros/jazzy/opt/gz_gui_vendor:/opt/ros/jazzy/opt/gz_transport_vendor:/opt/ros/jazzy/opt/gz_rendering_vendor:/opt/ros/jazzy/opt/gz_plugin_vendor:/opt/ros/jazzy/opt/gz_fuel_tools_vendor:/opt/ros/jazzy/opt/gz_msgs_vendor:/opt/ros/jazzy/opt/gz_common_vendor:/opt/ros/jazzy/opt/gz_math_vendor:/opt/ros/jazzy/opt/gz_utils_vendor:/opt/ros/jazzy/opt/gz_tools_vendor:/opt/ros/jazzy/opt/gz_ogre_next_vendor:/opt/ros/jazzy/opt/gz_dartsim_vendor:/opt/ros/jazzy/opt/gz_cmake_vendor:/home/sachin/ros2_pick_n_place/install/braccio_yolo_sorting:/opt/ros/jazzy DEBUGINFOD_URLS=https://debuginfod.ubuntu.com PS1=(.ros2_venv) \[\e]0;\u@\h: \w\a\]${debian_chroot:+($debian_chroot)}\[\033[01;32m\]\u@\h\[\033[00m\]:\[\033[01;34m\]\w\[\033[00m\]\$ VIRTUAL_ENV_PROMPT=(.ros2_venv) /usr/bin/cmake --build /home/sachin/ros2_pick_n_place/build/braccio_gazebo -- -j12 -l12
[0.559s] Invoking command in '/home/sachin/ros2_pick_n_place/build/braccio_gazebo': CMAKE_PREFIX_PATH=/home/sachin/ros2_pick_n_place/install/braccio_description:/home/sachin/ros2_pick_n_place/install/braccio_moveit_config:/home/sachin/ros2_pick_n_place/install/braccio_gazebo:/opt/ros/jazzy/opt/gz_sim_vendor:/opt/ros/jazzy/opt/gz_sensors_vendor:/opt/ros/jazzy/opt/gz_physics_vendor:/opt/ros/jazzy/opt/sdformat_vendor:/opt/ros/jazzy/opt/gz_gui_vendor:/opt/ros/jazzy/opt/gz_transport_vendor:/opt/ros/jazzy/opt/gz_rendering_vendor:/opt/ros/jazzy/opt/gz_plugin_vendor:/opt/ros/jazzy/opt/gz_fuel_tools_vendor:/opt/ros/jazzy/opt/gz_msgs_vendor:/opt/ros/jazzy/opt/gz_common_vendor:/opt/ros/jazzy/opt/gz_math_vendor:/opt/ros/jazzy/opt/gz_utils_vendor:/opt/ros/jazzy/opt/gz_tools_vendor:/opt/ros/jazzy/opt/gz_ogre_next_vendor:/opt/ros/jazzy/opt/gz_dartsim_vendor:/opt/ros/jazzy/opt/gz_cmake_vendor:/home/sachin/ros2_pick_n_place/install/braccio_yolo_sorting:/opt/ros/jazzy DEBUGINFOD_URLS=https://debuginfod.ubuntu.com PS1=(.ros2_venv) \[\e]0;\u@\h: \w\a\]${debian_chroot:+($debian_chroot)}\[\033[01;32m\]\u@\h\[\033[00m\]:\[\033[01;34m\]\w\[\033[00m\]\$ VIRTUAL_ENV_PROMPT=(.ros2_venv) /usr/bin/cmake --install /home/sachin/ros2_pick_n_place/build/braccio_gazebo
[0.566s] -- Install configuration: ""
[0.566s] -- Installing: /home/sachin/ros2_pick_n_place/install/braccio_gazebo/share/braccio_gazebo/worlds
[0.566s] -- Installing: /home/sachin/ros2_pick_n_place/install/braccio_gazebo/share/braccio_gazebo/worlds/braccio_sorting.world
[0.567s] -- Installing: /home/sachin/ros2_pick_n_place/install/braccio_gazebo/share/braccio_gazebo/launch
[0.567s] -- Installing: /home/sachin/ros2_pick_n_place/install/braccio_gazebo/share/braccio_gazebo/launch/braccio_gazebo.launch.py
[0.568s] -- Installing: /home/sachin/ros2_pick_n_place/install/braccio_gazebo/share/ament_index/resource_index/package_run_dependencies/braccio_gazebo
[0.568s] -- Installing: /home/sachin/ros2_pick_n_place/install/braccio_gazebo/share/ament_index/resource_index/parent_prefix_path/braccio_gazebo
[0.568s] -- Installing: /home/sachin/ros2_pick_n_place/install/braccio_gazebo/share/braccio_gazebo/environment/ament_prefix_path.sh
[0.568s] -- Installing: /home/sachin/ros2_pick_n_place/install/braccio_gazebo/share/braccio_gazebo/environment/ament_prefix_path.dsv
[0.569s] -- Installing: /home/sachin/ros2_pick_n_place/install/braccio_gazebo/share/braccio_gazebo/environment/path.sh
[0.569s] -- Installing: /home/sachin/ros2_pick_n_place/install/braccio_gazebo/share/braccio_gazebo/environment/path.dsv
[0.569s] -- Installing: /home/sachin/ros2_pick_n_place/install/braccio_gazebo/share/braccio_gazebo/local_setup.bash
[0.569s] -- Installing: /home/sachin/ros2_pick_n_place/install/braccio_gazebo/share/braccio_gazebo/local_setup.sh
[0.569s] -- Installing: /home/sachin/ros2_pick_n_place/install/braccio_gazebo/share/braccio_gazebo/local_setup.zsh
[0.570s] -- Installing: /home/sachin/ros2_pick_n_place/install/braccio_gazebo/share/braccio_gazebo/local_setup.dsv
[0.570s] -- Installing: /home/sachin/ros2_pick_n_place/install/braccio_gazebo/share/braccio_gazebo/package.dsv
[0.570s] -- Installing: /home/sachin/ros2_pick_n_place/install/braccio_gazebo/share/ament_index/resource_index/packages/braccio_gazebo
[0.570s] -- Installing: /home/sachin/ros2_pick_n_place/install/braccio_gazebo/share/braccio_gazebo/cmake/braccio_gazeboConfig.cmake
[0.570s] -- Installing: /home/sachin/ros2_pick_n_place/install/braccio_gazebo/share/braccio_gazebo/cmake/braccio_gazeboConfig-version.cmake
[0.570s] -- Installing: /home/sachin/ros2_pick_n_place/install/braccio_gazebo/share/braccio_gazebo/package.xml
[0.572s] Invoked command in '/home/sachin/ros2_pick_n_place/build/braccio_gazebo' returned '0': CMAKE_PREFIX_PATH=/home/sachin/ros2_pick_n_place/install/braccio_description:/home/sachin/ros2_pick_n_place/install/braccio_moveit_config:/home/sachin/ros2_pick_n_place/install/braccio_gazebo:/opt/ros/jazzy/opt/gz_sim_vendor:/opt/ros/jazzy/opt/gz_sensors_vendor:/opt/ros/jazzy/opt/gz_physics_vendor:/opt/ros/jazzy/opt/sdformat_vendor:/opt/ros/jazzy/opt/gz_gui_vendor:/opt/ros/jazzy/opt/gz_transport_vendor:/opt/ros/jazzy/opt/gz_rendering_vendor:/opt/ros/jazzy/opt/gz_plugin_vendor:/opt/ros/jazzy/opt/gz_fuel_tools_vendor:/opt/ros/jazzy/opt/gz_msgs_vendor:/opt/ros/jazzy/opt/gz_common_vendor:/opt/ros/jazzy/opt/gz_math_vendor:/opt/ros/jazzy/opt/gz_utils_vendor:/opt/ros/jazzy/opt/gz_tools_vendor:/opt/ros/jazzy/opt/gz_ogre_next_vendor:/opt/ros/jazzy/opt/gz_dartsim_vendor:/opt/ros/jazzy/opt/gz_cmake_vendor:/home/sachin/ros2_pick_n_place/install/braccio_yolo_sorting:/opt/ros/jazzy DEBUGINFOD_URLS=https://debuginfod.ubuntu.com PS1=(.ros2_venv) \[\e]0;\u@\h: \w\a\]${debian_chroot:+($debian_chroot)}\[\033[01;32m\]\u@\h\[\033[00m\]:\[\033[01;34m\]\w\[\033[00m\]\$ VIRTUAL_ENV_PROMPT=(.ros2_venv) /usr/bin/cmake --install /home/sachin/ros2_pick_n_place/build/braccio_gazebo
