[0.063s] DEBUG:colcon:Command line arguments: ['/usr/bin/colcon', 'build']
[0.063s] DEBUG:colcon:Parsed command line arguments: Namespace(log_base=None, log_level=None, verb_name='build', build_base='build', install_base='install', merge_install=False, symlink_install=False, test_result_base=None, continue_on_error=False, executor='parallel', parallel_workers=12, event_handlers=None, ignore_user_meta=False, metas=['./colcon.meta'], base_paths=['.'], packages_ignore=None, packages_ignore_regex=None, paths=None, packages_up_to=None, packages_up_to_regex=None, packages_above=None, packages_above_and_dependencies=None, packages_above_depth=None, packages_select_by_dep=None, packages_skip_by_dep=None, packages_skip_up_to=None, packages_select_build_failed=False, packages_skip_build_finished=False, packages_select_test_failures=False, packages_skip_test_passed=False, packages_select=None, packages_skip=None, packages_select_regex=None, packages_skip_regex=None, packages_start=None, packages_end=None, allow_overriding=[], cmake_args=None, cmake_target=None, cmake_target_skip_unavailable=False, cmake_clean_cache=False, cmake_clean_first=False, cmake_force_configure=False, ament_cmake_args=None, catkin_cmake_args=None, catkin_skip_building_tests=False, mixin_files=None, mixin=None, verb_parser=<colcon_mixin.mixin.mixin_argument.MixinArgumentDecorator object at 0x719d7cb95b20>, verb_extension=<colcon_core.verb.build.BuildVerb object at 0x719d7cb957c0>, main=<bound method BuildVerb.main of <colcon_core.verb.build.BuildVerb object at 0x719d7cb957c0>>, mixin_verb=('build',))
[0.085s] Level 1:colcon.colcon_core.package_discovery:discover_packages(colcon_meta) check parameters
[0.085s] Level 1:colcon.colcon_core.package_discovery:discover_packages(recursive) check parameters
[0.085s] Level 1:colcon.colcon_core.package_discovery:discover_packages(ignore) check parameters
[0.085s] Level 1:colcon.colcon_core.package_discovery:discover_packages(path) check parameters
[0.085s] Level 1:colcon.colcon_core.package_discovery:discover_packages(colcon_meta) discover
[0.085s] Level 1:colcon.colcon_core.package_discovery:discover_packages(recursive) discover
[0.085s] INFO:colcon.colcon_core.package_discovery:Crawling recursively for packages in '/home/sachin/ros2_pick_n_place'
[0.086s] Level 1:colcon.colcon_core.package_identification:_identify(.) by extensions ['ignore', 'ignore_ament_install']
[0.086s] Level 1:colcon.colcon_core.package_identification:_identify(.) by extension 'ignore'
[0.086s] Level 1:colcon.colcon_core.package_identification:_identify(.) by extension 'ignore_ament_install'
[0.086s] Level 1:colcon.colcon_core.package_identification:_identify(.) by extensions ['colcon_pkg']
[0.086s] Level 1:colcon.colcon_core.package_identification:_identify(.) by extension 'colcon_pkg'
[0.086s] Level 1:colcon.colcon_core.package_identification:_identify(.) by extensions ['colcon_meta']
[0.086s] Level 1:colcon.colcon_core.package_identification:_identify(.) by extension 'colcon_meta'
[0.086s] Level 1:colcon.colcon_core.package_identification:_identify(.) by extensions ['ros']
[0.086s] Level 1:colcon.colcon_core.package_identification:_identify(.) by extension 'ros'
[0.102s] Level 1:colcon.colcon_core.package_identification:_identify(.) by extensions ['cmake', 'python']
[0.102s] Level 1:colcon.colcon_core.package_identification:_identify(.) by extension 'cmake'
[0.102s] Level 1:colcon.colcon_core.package_identification:_identify(.) by extension 'python'
[0.102s] Level 1:colcon.colcon_core.package_identification:_identify(.) by extensions ['python_setup_py']
[0.102s] Level 1:colcon.colcon_core.package_identification:_identify(.) by extension 'python_setup_py'
[0.102s] Level 1:colcon.colcon_core.package_identification:_identify(build) by extensions ['ignore', 'ignore_ament_install']
[0.102s] Level 1:colcon.colcon_core.package_identification:_identify(build) by extension 'ignore'
[0.102s] Level 1:colcon.colcon_core.package_identification:_identify(build) ignored
[0.102s] Level 1:colcon.colcon_core.package_identification:_identify(install) by extensions ['ignore', 'ignore_ament_install']
[0.102s] Level 1:colcon.colcon_core.package_identification:_identify(install) by extension 'ignore'
[0.102s] Level 1:colcon.colcon_core.package_identification:_identify(install) ignored
[0.102s] Level 1:colcon.colcon_core.package_identification:_identify(log) by extensions ['ignore', 'ignore_ament_install']
[0.102s] Level 1:colcon.colcon_core.package_identification:_identify(log) by extension 'ignore'
[0.102s] Level 1:colcon.colcon_core.package_identification:_identify(log) ignored
[0.102s] Level 1:colcon.colcon_core.package_identification:_identify(src) by extensions ['ignore', 'ignore_ament_install']
[0.102s] Level 1:colcon.colcon_core.package_identification:_identify(src) by extension 'ignore'
[0.102s] Level 1:colcon.colcon_core.package_identification:_identify(src) by extension 'ignore_ament_install'
[0.102s] Level 1:colcon.colcon_core.package_identification:_identify(src) by extensions ['colcon_pkg']
[0.102s] Level 1:colcon.colcon_core.package_identification:_identify(src) by extension 'colcon_pkg'
[0.102s] Level 1:colcon.colcon_core.package_identification:_identify(src) by extensions ['colcon_meta']
[0.102s] Level 1:colcon.colcon_core.package_identification:_identify(src) by extension 'colcon_meta'
[0.102s] Level 1:colcon.colcon_core.package_identification:_identify(src) by extensions ['ros']
[0.102s] Level 1:colcon.colcon_core.package_identification:_identify(src) by extension 'ros'
[0.102s] Level 1:colcon.colcon_core.package_identification:_identify(src) by extensions ['cmake', 'python']
[0.102s] Level 1:colcon.colcon_core.package_identification:_identify(src) by extension 'cmake'
[0.102s] Level 1:colcon.colcon_core.package_identification:_identify(src) by extension 'python'
[0.102s] Level 1:colcon.colcon_core.package_identification:_identify(src) by extensions ['python_setup_py']
[0.102s] Level 1:colcon.colcon_core.package_identification:_identify(src) by extension 'python_setup_py'
[0.103s] Level 1:colcon.colcon_core.package_identification:_identify(src/braccio_description) by extensions ['ignore', 'ignore_ament_install']
[0.103s] Level 1:colcon.colcon_core.package_identification:_identify(src/braccio_description) by extension 'ignore'
[0.103s] Level 1:colcon.colcon_core.package_identification:_identify(src/braccio_description) by extension 'ignore_ament_install'
[0.103s] Level 1:colcon.colcon_core.package_identification:_identify(src/braccio_description) by extensions ['colcon_pkg']
[0.103s] Level 1:colcon.colcon_core.package_identification:_identify(src/braccio_description) by extension 'colcon_pkg'
[0.103s] Level 1:colcon.colcon_core.package_identification:_identify(src/braccio_description) by extensions ['colcon_meta']
[0.103s] Level 1:colcon.colcon_core.package_identification:_identify(src/braccio_description) by extension 'colcon_meta'
[0.103s] Level 1:colcon.colcon_core.package_identification:_identify(src/braccio_description) by extensions ['ros']
[0.103s] Level 1:colcon.colcon_core.package_identification:_identify(src/braccio_description) by extension 'ros'
[0.104s] DEBUG:colcon.colcon_core.package_identification:Package 'src/braccio_description' with type 'ros.ament_cmake' and name 'braccio_description'
[0.104s] Level 1:colcon.colcon_core.package_identification:_identify(src/braccio_gazebo) by extensions ['ignore', 'ignore_ament_install']
[0.104s] Level 1:colcon.colcon_core.package_identification:_identify(src/braccio_gazebo) by extension 'ignore'
[0.105s] Level 1:colcon.colcon_core.package_identification:_identify(src/braccio_gazebo) by extension 'ignore_ament_install'
[0.105s] Level 1:colcon.colcon_core.package_identification:_identify(src/braccio_gazebo) by extensions ['colcon_pkg']
[0.105s] Level 1:colcon.colcon_core.package_identification:_identify(src/braccio_gazebo) by extension 'colcon_pkg'
[0.105s] Level 1:colcon.colcon_core.package_identification:_identify(src/braccio_gazebo) by extensions ['colcon_meta']
[0.105s] Level 1:colcon.colcon_core.package_identification:_identify(src/braccio_gazebo) by extension 'colcon_meta'
[0.105s] Level 1:colcon.colcon_core.package_identification:_identify(src/braccio_gazebo) by extensions ['ros']
[0.105s] Level 1:colcon.colcon_core.package_identification:_identify(src/braccio_gazebo) by extension 'ros'
[0.105s] DEBUG:colcon.colcon_core.package_identification:Package 'src/braccio_gazebo' with type 'ros.ament_cmake' and name 'braccio_gazebo'
[0.105s] Level 1:colcon.colcon_core.package_identification:_identify(src/braccio_moveit_config) by extensions ['ignore', 'ignore_ament_install']
[0.105s] Level 1:colcon.colcon_core.package_identification:_identify(src/braccio_moveit_config) by extension 'ignore'
[0.105s] Level 1:colcon.colcon_core.package_identification:_identify(src/braccio_moveit_config) by extension 'ignore_ament_install'
[0.105s] Level 1:colcon.colcon_core.package_identification:_identify(src/braccio_moveit_config) by extensions ['colcon_pkg']
[0.105s] Level 1:colcon.colcon_core.package_identification:_identify(src/braccio_moveit_config) by extension 'colcon_pkg'
[0.105s] Level 1:colcon.colcon_core.package_identification:_identify(src/braccio_moveit_config) by extensions ['colcon_meta']
[0.105s] Level 1:colcon.colcon_core.package_identification:_identify(src/braccio_moveit_config) by extension 'colcon_meta'
[0.105s] Level 1:colcon.colcon_core.package_identification:_identify(src/braccio_moveit_config) by extensions ['ros']
[0.105s] Level 1:colcon.colcon_core.package_identification:_identify(src/braccio_moveit_config) by extension 'ros'
[0.106s] DEBUG:colcon.colcon_core.package_identification:Package 'src/braccio_moveit_config' with type 'ros.ament_cmake' and name 'braccio_moveit_config'
[0.106s] Level 1:colcon.colcon_core.package_identification:_identify(src/braccio_yolo_sorting) by extensions ['ignore', 'ignore_ament_install']
[0.106s] Level 1:colcon.colcon_core.package_identification:_identify(src/braccio_yolo_sorting) by extension 'ignore'
[0.106s] Level 1:colcon.colcon_core.package_identification:_identify(src/braccio_yolo_sorting) by extension 'ignore_ament_install'
[0.106s] Level 1:colcon.colcon_core.package_identification:_identify(src/braccio_yolo_sorting) by extensions ['colcon_pkg']
[0.106s] Level 1:colcon.colcon_core.package_identification:_identify(src/braccio_yolo_sorting) by extension 'colcon_pkg'
[0.106s] Level 1:colcon.colcon_core.package_identification:_identify(src/braccio_yolo_sorting) by extensions ['colcon_meta']
[0.106s] Level 1:colcon.colcon_core.package_identification:_identify(src/braccio_yolo_sorting) by extension 'colcon_meta'
[0.106s] Level 1:colcon.colcon_core.package_identification:_identify(src/braccio_yolo_sorting) by extensions ['ros']
[0.106s] Level 1:colcon.colcon_core.package_identification:_identify(src/braccio_yolo_sorting) by extension 'ros'
[0.107s] DEBUG:colcon.colcon_core.package_identification:Package 'src/braccio_yolo_sorting' with type 'ros.ament_python' and name 'braccio_yolo_sorting'
[0.107s] Level 1:colcon.colcon_core.package_discovery:discover_packages(recursive) using defaults
[0.107s] Level 1:colcon.colcon_core.package_discovery:discover_packages(ignore) discover
[0.107s] Level 1:colcon.colcon_core.package_discovery:discover_packages(ignore) using defaults
[0.107s] Level 1:colcon.colcon_core.package_discovery:discover_packages(path) discover
[0.107s] Level 1:colcon.colcon_core.package_discovery:discover_packages(path) using defaults
[0.118s] Level 1:colcon.colcon_core.package_discovery:discover_packages(prefix_path) check parameters
[0.118s] Level 1:colcon.colcon_core.package_discovery:discover_packages(prefix_path) discover
[0.118s] WARNING:colcon.colcon_core.prefix_path.colcon:The path '/home/sachin/pnp_ws/src/install' in the environment variable COLCON_PREFIX_PATH doesn't exist
[0.119s] WARNING:colcon.colcon_ros.prefix_path.ament:The path '/home/sachin/pnp_ws/src/install/braccio_description' in the environment variable AMENT_PREFIX_PATH doesn't exist
[0.119s] WARNING:colcon.colcon_ros.prefix_path.catkin:The path '/home/sachin/pnp_ws/src/install/braccio_description' in the environment variable CMAKE_PREFIX_PATH doesn't exist
[0.119s] DEBUG:colcon.colcon_installed_package_information.package_discovery:Found 4 installed packages in /home/sachin/ros2_pick_n_place/install
[0.119s] DEBUG:colcon.colcon_installed_package_information.package_discovery:Found 4 installed packages in /home/sachin/pnp_ws/install
[0.121s] DEBUG:colcon.colcon_installed_package_information.package_discovery:Found 541 installed packages in /opt/ros/jazzy
[0.122s] Level 1:colcon.colcon_core.package_discovery:discover_packages(prefix_path) using defaults
[0.167s] Level 5:colcon.colcon_core.verb:set package 'braccio_description' build argument 'cmake_args' from command line to 'None'
[0.167s] Level 5:colcon.colcon_core.verb:set package 'braccio_description' build argument 'cmake_target' from command line to 'None'
[0.167s] Level 5:colcon.colcon_core.verb:set package 'braccio_description' build argument 'cmake_target_skip_unavailable' from command line to 'False'
[0.167s] Level 5:colcon.colcon_core.verb:set package 'braccio_description' build argument 'cmake_clean_cache' from command line to 'False'
[0.167s] Level 5:colcon.colcon_core.verb:set package 'braccio_description' build argument 'cmake_clean_first' from command line to 'False'
[0.167s] Level 5:colcon.colcon_core.verb:set package 'braccio_description' build argument 'cmake_force_configure' from command line to 'False'
[0.167s] Level 5:colcon.colcon_core.verb:set package 'braccio_description' build argument 'ament_cmake_args' from command line to 'None'
[0.167s] Level 5:colcon.colcon_core.verb:set package 'braccio_description' build argument 'catkin_cmake_args' from command line to 'None'
[0.167s] Level 5:colcon.colcon_core.verb:set package 'braccio_description' build argument 'catkin_skip_building_tests' from command line to 'False'
[0.167s] DEBUG:colcon.colcon_core.verb:Building package 'braccio_description' with the following arguments: {'ament_cmake_args': None, 'build_base': '/home/sachin/ros2_pick_n_place/build/braccio_description', 'catkin_cmake_args': None, 'catkin_skip_building_tests': False, 'cmake_args': None, 'cmake_clean_cache': False, 'cmake_clean_first': False, 'cmake_force_configure': False, 'cmake_target': None, 'cmake_target_skip_unavailable': False, 'install_base': '/home/sachin/ros2_pick_n_place/install/braccio_description', 'merge_install': False, 'path': '/home/sachin/ros2_pick_n_place/src/braccio_description', 'symlink_install': False, 'test_result_base': None}
[0.167s] Level 5:colcon.colcon_core.verb:set package 'braccio_gazebo' build argument 'cmake_args' from command line to 'None'
[0.167s] Level 5:colcon.colcon_core.verb:set package 'braccio_gazebo' build argument 'cmake_target' from command line to 'None'
[0.167s] Level 5:colcon.colcon_core.verb:set package 'braccio_gazebo' build argument 'cmake_target_skip_unavailable' from command line to 'False'
[0.167s] Level 5:colcon.colcon_core.verb:set package 'braccio_gazebo' build argument 'cmake_clean_cache' from command line to 'False'
[0.167s] Level 5:colcon.colcon_core.verb:set package 'braccio_gazebo' build argument 'cmake_clean_first' from command line to 'False'
[0.167s] Level 5:colcon.colcon_core.verb:set package 'braccio_gazebo' build argument 'cmake_force_configure' from command line to 'False'
[0.167s] Level 5:colcon.colcon_core.verb:set package 'braccio_gazebo' build argument 'ament_cmake_args' from command line to 'None'
[0.167s] Level 5:colcon.colcon_core.verb:set package 'braccio_gazebo' build argument 'catkin_cmake_args' from command line to 'None'
[0.167s] Level 5:colcon.colcon_core.verb:set package 'braccio_gazebo' build argument 'catkin_skip_building_tests' from command line to 'False'
[0.167s] DEBUG:colcon.colcon_core.verb:Building package 'braccio_gazebo' with the following arguments: {'ament_cmake_args': None, 'build_base': '/home/sachin/ros2_pick_n_place/build/braccio_gazebo', 'catkin_cmake_args': None, 'catkin_skip_building_tests': False, 'cmake_args': None, 'cmake_clean_cache': False, 'cmake_clean_first': False, 'cmake_force_configure': False, 'cmake_target': None, 'cmake_target_skip_unavailable': False, 'install_base': '/home/sachin/ros2_pick_n_place/install/braccio_gazebo', 'merge_install': False, 'path': '/home/sachin/ros2_pick_n_place/src/braccio_gazebo', 'symlink_install': False, 'test_result_base': None}
[0.168s] Level 5:colcon.colcon_core.verb:set package 'braccio_moveit_config' build argument 'cmake_args' from command line to 'None'
[0.168s] Level 5:colcon.colcon_core.verb:set package 'braccio_moveit_config' build argument 'cmake_target' from command line to 'None'
[0.168s] Level 5:colcon.colcon_core.verb:set package 'braccio_moveit_config' build argument 'cmake_target_skip_unavailable' from command line to 'False'
[0.168s] Level 5:colcon.colcon_core.verb:set package 'braccio_moveit_config' build argument 'cmake_clean_cache' from command line to 'False'
[0.168s] Level 5:colcon.colcon_core.verb:set package 'braccio_moveit_config' build argument 'cmake_clean_first' from command line to 'False'
[0.168s] Level 5:colcon.colcon_core.verb:set package 'braccio_moveit_config' build argument 'cmake_force_configure' from command line to 'False'
[0.168s] Level 5:colcon.colcon_core.verb:set package 'braccio_moveit_config' build argument 'ament_cmake_args' from command line to 'None'
[0.168s] Level 5:colcon.colcon_core.verb:set package 'braccio_moveit_config' build argument 'catkin_cmake_args' from command line to 'None'
[0.168s] Level 5:colcon.colcon_core.verb:set package 'braccio_moveit_config' build argument 'catkin_skip_building_tests' from command line to 'False'
[0.168s] DEBUG:colcon.colcon_core.verb:Building package 'braccio_moveit_config' with the following arguments: {'ament_cmake_args': None, 'build_base': '/home/sachin/ros2_pick_n_place/build/braccio_moveit_config', 'catkin_cmake_args': None, 'catkin_skip_building_tests': False, 'cmake_args': None, 'cmake_clean_cache': False, 'cmake_clean_first': False, 'cmake_force_configure': False, 'cmake_target': None, 'cmake_target_skip_unavailable': False, 'install_base': '/home/sachin/ros2_pick_n_place/install/braccio_moveit_config', 'merge_install': False, 'path': '/home/sachin/ros2_pick_n_place/src/braccio_moveit_config', 'symlink_install': False, 'test_result_base': None}
[0.168s] Level 5:colcon.colcon_core.verb:set package 'braccio_yolo_sorting' build argument 'cmake_args' from command line to 'None'
[0.168s] Level 5:colcon.colcon_core.verb:set package 'braccio_yolo_sorting' build argument 'cmake_target' from command line to 'None'
[0.168s] Level 5:colcon.colcon_core.verb:set package 'braccio_yolo_sorting' build argument 'cmake_target_skip_unavailable' from command line to 'False'
[0.168s] Level 5:colcon.colcon_core.verb:set package 'braccio_yolo_sorting' build argument 'cmake_clean_cache' from command line to 'False'
[0.168s] Level 5:colcon.colcon_core.verb:set package 'braccio_yolo_sorting' build argument 'cmake_clean_first' from command line to 'False'
[0.168s] Level 5:colcon.colcon_core.verb:set package 'braccio_yolo_sorting' build argument 'cmake_force_configure' from command line to 'False'
[0.168s] Level 5:colcon.colcon_core.verb:set package 'braccio_yolo_sorting' build argument 'ament_cmake_args' from command line to 'None'
[0.168s] Level 5:colcon.colcon_core.verb:set package 'braccio_yolo_sorting' build argument 'catkin_cmake_args' from command line to 'None'
[0.168s] Level 5:colcon.colcon_core.verb:set package 'braccio_yolo_sorting' build argument 'catkin_skip_building_tests' from command line to 'False'
[0.168s] DEBUG:colcon.colcon_core.verb:Building package 'braccio_yolo_sorting' with the following arguments: {'ament_cmake_args': None, 'build_base': '/home/sachin/ros2_pick_n_place/build/braccio_yolo_sorting', 'catkin_cmake_args': None, 'catkin_skip_building_tests': False, 'cmake_args': None, 'cmake_clean_cache': False, 'cmake_clean_first': False, 'cmake_force_configure': False, 'cmake_target': None, 'cmake_target_skip_unavailable': False, 'install_base': '/home/sachin/ros2_pick_n_place/install/braccio_yolo_sorting', 'merge_install': False, 'path': '/home/sachin/ros2_pick_n_place/src/braccio_yolo_sorting', 'symlink_install': False, 'test_result_base': None}
[0.168s] INFO:colcon.colcon_core.executor:Executing jobs using 'parallel' executor
[0.169s] DEBUG:colcon.colcon_parallel_executor.executor.parallel:run_until_complete
[0.169s] INFO:colcon.colcon_ros.task.ament_cmake.build:Building ROS package in '/home/sachin/ros2_pick_n_place/src/braccio_description' with build type 'ament_cmake'
[0.169s] INFO:colcon.colcon_cmake.task.cmake.build:Building CMake package in '/home/sachin/ros2_pick_n_place/src/braccio_description'
[0.170s] INFO:colcon.colcon_core.plugin_system:Skipping extension 'colcon_core.shell.bat': Not used on non-Windows systems
[0.170s] INFO:colcon.colcon_core.shell:Skip shell extension 'powershell' for command environment: Not usable outside of PowerShell
[0.170s] DEBUG:colcon.colcon_core.shell:Skip shell extension 'dsv' for command environment
[0.177s] DEBUG:colcon.colcon_core.event_handler.log_command:Invoking command in '/home/sachin/ros2_pick_n_place/build/braccio_description': CMAKE_PREFIX_PATH=${CMAKE_PREFIX_PATH}:/home/sachin/ros2_pick_n_place/install/braccio_yolo_sorting:/home/sachin/pnp_ws/install/braccio_yolo_sorting:/opt/ros/jazzy DEBUGINFOD_URLS=https://debuginfod.ubuntu.com PS1=(.ros2_venv) \[\e]0;\u@\h: \w\a\]${debian_chroot:+($debian_chroot)}\[\033[01;32m\]\u@\h\[\033[00m\]:\[\033[01;34m\]\w\[\033[00m\]\$ VIRTUAL_ENV_PROMPT=(.ros2_venv) /usr/bin/cmake --build /home/sachin/ros2_pick_n_place/build/braccio_description -- -j12 -l12
[0.212s] DEBUG:colcon.colcon_core.event_handler.log_command:Invoked command in '/home/sachin/ros2_pick_n_place/build/braccio_description' returned '0': CMAKE_PREFIX_PATH=${CMAKE_PREFIX_PATH}:/home/sachin/ros2_pick_n_place/install/braccio_yolo_sorting:/home/sachin/pnp_ws/install/braccio_yolo_sorting:/opt/ros/jazzy DEBUGINFOD_URLS=https://debuginfod.ubuntu.com PS1=(.ros2_venv) \[\e]0;\u@\h: \w\a\]${debian_chroot:+($debian_chroot)}\[\033[01;32m\]\u@\h\[\033[00m\]:\[\033[01;34m\]\w\[\033[00m\]\$ VIRTUAL_ENV_PROMPT=(.ros2_venv) /usr/bin/cmake --build /home/sachin/ros2_pick_n_place/build/braccio_description -- -j12 -l12
[0.222s] DEBUG:colcon.colcon_core.event_handler.log_command:Invoking command in '/home/sachin/ros2_pick_n_place/build/braccio_description': CMAKE_PREFIX_PATH=${CMAKE_PREFIX_PATH}:/home/sachin/ros2_pick_n_place/install/braccio_yolo_sorting:/home/sachin/pnp_ws/install/braccio_yolo_sorting:/opt/ros/jazzy DEBUGINFOD_URLS=https://debuginfod.ubuntu.com PS1=(.ros2_venv) \[\e]0;\u@\h: \w\a\]${debian_chroot:+($debian_chroot)}\[\033[01;32m\]\u@\h\[\033[00m\]:\[\033[01;34m\]\w\[\033[00m\]\$ VIRTUAL_ENV_PROMPT=(.ros2_venv) /usr/bin/cmake --install /home/sachin/ros2_pick_n_place/build/braccio_description
[0.234s] Level 1:colcon.colcon_core.environment:create_environment_scripts_only(braccio_description)
[0.234s] DEBUG:colcon.colcon_core.event_handler.log_command:Invoked command in '/home/sachin/ros2_pick_n_place/build/braccio_description' returned '0': CMAKE_PREFIX_PATH=${CMAKE_PREFIX_PATH}:/home/sachin/ros2_pick_n_place/install/braccio_yolo_sorting:/home/sachin/pnp_ws/install/braccio_yolo_sorting:/opt/ros/jazzy DEBUGINFOD_URLS=https://debuginfod.ubuntu.com PS1=(.ros2_venv) \[\e]0;\u@\h: \w\a\]${debian_chroot:+($debian_chroot)}\[\033[01;32m\]\u@\h\[\033[00m\]:\[\033[01;34m\]\w\[\033[00m\]\$ VIRTUAL_ENV_PROMPT=(.ros2_venv) /usr/bin/cmake --install /home/sachin/ros2_pick_n_place/build/braccio_description
[0.237s] Level 1:colcon.colcon_core.environment:checking '/home/sachin/ros2_pick_n_place/install/braccio_description' for CMake module files
[0.237s] Level 1:colcon.colcon_core.environment:checking '/home/sachin/ros2_pick_n_place/install/braccio_description' for CMake config files
[0.238s] Level 1:colcon.colcon_core.shell:create_environment_hook('braccio_description', 'cmake_prefix_path')
[0.238s] INFO:colcon.colcon_core.shell:Creating environment hook '/home/sachin/ros2_pick_n_place/install/braccio_description/share/braccio_description/hook/cmake_prefix_path.ps1'
[0.238s] INFO:colcon.colcon_core.shell:Creating environment descriptor '/home/sachin/ros2_pick_n_place/install/braccio_description/share/braccio_description/hook/cmake_prefix_path.dsv'
[0.238s] INFO:colcon.colcon_core.shell:Creating environment hook '/home/sachin/ros2_pick_n_place/install/braccio_description/share/braccio_description/hook/cmake_prefix_path.sh'
[0.239s] Level 1:colcon.colcon_core.environment:checking '/home/sachin/ros2_pick_n_place/install/braccio_description/bin'
[0.239s] Level 1:colcon.colcon_core.environment:checking '/home/sachin/ros2_pick_n_place/install/braccio_description/lib/pkgconfig/braccio_description.pc'
[0.239s] Level 1:colcon.colcon_core.environment:checking '/home/sachin/ros2_pick_n_place/install/braccio_description/lib/python3.12/site-packages'
[0.239s] Level 1:colcon.colcon_core.environment:checking '/home/sachin/ros2_pick_n_place/install/braccio_description/bin'
[0.239s] INFO:colcon.colcon_core.shell:Creating package script '/home/sachin/ros2_pick_n_place/install/braccio_description/share/braccio_description/package.ps1'
[0.240s] INFO:colcon.colcon_core.shell:Creating package descriptor '/home/sachin/ros2_pick_n_place/install/braccio_description/share/braccio_description/package.dsv'
[0.240s] INFO:colcon.colcon_core.shell:Creating package script '/home/sachin/ros2_pick_n_place/install/braccio_description/share/braccio_description/package.sh'
[0.241s] INFO:colcon.colcon_core.shell:Creating package script '/home/sachin/ros2_pick_n_place/install/braccio_description/share/braccio_description/package.bash'
[0.241s] INFO:colcon.colcon_core.shell:Creating package script '/home/sachin/ros2_pick_n_place/install/braccio_description/share/braccio_description/package.zsh'
[0.241s] Level 1:colcon.colcon_core.environment:create_file_with_runtime_dependencies(/home/sachin/ros2_pick_n_place/install/braccio_description/share/colcon-core/packages/braccio_description)
[0.241s] Level 1:colcon.colcon_core.environment:create_environment_scripts_only(braccio_description)
[0.242s] Level 1:colcon.colcon_core.environment:checking '/home/sachin/ros2_pick_n_place/install/braccio_description' for CMake module files
[0.242s] Level 1:colcon.colcon_core.environment:checking '/home/sachin/ros2_pick_n_place/install/braccio_description' for CMake config files
[0.242s] Level 1:colcon.colcon_core.shell:create_environment_hook('braccio_description', 'cmake_prefix_path')
[0.242s] INFO:colcon.colcon_core.shell:Creating environment hook '/home/sachin/ros2_pick_n_place/install/braccio_description/share/braccio_description/hook/cmake_prefix_path.ps1'
[0.242s] INFO:colcon.colcon_core.shell:Creating environment descriptor '/home/sachin/ros2_pick_n_place/install/braccio_description/share/braccio_description/hook/cmake_prefix_path.dsv'
[0.242s] INFO:colcon.colcon_core.shell:Creating environment hook '/home/sachin/ros2_pick_n_place/install/braccio_description/share/braccio_description/hook/cmake_prefix_path.sh'
[0.243s] Level 1:colcon.colcon_core.environment:checking '/home/sachin/ros2_pick_n_place/install/braccio_description/bin'
[0.243s] Level 1:colcon.colcon_core.environment:checking '/home/sachin/ros2_pick_n_place/install/braccio_description/lib/pkgconfig/braccio_description.pc'
[0.243s] Level 1:colcon.colcon_core.environment:checking '/home/sachin/ros2_pick_n_place/install/braccio_description/lib/python3.12/site-packages'
[0.243s] Level 1:colcon.colcon_core.environment:checking '/home/sachin/ros2_pick_n_place/install/braccio_description/bin'
[0.243s] INFO:colcon.colcon_core.shell:Creating package script '/home/sachin/ros2_pick_n_place/install/braccio_description/share/braccio_description/package.ps1'
[0.244s] INFO:colcon.colcon_core.shell:Creating package descriptor '/home/sachin/ros2_pick_n_place/install/braccio_description/share/braccio_description/package.dsv'
[0.244s] INFO:colcon.colcon_core.shell:Creating package script '/home/sachin/ros2_pick_n_place/install/braccio_description/share/braccio_description/package.sh'
[0.244s] INFO:colcon.colcon_core.shell:Creating package script '/home/sachin/ros2_pick_n_place/install/braccio_description/share/braccio_description/package.bash'
[0.244s] INFO:colcon.colcon_core.shell:Creating package script '/home/sachin/ros2_pick_n_place/install/braccio_description/share/braccio_description/package.zsh'
[0.244s] Level 1:colcon.colcon_core.environment:create_file_with_runtime_dependencies(/home/sachin/ros2_pick_n_place/install/braccio_description/share/colcon-core/packages/braccio_description)
[0.245s] INFO:colcon.colcon_ros.task.ament_cmake.build:Building ROS package in '/home/sachin/ros2_pick_n_place/src/braccio_gazebo' with build type 'ament_cmake'
[0.245s] INFO:colcon.colcon_cmake.task.cmake.build:Building CMake package in '/home/sachin/ros2_pick_n_place/src/braccio_gazebo'
[0.245s] INFO:colcon.colcon_core.shell:Skip shell extension 'powershell' for command environment: Not usable outside of PowerShell
[0.245s] DEBUG:colcon.colcon_core.shell:Skip shell extension 'dsv' for command environment
[0.248s] INFO:colcon.colcon_ros.task.ament_cmake.build:Building ROS package in '/home/sachin/ros2_pick_n_place/src/braccio_moveit_config' with build type 'ament_cmake'
[0.248s] INFO:colcon.colcon_cmake.task.cmake.build:Building CMake package in '/home/sachin/ros2_pick_n_place/src/braccio_moveit_config'
[0.249s] INFO:colcon.colcon_core.shell:Skip shell extension 'powershell' for command environment: Not usable outside of PowerShell
[0.249s] DEBUG:colcon.colcon_core.shell:Skip shell extension 'dsv' for command environment
[0.256s] DEBUG:colcon.colcon_core.event_handler.log_command:Invoking command in '/home/sachin/ros2_pick_n_place/build/braccio_gazebo': CMAKE_PREFIX_PATH=/home/sachin/ros2_pick_n_place/install/braccio_description:/home/sachin/ros2_pick_n_place/install/braccio_moveit_config:/home/sachin/ros2_pick_n_place/install/braccio_gazebo:/home/sachin/pnp_ws/install/braccio_moveit_config:/home/sachin/pnp_ws/install/braccio_gazebo:/home/sachin/pnp_ws/install/braccio_description:/home/sachin/pnp_ws/src/install/braccio_description:/opt/ros/jazzy/opt/gz_sim_vendor:/opt/ros/jazzy/opt/gz_sensors_vendor:/opt/ros/jazzy/opt/gz_physics_vendor:/opt/ros/jazzy/opt/sdformat_vendor:/opt/ros/jazzy/opt/gz_gui_vendor:/opt/ros/jazzy/opt/gz_transport_vendor:/opt/ros/jazzy/opt/gz_rendering_vendor:/opt/ros/jazzy/opt/gz_plugin_vendor:/opt/ros/jazzy/opt/gz_fuel_tools_vendor:/opt/ros/jazzy/opt/gz_msgs_vendor:/opt/ros/jazzy/opt/gz_common_vendor:/opt/ros/jazzy/opt/gz_math_vendor:/opt/ros/jazzy/opt/gz_utils_vendor:/opt/ros/jazzy/opt/gz_tools_vendor:/opt/ros/jazzy/opt/gz_ogre_next_vendor:/opt/ros/jazzy/opt/gz_dartsim_vendor:/opt/ros/jazzy/opt/gz_cmake_vendor:/home/sachin/ros2_pick_n_place/install/braccio_yolo_sorting:/home/sachin/pnp_ws/install/braccio_yolo_sorting:/opt/ros/jazzy DEBUGINFOD_URLS=https://debuginfod.ubuntu.com PS1=(.ros2_venv) \[\e]0;\u@\h: \w\a\]${debian_chroot:+($debian_chroot)}\[\033[01;32m\]\u@\h\[\033[00m\]:\[\033[01;34m\]\w\[\033[00m\]\$ VIRTUAL_ENV_PROMPT=(.ros2_venv) /usr/bin/cmake --build /home/sachin/ros2_pick_n_place/build/braccio_gazebo -- -j12 -l12
[0.258s] DEBUG:colcon.colcon_core.event_handler.log_command:Invoking command in '/home/sachin/ros2_pick_n_place/build/braccio_moveit_config': CMAKE_PREFIX_PATH=/home/sachin/ros2_pick_n_place/install/braccio_description:/home/sachin/ros2_pick_n_place/install/braccio_moveit_config:/home/sachin/ros2_pick_n_place/install/braccio_gazebo:/home/sachin/pnp_ws/install/braccio_moveit_config:/home/sachin/pnp_ws/install/braccio_gazebo:/home/sachin/pnp_ws/install/braccio_description:/home/sachin/pnp_ws/src/install/braccio_description:/opt/ros/jazzy/opt/gz_sim_vendor:/opt/ros/jazzy/opt/gz_sensors_vendor:/opt/ros/jazzy/opt/gz_physics_vendor:/opt/ros/jazzy/opt/sdformat_vendor:/opt/ros/jazzy/opt/gz_gui_vendor:/opt/ros/jazzy/opt/gz_transport_vendor:/opt/ros/jazzy/opt/gz_rendering_vendor:/opt/ros/jazzy/opt/gz_plugin_vendor:/opt/ros/jazzy/opt/gz_fuel_tools_vendor:/opt/ros/jazzy/opt/gz_msgs_vendor:/opt/ros/jazzy/opt/gz_common_vendor:/opt/ros/jazzy/opt/gz_math_vendor:/opt/ros/jazzy/opt/gz_utils_vendor:/opt/ros/jazzy/opt/gz_tools_vendor:/opt/ros/jazzy/opt/gz_ogre_next_vendor:/opt/ros/jazzy/opt/gz_dartsim_vendor:/opt/ros/jazzy/opt/gz_cmake_vendor:/home/sachin/ros2_pick_n_place/install/braccio_yolo_sorting:/home/sachin/pnp_ws/install/braccio_yolo_sorting:/opt/ros/jazzy DEBUGINFOD_URLS=https://debuginfod.ubuntu.com PS1=(.ros2_venv) \[\e]0;\u@\h: \w\a\]${debian_chroot:+($debian_chroot)}\[\033[01;32m\]\u@\h\[\033[00m\]:\[\033[01;34m\]\w\[\033[00m\]\$ VIRTUAL_ENV_PROMPT=(.ros2_venv) /usr/bin/cmake --build /home/sachin/ros2_pick_n_place/build/braccio_moveit_config -- -j12 -l12
[0.290s] DEBUG:colcon.colcon_core.event_handler.log_command:Invoked command in '/home/sachin/ros2_pick_n_place/build/braccio_moveit_config' returned '0': CMAKE_PREFIX_PATH=/home/sachin/ros2_pick_n_place/install/braccio_description:/home/sachin/ros2_pick_n_place/install/braccio_moveit_config:/home/sachin/ros2_pick_n_place/install/braccio_gazebo:/home/sachin/pnp_ws/install/braccio_moveit_config:/home/sachin/pnp_ws/install/braccio_gazebo:/home/sachin/pnp_ws/install/braccio_description:/home/sachin/pnp_ws/src/install/braccio_description:/opt/ros/jazzy/opt/gz_sim_vendor:/opt/ros/jazzy/opt/gz_sensors_vendor:/opt/ros/jazzy/opt/gz_physics_vendor:/opt/ros/jazzy/opt/sdformat_vendor:/opt/ros/jazzy/opt/gz_gui_vendor:/opt/ros/jazzy/opt/gz_transport_vendor:/opt/ros/jazzy/opt/gz_rendering_vendor:/opt/ros/jazzy/opt/gz_plugin_vendor:/opt/ros/jazzy/opt/gz_fuel_tools_vendor:/opt/ros/jazzy/opt/gz_msgs_vendor:/opt/ros/jazzy/opt/gz_common_vendor:/opt/ros/jazzy/opt/gz_math_vendor:/opt/ros/jazzy/opt/gz_utils_vendor:/opt/ros/jazzy/opt/gz_tools_vendor:/opt/ros/jazzy/opt/gz_ogre_next_vendor:/opt/ros/jazzy/opt/gz_dartsim_vendor:/opt/ros/jazzy/opt/gz_cmake_vendor:/home/sachin/ros2_pick_n_place/install/braccio_yolo_sorting:/home/sachin/pnp_ws/install/braccio_yolo_sorting:/opt/ros/jazzy DEBUGINFOD_URLS=https://debuginfod.ubuntu.com PS1=(.ros2_venv) \[\e]0;\u@\h: \w\a\]${debian_chroot:+($debian_chroot)}\[\033[01;32m\]\u@\h\[\033[00m\]:\[\033[01;34m\]\w\[\033[00m\]\$ VIRTUAL_ENV_PROMPT=(.ros2_venv) /usr/bin/cmake --build /home/sachin/ros2_pick_n_place/build/braccio_moveit_config -- -j12 -l12
[0.290s] DEBUG:colcon.colcon_core.event_handler.log_command:Invoking command in '/home/sachin/ros2_pick_n_place/build/braccio_moveit_config': CMAKE_PREFIX_PATH=/home/sachin/ros2_pick_n_place/install/braccio_description:/home/sachin/ros2_pick_n_place/install/braccio_moveit_config:/home/sachin/ros2_pick_n_place/install/braccio_gazebo:/home/sachin/pnp_ws/install/braccio_moveit_config:/home/sachin/pnp_ws/install/braccio_gazebo:/home/sachin/pnp_ws/install/braccio_description:/home/sachin/pnp_ws/src/install/braccio_description:/opt/ros/jazzy/opt/gz_sim_vendor:/opt/ros/jazzy/opt/gz_sensors_vendor:/opt/ros/jazzy/opt/gz_physics_vendor:/opt/ros/jazzy/opt/sdformat_vendor:/opt/ros/jazzy/opt/gz_gui_vendor:/opt/ros/jazzy/opt/gz_transport_vendor:/opt/ros/jazzy/opt/gz_rendering_vendor:/opt/ros/jazzy/opt/gz_plugin_vendor:/opt/ros/jazzy/opt/gz_fuel_tools_vendor:/opt/ros/jazzy/opt/gz_msgs_vendor:/opt/ros/jazzy/opt/gz_common_vendor:/opt/ros/jazzy/opt/gz_math_vendor:/opt/ros/jazzy/opt/gz_utils_vendor:/opt/ros/jazzy/opt/gz_tools_vendor:/opt/ros/jazzy/opt/gz_ogre_next_vendor:/opt/ros/jazzy/opt/gz_dartsim_vendor:/opt/ros/jazzy/opt/gz_cmake_vendor:/home/sachin/ros2_pick_n_place/install/braccio_yolo_sorting:/home/sachin/pnp_ws/install/braccio_yolo_sorting:/opt/ros/jazzy DEBUGINFOD_URLS=https://debuginfod.ubuntu.com PS1=(.ros2_venv) \[\e]0;\u@\h: \w\a\]${debian_chroot:+($debian_chroot)}\[\033[01;32m\]\u@\h\[\033[00m\]:\[\033[01;34m\]\w\[\033[00m\]\$ VIRTUAL_ENV_PROMPT=(.ros2_venv) /usr/bin/cmake --install /home/sachin/ros2_pick_n_place/build/braccio_moveit_config
[0.291s] DEBUG:colcon.colcon_core.event_handler.log_command:Invoked command in '/home/sachin/ros2_pick_n_place/build/braccio_gazebo' returned '0': CMAKE_PREFIX_PATH=/home/sachin/ros2_pick_n_place/install/braccio_description:/home/sachin/ros2_pick_n_place/install/braccio_moveit_config:/home/sachin/ros2_pick_n_place/install/braccio_gazebo:/home/sachin/pnp_ws/install/braccio_moveit_config:/home/sachin/pnp_ws/install/braccio_gazebo:/home/sachin/pnp_ws/install/braccio_description:/home/sachin/pnp_ws/src/install/braccio_description:/opt/ros/jazzy/opt/gz_sim_vendor:/opt/ros/jazzy/opt/gz_sensors_vendor:/opt/ros/jazzy/opt/gz_physics_vendor:/opt/ros/jazzy/opt/sdformat_vendor:/opt/ros/jazzy/opt/gz_gui_vendor:/opt/ros/jazzy/opt/gz_transport_vendor:/opt/ros/jazzy/opt/gz_rendering_vendor:/opt/ros/jazzy/opt/gz_plugin_vendor:/opt/ros/jazzy/opt/gz_fuel_tools_vendor:/opt/ros/jazzy/opt/gz_msgs_vendor:/opt/ros/jazzy/opt/gz_common_vendor:/opt/ros/jazzy/opt/gz_math_vendor:/opt/ros/jazzy/opt/gz_utils_vendor:/opt/ros/jazzy/opt/gz_tools_vendor:/opt/ros/jazzy/opt/gz_ogre_next_vendor:/opt/ros/jazzy/opt/gz_dartsim_vendor:/opt/ros/jazzy/opt/gz_cmake_vendor:/home/sachin/ros2_pick_n_place/install/braccio_yolo_sorting:/home/sachin/pnp_ws/install/braccio_yolo_sorting:/opt/ros/jazzy DEBUGINFOD_URLS=https://debuginfod.ubuntu.com PS1=(.ros2_venv) \[\e]0;\u@\h: \w\a\]${debian_chroot:+($debian_chroot)}\[\033[01;32m\]\u@\h\[\033[00m\]:\[\033[01;34m\]\w\[\033[00m\]\$ VIRTUAL_ENV_PROMPT=(.ros2_venv) /usr/bin/cmake --build /home/sachin/ros2_pick_n_place/build/braccio_gazebo -- -j12 -l12
[0.291s] DEBUG:colcon.colcon_core.event_handler.log_command:Invoking command in '/home/sachin/ros2_pick_n_place/build/braccio_gazebo': CMAKE_PREFIX_PATH=/home/sachin/ros2_pick_n_place/install/braccio_description:/home/sachin/ros2_pick_n_place/install/braccio_moveit_config:/home/sachin/ros2_pick_n_place/install/braccio_gazebo:/home/sachin/pnp_ws/install/braccio_moveit_config:/home/sachin/pnp_ws/install/braccio_gazebo:/home/sachin/pnp_ws/install/braccio_description:/home/sachin/pnp_ws/src/install/braccio_description:/opt/ros/jazzy/opt/gz_sim_vendor:/opt/ros/jazzy/opt/gz_sensors_vendor:/opt/ros/jazzy/opt/gz_physics_vendor:/opt/ros/jazzy/opt/sdformat_vendor:/opt/ros/jazzy/opt/gz_gui_vendor:/opt/ros/jazzy/opt/gz_transport_vendor:/opt/ros/jazzy/opt/gz_rendering_vendor:/opt/ros/jazzy/opt/gz_plugin_vendor:/opt/ros/jazzy/opt/gz_fuel_tools_vendor:/opt/ros/jazzy/opt/gz_msgs_vendor:/opt/ros/jazzy/opt/gz_common_vendor:/opt/ros/jazzy/opt/gz_math_vendor:/opt/ros/jazzy/opt/gz_utils_vendor:/opt/ros/jazzy/opt/gz_tools_vendor:/opt/ros/jazzy/opt/gz_ogre_next_vendor:/opt/ros/jazzy/opt/gz_dartsim_vendor:/opt/ros/jazzy/opt/gz_cmake_vendor:/home/sachin/ros2_pick_n_place/install/braccio_yolo_sorting:/home/sachin/pnp_ws/install/braccio_yolo_sorting:/opt/ros/jazzy DEBUGINFOD_URLS=https://debuginfod.ubuntu.com PS1=(.ros2_venv) \[\e]0;\u@\h: \w\a\]${debian_chroot:+($debian_chroot)}\[\033[01;32m\]\u@\h\[\033[00m\]:\[\033[01;34m\]\w\[\033[00m\]\$ VIRTUAL_ENV_PROMPT=(.ros2_venv) /usr/bin/cmake --install /home/sachin/ros2_pick_n_place/build/braccio_gazebo
[0.301s] Level 1:colcon.colcon_core.environment:create_environment_scripts_only(braccio_gazebo)
[0.301s] Level 1:colcon.colcon_core.environment:checking '/home/sachin/ros2_pick_n_place/install/braccio_gazebo' for CMake module files
[0.301s] DEBUG:colcon.colcon_core.event_handler.log_command:Invoked command in '/home/sachin/ros2_pick_n_place/build/braccio_gazebo' returned '0': CMAKE_PREFIX_PATH=/home/sachin/ros2_pick_n_place/install/braccio_description:/home/sachin/ros2_pick_n_place/install/braccio_moveit_config:/home/sachin/ros2_pick_n_place/install/braccio_gazebo:/home/sachin/pnp_ws/install/braccio_moveit_config:/home/sachin/pnp_ws/install/braccio_gazebo:/home/sachin/pnp_ws/install/braccio_description:/home/sachin/pnp_ws/src/install/braccio_description:/opt/ros/jazzy/opt/gz_sim_vendor:/opt/ros/jazzy/opt/gz_sensors_vendor:/opt/ros/jazzy/opt/gz_physics_vendor:/opt/ros/jazzy/opt/sdformat_vendor:/opt/ros/jazzy/opt/gz_gui_vendor:/opt/ros/jazzy/opt/gz_transport_vendor:/opt/ros/jazzy/opt/gz_rendering_vendor:/opt/ros/jazzy/opt/gz_plugin_vendor:/opt/ros/jazzy/opt/gz_fuel_tools_vendor:/opt/ros/jazzy/opt/gz_msgs_vendor:/opt/ros/jazzy/opt/gz_common_vendor:/opt/ros/jazzy/opt/gz_math_vendor:/opt/ros/jazzy/opt/gz_utils_vendor:/opt/ros/jazzy/opt/gz_tools_vendor:/opt/ros/jazzy/opt/gz_ogre_next_vendor:/opt/ros/jazzy/opt/gz_dartsim_vendor:/opt/ros/jazzy/opt/gz_cmake_vendor:/home/sachin/ros2_pick_n_place/install/braccio_yolo_sorting:/home/sachin/pnp_ws/install/braccio_yolo_sorting:/opt/ros/jazzy DEBUGINFOD_URLS=https://debuginfod.ubuntu.com PS1=(.ros2_venv) \[\e]0;\u@\h: \w\a\]${debian_chroot:+($debian_chroot)}\[\033[01;32m\]\u@\h\[\033[00m\]:\[\033[01;34m\]\w\[\033[00m\]\$ VIRTUAL_ENV_PROMPT=(.ros2_venv) /usr/bin/cmake --install /home/sachin/ros2_pick_n_place/build/braccio_gazebo
[0.302s] Level 1:colcon.colcon_core.environment:checking '/home/sachin/ros2_pick_n_place/install/braccio_gazebo' for CMake config files
[0.302s] Level 1:colcon.colcon_core.shell:create_environment_hook('braccio_gazebo', 'cmake_prefix_path')
[0.302s] INFO:colcon.colcon_core.shell:Creating environment hook '/home/sachin/ros2_pick_n_place/install/braccio_gazebo/share/braccio_gazebo/hook/cmake_prefix_path.ps1'
[0.302s] INFO:colcon.colcon_core.shell:Creating environment descriptor '/home/sachin/ros2_pick_n_place/install/braccio_gazebo/share/braccio_gazebo/hook/cmake_prefix_path.dsv'
[0.302s] INFO:colcon.colcon_core.shell:Creating environment hook '/home/sachin/ros2_pick_n_place/install/braccio_gazebo/share/braccio_gazebo/hook/cmake_prefix_path.sh'
[0.303s] Level 1:colcon.colcon_core.environment:checking '/home/sachin/ros2_pick_n_place/install/braccio_gazebo/bin'
[0.303s] Level 1:colcon.colcon_core.environment:checking '/home/sachin/ros2_pick_n_place/install/braccio_gazebo/lib/pkgconfig/braccio_gazebo.pc'
[0.303s] Level 1:colcon.colcon_core.environment:checking '/home/sachin/ros2_pick_n_place/install/braccio_gazebo/lib/python3.12/site-packages'
[0.303s] Level 1:colcon.colcon_core.environment:checking '/home/sachin/ros2_pick_n_place/install/braccio_gazebo/bin'
[0.303s] INFO:colcon.colcon_core.shell:Creating package script '/home/sachin/ros2_pick_n_place/install/braccio_gazebo/share/braccio_gazebo/package.ps1'
[0.303s] INFO:colcon.colcon_core.shell:Creating package descriptor '/home/sachin/ros2_pick_n_place/install/braccio_gazebo/share/braccio_gazebo/package.dsv'
[0.304s] INFO:colcon.colcon_core.shell:Creating package script '/home/sachin/ros2_pick_n_place/install/braccio_gazebo/share/braccio_gazebo/package.sh'
[0.304s] INFO:colcon.colcon_core.shell:Creating package script '/home/sachin/ros2_pick_n_place/install/braccio_gazebo/share/braccio_gazebo/package.bash'
[0.304s] INFO:colcon.colcon_core.shell:Creating package script '/home/sachin/ros2_pick_n_place/install/braccio_gazebo/share/braccio_gazebo/package.zsh'
[0.304s] Level 1:colcon.colcon_core.environment:create_file_with_runtime_dependencies(/home/sachin/ros2_pick_n_place/install/braccio_gazebo/share/colcon-core/packages/braccio_gazebo)
[0.304s] Level 1:colcon.colcon_core.environment:create_environment_scripts_only(braccio_gazebo)
[0.304s] Level 1:colcon.colcon_core.environment:checking '/home/sachin/ros2_pick_n_place/install/braccio_gazebo' for CMake module files
[0.305s] Level 1:colcon.colcon_core.environment:checking '/home/sachin/ros2_pick_n_place/install/braccio_gazebo' for CMake config files
[0.305s] Level 1:colcon.colcon_core.shell:create_environment_hook('braccio_gazebo', 'cmake_prefix_path')
[0.305s] INFO:colcon.colcon_core.shell:Creating environment hook '/home/sachin/ros2_pick_n_place/install/braccio_gazebo/share/braccio_gazebo/hook/cmake_prefix_path.ps1'
[0.305s] INFO:colcon.colcon_core.shell:Creating environment descriptor '/home/sachin/ros2_pick_n_place/install/braccio_gazebo/share/braccio_gazebo/hook/cmake_prefix_path.dsv'
[0.305s] INFO:colcon.colcon_core.shell:Creating environment hook '/home/sachin/ros2_pick_n_place/install/braccio_gazebo/share/braccio_gazebo/hook/cmake_prefix_path.sh'
[0.306s] Level 1:colcon.colcon_core.environment:checking '/home/sachin/ros2_pick_n_place/install/braccio_gazebo/bin'
[0.306s] Level 1:colcon.colcon_core.environment:checking '/home/sachin/ros2_pick_n_place/install/braccio_gazebo/lib/pkgconfig/braccio_gazebo.pc'
[0.306s] Level 1:colcon.colcon_core.environment:checking '/home/sachin/ros2_pick_n_place/install/braccio_gazebo/lib/python3.12/site-packages'
[0.306s] Level 1:colcon.colcon_core.environment:checking '/home/sachin/ros2_pick_n_place/install/braccio_gazebo/bin'
[0.306s] INFO:colcon.colcon_core.shell:Creating package script '/home/sachin/ros2_pick_n_place/install/braccio_gazebo/share/braccio_gazebo/package.ps1'
[0.306s] INFO:colcon.colcon_core.shell:Creating package descriptor '/home/sachin/ros2_pick_n_place/install/braccio_gazebo/share/braccio_gazebo/package.dsv'
[0.307s] INFO:colcon.colcon_core.shell:Creating package script '/home/sachin/ros2_pick_n_place/install/braccio_gazebo/share/braccio_gazebo/package.sh'
[0.307s] INFO:colcon.colcon_core.shell:Creating package script '/home/sachin/ros2_pick_n_place/install/braccio_gazebo/share/braccio_gazebo/package.bash'
[0.307s] INFO:colcon.colcon_core.shell:Creating package script '/home/sachin/ros2_pick_n_place/install/braccio_gazebo/share/braccio_gazebo/package.zsh'
[0.307s] Level 1:colcon.colcon_core.environment:create_file_with_runtime_dependencies(/home/sachin/ros2_pick_n_place/install/braccio_gazebo/share/colcon-core/packages/braccio_gazebo)
[0.307s] Level 1:colcon.colcon_core.environment:create_environment_scripts_only(braccio_moveit_config)
[0.307s] Level 1:colcon.colcon_core.environment:checking '/home/sachin/ros2_pick_n_place/install/braccio_moveit_config' for CMake module files
[0.308s] DEBUG:colcon.colcon_core.event_handler.log_command:Invoked command in '/home/sachin/ros2_pick_n_place/build/braccio_moveit_config' returned '0': CMAKE_PREFIX_PATH=/home/sachin/ros2_pick_n_place/install/braccio_description:/home/sachin/ros2_pick_n_place/install/braccio_moveit_config:/home/sachin/ros2_pick_n_place/install/braccio_gazebo:/home/sachin/pnp_ws/install/braccio_moveit_config:/home/sachin/pnp_ws/install/braccio_gazebo:/home/sachin/pnp_ws/install/braccio_description:/home/sachin/pnp_ws/src/install/braccio_description:/opt/ros/jazzy/opt/gz_sim_vendor:/opt/ros/jazzy/opt/gz_sensors_vendor:/opt/ros/jazzy/opt/gz_physics_vendor:/opt/ros/jazzy/opt/sdformat_vendor:/opt/ros/jazzy/opt/gz_gui_vendor:/opt/ros/jazzy/opt/gz_transport_vendor:/opt/ros/jazzy/opt/gz_rendering_vendor:/opt/ros/jazzy/opt/gz_plugin_vendor:/opt/ros/jazzy/opt/gz_fuel_tools_vendor:/opt/ros/jazzy/opt/gz_msgs_vendor:/opt/ros/jazzy/opt/gz_common_vendor:/opt/ros/jazzy/opt/gz_math_vendor:/opt/ros/jazzy/opt/gz_utils_vendor:/opt/ros/jazzy/opt/gz_tools_vendor:/opt/ros/jazzy/opt/gz_ogre_next_vendor:/opt/ros/jazzy/opt/gz_dartsim_vendor:/opt/ros/jazzy/opt/gz_cmake_vendor:/home/sachin/ros2_pick_n_place/install/braccio_yolo_sorting:/home/sachin/pnp_ws/install/braccio_yolo_sorting:/opt/ros/jazzy DEBUGINFOD_URLS=https://debuginfod.ubuntu.com PS1=(.ros2_venv) \[\e]0;\u@\h: \w\a\]${debian_chroot:+($debian_chroot)}\[\033[01;32m\]\u@\h\[\033[00m\]:\[\033[01;34m\]\w\[\033[00m\]\$ VIRTUAL_ENV_PROMPT=(.ros2_venv) /usr/bin/cmake --install /home/sachin/ros2_pick_n_place/build/braccio_moveit_config
[0.308s] Level 1:colcon.colcon_core.environment:checking '/home/sachin/ros2_pick_n_place/install/braccio_moveit_config' for CMake config files
[0.308s] Level 1:colcon.colcon_core.shell:create_environment_hook('braccio_moveit_config', 'cmake_prefix_path')
[0.308s] INFO:colcon.colcon_core.shell:Creating environment hook '/home/sachin/ros2_pick_n_place/install/braccio_moveit_config/share/braccio_moveit_config/hook/cmake_prefix_path.ps1'
[0.309s] INFO:colcon.colcon_core.shell:Creating environment descriptor '/home/sachin/ros2_pick_n_place/install/braccio_moveit_config/share/braccio_moveit_config/hook/cmake_prefix_path.dsv'
[0.309s] INFO:colcon.colcon_core.shell:Creating environment hook '/home/sachin/ros2_pick_n_place/install/braccio_moveit_config/share/braccio_moveit_config/hook/cmake_prefix_path.sh'
[0.309s] Level 1:colcon.colcon_core.environment:checking '/home/sachin/ros2_pick_n_place/install/braccio_moveit_config/bin'
[0.309s] Level 1:colcon.colcon_core.environment:checking '/home/sachin/ros2_pick_n_place/install/braccio_moveit_config/lib/pkgconfig/braccio_moveit_config.pc'
[0.310s] Level 1:colcon.colcon_core.environment:checking '/home/sachin/ros2_pick_n_place/install/braccio_moveit_config/lib/python3.12/site-packages'
[0.310s] Level 1:colcon.colcon_core.environment:checking '/home/sachin/ros2_pick_n_place/install/braccio_moveit_config/bin'
[0.310s] INFO:colcon.colcon_core.shell:Creating package script '/home/sachin/ros2_pick_n_place/install/braccio_moveit_config/share/braccio_moveit_config/package.ps1'
[0.310s] INFO:colcon.colcon_core.shell:Creating package descriptor '/home/sachin/ros2_pick_n_place/install/braccio_moveit_config/share/braccio_moveit_config/package.dsv'
[0.311s] INFO:colcon.colcon_core.shell:Creating package script '/home/sachin/ros2_pick_n_place/install/braccio_moveit_config/share/braccio_moveit_config/package.sh'
[0.311s] INFO:colcon.colcon_core.shell:Creating package script '/home/sachin/ros2_pick_n_place/install/braccio_moveit_config/share/braccio_moveit_config/package.bash'
[0.311s] INFO:colcon.colcon_core.shell:Creating package script '/home/sachin/ros2_pick_n_place/install/braccio_moveit_config/share/braccio_moveit_config/package.zsh'
[0.311s] Level 1:colcon.colcon_core.environment:create_file_with_runtime_dependencies(/home/sachin/ros2_pick_n_place/install/braccio_moveit_config/share/colcon-core/packages/braccio_moveit_config)
[0.311s] Level 1:colcon.colcon_core.environment:create_environment_scripts_only(braccio_moveit_config)
[0.312s] Level 1:colcon.colcon_core.environment:checking '/home/sachin/ros2_pick_n_place/install/braccio_moveit_config' for CMake module files
[0.312s] Level 1:colcon.colcon_core.environment:checking '/home/sachin/ros2_pick_n_place/install/braccio_moveit_config' for CMake config files
[0.312s] Level 1:colcon.colcon_core.shell:create_environment_hook('braccio_moveit_config', 'cmake_prefix_path')
[0.312s] INFO:colcon.colcon_core.shell:Creating environment hook '/home/sachin/ros2_pick_n_place/install/braccio_moveit_config/share/braccio_moveit_config/hook/cmake_prefix_path.ps1'
[0.312s] INFO:colcon.colcon_core.shell:Creating environment descriptor '/home/sachin/ros2_pick_n_place/install/braccio_moveit_config/share/braccio_moveit_config/hook/cmake_prefix_path.dsv'
[0.312s] INFO:colcon.colcon_core.shell:Creating environment hook '/home/sachin/ros2_pick_n_place/install/braccio_moveit_config/share/braccio_moveit_config/hook/cmake_prefix_path.sh'
[0.313s] Level 1:colcon.colcon_core.environment:checking '/home/sachin/ros2_pick_n_place/install/braccio_moveit_config/bin'
[0.313s] Level 1:colcon.colcon_core.environment:checking '/home/sachin/ros2_pick_n_place/install/braccio_moveit_config/lib/pkgconfig/braccio_moveit_config.pc'
[0.313s] Level 1:colcon.colcon_core.environment:checking '/home/sachin/ros2_pick_n_place/install/braccio_moveit_config/lib/python3.12/site-packages'
[0.313s] Level 1:colcon.colcon_core.environment:checking '/home/sachin/ros2_pick_n_place/install/braccio_moveit_config/bin'
[0.313s] INFO:colcon.colcon_core.shell:Creating package script '/home/sachin/ros2_pick_n_place/install/braccio_moveit_config/share/braccio_moveit_config/package.ps1'
[0.313s] INFO:colcon.colcon_core.shell:Creating package descriptor '/home/sachin/ros2_pick_n_place/install/braccio_moveit_config/share/braccio_moveit_config/package.dsv'
[0.314s] INFO:colcon.colcon_core.shell:Creating package script '/home/sachin/ros2_pick_n_place/install/braccio_moveit_config/share/braccio_moveit_config/package.sh'
[0.314s] INFO:colcon.colcon_core.shell:Creating package script '/home/sachin/ros2_pick_n_place/install/braccio_moveit_config/share/braccio_moveit_config/package.bash'
[0.314s] INFO:colcon.colcon_core.shell:Creating package script '/home/sachin/ros2_pick_n_place/install/braccio_moveit_config/share/braccio_moveit_config/package.zsh'
[0.314s] Level 1:colcon.colcon_core.environment:create_file_with_runtime_dependencies(/home/sachin/ros2_pick_n_place/install/braccio_moveit_config/share/colcon-core/packages/braccio_moveit_config)
[0.315s] INFO:colcon.colcon_ros.task.ament_python.build:Building ROS package in '/home/sachin/ros2_pick_n_place/src/braccio_yolo_sorting' with build type 'ament_python'
[0.315s] Level 1:colcon.colcon_core.shell:create_environment_hook('braccio_yolo_sorting', 'ament_prefix_path')
[0.315s] INFO:colcon.colcon_core.shell:Creating environment hook '/home/sachin/ros2_pick_n_place/install/braccio_yolo_sorting/share/braccio_yolo_sorting/hook/ament_prefix_path.ps1'
[0.315s] INFO:colcon.colcon_core.shell:Creating environment descriptor '/home/sachin/ros2_pick_n_place/install/braccio_yolo_sorting/share/braccio_yolo_sorting/hook/ament_prefix_path.dsv'
[0.315s] INFO:colcon.colcon_core.shell:Creating environment hook '/home/sachin/ros2_pick_n_place/install/braccio_yolo_sorting/share/braccio_yolo_sorting/hook/ament_prefix_path.sh'
[0.316s] INFO:colcon.colcon_core.shell:Skip shell extension 'powershell' for command environment: Not usable outside of PowerShell
[0.316s] DEBUG:colcon.colcon_core.shell:Skip shell extension 'dsv' for command environment
[0.455s] INFO:colcon.colcon_core.task.python.build:Building Python package in '/home/sachin/ros2_pick_n_place/src/braccio_yolo_sorting'
[0.455s] INFO:colcon.colcon_core.shell:Skip shell extension 'powershell' for command environment: Not usable outside of PowerShell
[0.455s] DEBUG:colcon.colcon_core.shell:Skip shell extension 'dsv' for command environment
[0.815s] DEBUG:colcon.colcon_core.event_handler.log_command:Invoking command in '/home/sachin/ros2_pick_n_place/src/braccio_yolo_sorting': CMAKE_PREFIX_PATH=/home/sachin/ros2_pick_n_place/install/braccio_gazebo:/home/sachin/ros2_pick_n_place/install/braccio_description:/home/sachin/ros2_pick_n_place/install/braccio_moveit_config:/home/sachin/pnp_ws/install/braccio_moveit_config:/home/sachin/pnp_ws/install/braccio_gazebo:/home/sachin/pnp_ws/install/braccio_description:/home/sachin/pnp_ws/src/install/braccio_description:/opt/ros/jazzy/opt/gz_sim_vendor:/opt/ros/jazzy/opt/gz_sensors_vendor:/opt/ros/jazzy/opt/gz_physics_vendor:/opt/ros/jazzy/opt/sdformat_vendor:/opt/ros/jazzy/opt/gz_gui_vendor:/opt/ros/jazzy/opt/gz_transport_vendor:/opt/ros/jazzy/opt/gz_rendering_vendor:/opt/ros/jazzy/opt/gz_plugin_vendor:/opt/ros/jazzy/opt/gz_fuel_tools_vendor:/opt/ros/jazzy/opt/gz_msgs_vendor:/opt/ros/jazzy/opt/gz_common_vendor:/opt/ros/jazzy/opt/gz_math_vendor:/opt/ros/jazzy/opt/gz_utils_vendor:/opt/ros/jazzy/opt/gz_tools_vendor:/opt/ros/jazzy/opt/gz_ogre_next_vendor:/opt/ros/jazzy/opt/gz_dartsim_vendor:/opt/ros/jazzy/opt/gz_cmake_vendor DEBUGINFOD_URLS=https://debuginfod.ubuntu.com PS1=(.ros2_venv) \[\e]0;\u@\h: \w\a\]${debian_chroot:+($debian_chroot)}\[\033[01;32m\]\u@\h\[\033[00m\]:\[\033[01;34m\]\w\[\033[00m\]\$ PYTHONPATH=/home/sachin/ros2_pick_n_place/build/braccio_yolo_sorting/prefix_override:/usr/lib/python3/dist-packages/colcon_core/task/python/colcon_distutils_commands:/home/sachin/ros2_pick_n_place/install/braccio_yolo_sorting/lib/python3.12/site-packages:${PYTHONPATH} VIRTUAL_ENV_PROMPT=(.ros2_venv) /usr/bin/python3 -W ignore:setup.py install is deprecated -W ignore:easy_install command is deprecated setup.py egg_info --egg-base ../../build/braccio_yolo_sorting build --build-base /home/sachin/ros2_pick_n_place/build/braccio_yolo_sorting/build install --record /home/sachin/ros2_pick_n_place/build/braccio_yolo_sorting/install.log --single-version-externally-managed install_data
[1.140s] Level 1:colcon.colcon_core.environment:checking '/home/sachin/ros2_pick_n_place/install/braccio_yolo_sorting' for CMake module files
[1.141s] DEBUG:colcon.colcon_core.event_handler.log_command:Invoked command in '/home/sachin/ros2_pick_n_place/src/braccio_yolo_sorting' returned '0': CMAKE_PREFIX_PATH=/home/sachin/ros2_pick_n_place/install/braccio_gazebo:/home/sachin/ros2_pick_n_place/install/braccio_description:/home/sachin/ros2_pick_n_place/install/braccio_moveit_config:/home/sachin/pnp_ws/install/braccio_moveit_config:/home/sachin/pnp_ws/install/braccio_gazebo:/home/sachin/pnp_ws/install/braccio_description:/home/sachin/pnp_ws/src/install/braccio_description:/opt/ros/jazzy/opt/gz_sim_vendor:/opt/ros/jazzy/opt/gz_sensors_vendor:/opt/ros/jazzy/opt/gz_physics_vendor:/opt/ros/jazzy/opt/sdformat_vendor:/opt/ros/jazzy/opt/gz_gui_vendor:/opt/ros/jazzy/opt/gz_transport_vendor:/opt/ros/jazzy/opt/gz_rendering_vendor:/opt/ros/jazzy/opt/gz_plugin_vendor:/opt/ros/jazzy/opt/gz_fuel_tools_vendor:/opt/ros/jazzy/opt/gz_msgs_vendor:/opt/ros/jazzy/opt/gz_common_vendor:/opt/ros/jazzy/opt/gz_math_vendor:/opt/ros/jazzy/opt/gz_utils_vendor:/opt/ros/jazzy/opt/gz_tools_vendor:/opt/ros/jazzy/opt/gz_ogre_next_vendor:/opt/ros/jazzy/opt/gz_dartsim_vendor:/opt/ros/jazzy/opt/gz_cmake_vendor DEBUGINFOD_URLS=https://debuginfod.ubuntu.com PS1=(.ros2_venv) \[\e]0;\u@\h: \w\a\]${debian_chroot:+($debian_chroot)}\[\033[01;32m\]\u@\h\[\033[00m\]:\[\033[01;34m\]\w\[\033[00m\]\$ PYTHONPATH=/home/sachin/ros2_pick_n_place/build/braccio_yolo_sorting/prefix_override:/usr/lib/python3/dist-packages/colcon_core/task/python/colcon_distutils_commands:/home/sachin/ros2_pick_n_place/install/braccio_yolo_sorting/lib/python3.12/site-packages:${PYTHONPATH} VIRTUAL_ENV_PROMPT=(.ros2_venv) /usr/bin/python3 -W ignore:setup.py install is deprecated -W ignore:easy_install command is deprecated setup.py egg_info --egg-base ../../build/braccio_yolo_sorting build --build-base /home/sachin/ros2_pick_n_place/build/braccio_yolo_sorting/build install --record /home/sachin/ros2_pick_n_place/build/braccio_yolo_sorting/install.log --single-version-externally-managed install_data
[1.141s] Level 1:colcon.colcon_core.environment:checking '/home/sachin/ros2_pick_n_place/install/braccio_yolo_sorting' for CMake config files
[1.141s] Level 1:colcon.colcon_core.environment:checking '/home/sachin/ros2_pick_n_place/install/braccio_yolo_sorting/lib'
[1.141s] Level 1:colcon.colcon_core.environment:checking '/home/sachin/ros2_pick_n_place/install/braccio_yolo_sorting/bin'
[1.141s] Level 1:colcon.colcon_core.environment:checking '/home/sachin/ros2_pick_n_place/install/braccio_yolo_sorting/lib/pkgconfig/braccio_yolo_sorting.pc'
[1.141s] Level 1:colcon.colcon_core.environment:checking '/home/sachin/ros2_pick_n_place/install/braccio_yolo_sorting/lib/python3.12/site-packages'
[1.142s] Level 1:colcon.colcon_core.shell:create_environment_hook('braccio_yolo_sorting', 'pythonpath')
[1.142s] INFO:colcon.colcon_core.shell:Creating environment hook '/home/sachin/ros2_pick_n_place/install/braccio_yolo_sorting/share/braccio_yolo_sorting/hook/pythonpath.ps1'
[1.142s] INFO:colcon.colcon_core.shell:Creating environment descriptor '/home/sachin/ros2_pick_n_place/install/braccio_yolo_sorting/share/braccio_yolo_sorting/hook/pythonpath.dsv'
[1.142s] INFO:colcon.colcon_core.shell:Creating environment hook '/home/sachin/ros2_pick_n_place/install/braccio_yolo_sorting/share/braccio_yolo_sorting/hook/pythonpath.sh'
[1.143s] Level 1:colcon.colcon_core.environment:checking '/home/sachin/ros2_pick_n_place/install/braccio_yolo_sorting/bin'
[1.143s] Level 1:colcon.colcon_core.environment:create_environment_scripts_only(braccio_yolo_sorting)
[1.143s] INFO:colcon.colcon_core.shell:Creating package script '/home/sachin/ros2_pick_n_place/install/braccio_yolo_sorting/share/braccio_yolo_sorting/package.ps1'
[1.143s] INFO:colcon.colcon_core.shell:Creating package descriptor '/home/sachin/ros2_pick_n_place/install/braccio_yolo_sorting/share/braccio_yolo_sorting/package.dsv'
[1.143s] INFO:colcon.colcon_core.shell:Creating package script '/home/sachin/ros2_pick_n_place/install/braccio_yolo_sorting/share/braccio_yolo_sorting/package.sh'
[1.144s] INFO:colcon.colcon_core.shell:Creating package script '/home/sachin/ros2_pick_n_place/install/braccio_yolo_sorting/share/braccio_yolo_sorting/package.bash'
[1.144s] INFO:colcon.colcon_core.shell:Creating package script '/home/sachin/ros2_pick_n_place/install/braccio_yolo_sorting/share/braccio_yolo_sorting/package.zsh'
[1.144s] Level 1:colcon.colcon_core.environment:create_file_with_runtime_dependencies(/home/sachin/ros2_pick_n_place/install/braccio_yolo_sorting/share/colcon-core/packages/braccio_yolo_sorting)
[1.144s] DEBUG:colcon.colcon_parallel_executor.executor.parallel:closing loop
[1.144s] DEBUG:colcon.colcon_parallel_executor.executor.parallel:loop closed
[1.144s] DEBUG:colcon.colcon_parallel_executor.executor.parallel:run_until_complete finished with '0'
[1.144s] DEBUG:colcon.colcon_core.event_reactor:joining thread
[1.148s] INFO:colcon.colcon_core.plugin_system:Skipping extension 'colcon_notification.desktop_notification.terminal_notifier': Not used on non-Darwin systems
[1.148s] INFO:colcon.colcon_core.plugin_system:Skipping extension 'colcon_notification.desktop_notification.win32': Not used on non-Windows systems
[1.148s] INFO:colcon.colcon_notification.desktop_notification:Sending desktop notification using 'notify2'
[1.157s] DEBUG:colcon.colcon_core.event_reactor:joined thread
[1.158s] INFO:colcon.colcon_core.shell:Creating prefix script '/home/sachin/ros2_pick_n_place/install/local_setup.ps1'
[1.158s] INFO:colcon.colcon_core.shell:Creating prefix util module '/home/sachin/ros2_pick_n_place/install/_local_setup_util_ps1.py'
[1.159s] INFO:colcon.colcon_core.shell:Creating prefix chain script '/home/sachin/ros2_pick_n_place/install/setup.ps1'
[1.159s] INFO:colcon.colcon_core.shell:Creating prefix script '/home/sachin/ros2_pick_n_place/install/local_setup.sh'
[1.160s] INFO:colcon.colcon_core.shell:Creating prefix util module '/home/sachin/ros2_pick_n_place/install/_local_setup_util_sh.py'
[1.160s] INFO:colcon.colcon_core.shell:Creating prefix chain script '/home/sachin/ros2_pick_n_place/install/setup.sh'
[1.161s] INFO:colcon.colcon_core.shell:Creating prefix script '/home/sachin/ros2_pick_n_place/install/local_setup.bash'
[1.161s] INFO:colcon.colcon_core.shell:Creating prefix chain script '/home/sachin/ros2_pick_n_place/install/setup.bash'
[1.162s] INFO:colcon.colcon_core.shell:Creating prefix script '/home/sachin/ros2_pick_n_place/install/local_setup.zsh'
[1.162s] INFO:colcon.colcon_core.shell:Creating prefix chain script '/home/sachin/ros2_pick_n_place/install/setup.zsh'
