[0.062s] DEBUG:colcon:Command line arguments: ['/usr/bin/colcon', 'build']
[0.063s] DEBUG:colcon:Parsed command line arguments: Namespace(log_base=None, log_level=None, verb_name='build', build_base='build', install_base='install', merge_install=False, symlink_install=False, test_result_base=None, continue_on_error=False, executor='parallel', parallel_workers=12, event_handlers=None, ignore_user_meta=False, metas=['./colcon.meta'], base_paths=['.'], packages_ignore=None, packages_ignore_regex=None, paths=None, packages_up_to=None, packages_up_to_regex=None, packages_above=None, packages_above_and_dependencies=None, packages_above_depth=None, packages_select_by_dep=None, packages_skip_by_dep=None, packages_skip_up_to=None, packages_select_build_failed=False, packages_skip_build_finished=False, packages_select_test_failures=False, packages_skip_test_passed=False, packages_select=None, packages_skip=None, packages_select_regex=None, packages_skip_regex=None, packages_start=None, packages_end=None, allow_overriding=[], cmake_args=None, cmake_target=None, cmake_target_skip_unavailable=False, cmake_clean_cache=False, cmake_clean_first=False, cmake_force_configure=False, ament_cmake_args=None, catkin_cmake_args=None, catkin_skip_building_tests=False, mixin_files=None, mixin=None, verb_parser=<colcon_mixin.mixin.mixin_argument.MixinArgumentDecorator object at 0x7a4906bad790>, verb_extension=<colcon_core.verb.build.BuildVerb object at 0x7a4906bad430>, main=<bound method BuildVerb.main of <colcon_core.verb.build.BuildVerb object at 0x7a4906bad430>>, mixin_verb=('build',))
[0.085s] Level 1:colcon.colcon_core.package_discovery:discover_packages(colcon_meta) check parameters
[0.085s] Level 1:colcon.colcon_core.package_discovery:discover_packages(recursive) check parameters
[0.085s] Level 1:colcon.colcon_core.package_discovery:discover_packages(ignore) check parameters
[0.085s] Level 1:colcon.colcon_core.package_discovery:discover_packages(path) check parameters
[0.085s] Level 1:colcon.colcon_core.package_discovery:discover_packages(colcon_meta) discover
[0.085s] Level 1:colcon.colcon_core.package_discovery:discover_packages(recursive) discover
[0.085s] INFO:colcon.colcon_core.package_discovery:Crawling recursively for packages in '/home/sachin/ros2_pick_n_place'
[0.085s] Level 1:colcon.colcon_core.package_identification:_identify(.) by extensions ['ignore', 'ignore_ament_install']
[0.085s] Level 1:colcon.colcon_core.package_identification:_identify(.) by extension 'ignore'
[0.085s] Level 1:colcon.colcon_core.package_identification:_identify(.) by extension 'ignore_ament_install'
[0.085s] Level 1:colcon.colcon_core.package_identification:_identify(.) by extensions ['colcon_pkg']
[0.085s] Level 1:colcon.colcon_core.package_identification:_identify(.) by extension 'colcon_pkg'
[0.085s] Level 1:colcon.colcon_core.package_identification:_identify(.) by extensions ['colcon_meta']
[0.085s] Level 1:colcon.colcon_core.package_identification:_identify(.) by extension 'colcon_meta'
[0.085s] Level 1:colcon.colcon_core.package_identification:_identify(.) by extensions ['ros']
[0.085s] Level 1:colcon.colcon_core.package_identification:_identify(.) by extension 'ros'
[0.101s] Level 1:colcon.colcon_core.package_identification:_identify(.) by extensions ['cmake', 'python']
[0.101s] Level 1:colcon.colcon_core.package_identification:_identify(.) by extension 'cmake'
[0.101s] Level 1:colcon.colcon_core.package_identification:_identify(.) by extension 'python'
[0.101s] Level 1:colcon.colcon_core.package_identification:_identify(.) by extensions ['python_setup_py']
[0.101s] Level 1:colcon.colcon_core.package_identification:_identify(.) by extension 'python_setup_py'
[0.101s] Level 1:colcon.colcon_core.package_identification:_identify(build) by extensions ['ignore', 'ignore_ament_install']
[0.101s] Level 1:colcon.colcon_core.package_identification:_identify(build) by extension 'ignore'
[0.101s] Level 1:colcon.colcon_core.package_identification:_identify(build) ignored
[0.101s] Level 1:colcon.colcon_core.package_identification:_identify(install) by extensions ['ignore', 'ignore_ament_install']
[0.102s] Level 1:colcon.colcon_core.package_identification:_identify(install) by extension 'ignore'
[0.102s] Level 1:colcon.colcon_core.package_identification:_identify(install) ignored
[0.102s] Level 1:colcon.colcon_core.package_identification:_identify(log) by extensions ['ignore', 'ignore_ament_install']
[0.102s] Level 1:colcon.colcon_core.package_identification:_identify(log) by extension 'ignore'
[0.102s] Level 1:colcon.colcon_core.package_identification:_identify(log) ignored
[0.102s] Level 1:colcon.colcon_core.package_identification:_identify(src) by extensions ['ignore', 'ignore_ament_install']
[0.102s] Level 1:colcon.colcon_core.package_identification:_identify(src) by extension 'ignore'
[0.102s] Level 1:colcon.colcon_core.package_identification:_identify(src) by extension 'ignore_ament_install'
[0.102s] Level 1:colcon.colcon_core.package_identification:_identify(src) by extensions ['colcon_pkg']
[0.102s] Level 1:colcon.colcon_core.package_identification:_identify(src) by extension 'colcon_pkg'
[0.102s] Level 1:colcon.colcon_core.package_identification:_identify(src) by extensions ['colcon_meta']
[0.102s] Level 1:colcon.colcon_core.package_identification:_identify(src) by extension 'colcon_meta'
[0.102s] Level 1:colcon.colcon_core.package_identification:_identify(src) by extensions ['ros']
[0.102s] Level 1:colcon.colcon_core.package_identification:_identify(src) by extension 'ros'
[0.102s] Level 1:colcon.colcon_core.package_identification:_identify(src) by extensions ['cmake', 'python']
[0.102s] Level 1:colcon.colcon_core.package_identification:_identify(src) by extension 'cmake'
[0.102s] Level 1:colcon.colcon_core.package_identification:_identify(src) by extension 'python'
[0.102s] Level 1:colcon.colcon_core.package_identification:_identify(src) by extensions ['python_setup_py']
[0.102s] Level 1:colcon.colcon_core.package_identification:_identify(src) by extension 'python_setup_py'
[0.102s] Level 1:colcon.colcon_core.package_identification:_identify(src/braccio_description) by extensions ['ignore', 'ignore_ament_install']
[0.102s] Level 1:colcon.colcon_core.package_identification:_identify(src/braccio_description) by extension 'ignore'
[0.102s] Level 1:colcon.colcon_core.package_identification:_identify(src/braccio_description) by extension 'ignore_ament_install'
[0.102s] Level 1:colcon.colcon_core.package_identification:_identify(src/braccio_description) by extensions ['colcon_pkg']
[0.102s] Level 1:colcon.colcon_core.package_identification:_identify(src/braccio_description) by extension 'colcon_pkg'
[0.102s] Level 1:colcon.colcon_core.package_identification:_identify(src/braccio_description) by extensions ['colcon_meta']
[0.102s] Level 1:colcon.colcon_core.package_identification:_identify(src/braccio_description) by extension 'colcon_meta'
[0.102s] Level 1:colcon.colcon_core.package_identification:_identify(src/braccio_description) by extensions ['ros']
[0.102s] Level 1:colcon.colcon_core.package_identification:_identify(src/braccio_description) by extension 'ros'
[0.104s] DEBUG:colcon.colcon_core.package_identification:Package 'src/braccio_description' with type 'ros.ament_cmake' and name 'braccio_description'
[0.104s] Level 1:colcon.colcon_core.package_identification:_identify(src/braccio_gazebo) by extensions ['ignore', 'ignore_ament_install']
[0.104s] Level 1:colcon.colcon_core.package_identification:_identify(src/braccio_gazebo) by extension 'ignore'
[0.104s] Level 1:colcon.colcon_core.package_identification:_identify(src/braccio_gazebo) by extension 'ignore_ament_install'
[0.104s] Level 1:colcon.colcon_core.package_identification:_identify(src/braccio_gazebo) by extensions ['colcon_pkg']
[0.104s] Level 1:colcon.colcon_core.package_identification:_identify(src/braccio_gazebo) by extension 'colcon_pkg'
[0.104s] Level 1:colcon.colcon_core.package_identification:_identify(src/braccio_gazebo) by extensions ['colcon_meta']
[0.104s] Level 1:colcon.colcon_core.package_identification:_identify(src/braccio_gazebo) by extension 'colcon_meta'
[0.104s] Level 1:colcon.colcon_core.package_identification:_identify(src/braccio_gazebo) by extensions ['ros']
[0.104s] Level 1:colcon.colcon_core.package_identification:_identify(src/braccio_gazebo) by extension 'ros'
[0.104s] DEBUG:colcon.colcon_core.package_identification:Package 'src/braccio_gazebo' with type 'ros.ament_cmake' and name 'braccio_gazebo'
[0.105s] Level 1:colcon.colcon_core.package_identification:_identify(src/braccio_moveit_config) by extensions ['ignore', 'ignore_ament_install']
[0.105s] Level 1:colcon.colcon_core.package_identification:_identify(src/braccio_moveit_config) by extension 'ignore'
[0.105s] Level 1:colcon.colcon_core.package_identification:_identify(src/braccio_moveit_config) by extension 'ignore_ament_install'
[0.105s] Level 1:colcon.colcon_core.package_identification:_identify(src/braccio_moveit_config) by extensions ['colcon_pkg']
[0.105s] Level 1:colcon.colcon_core.package_identification:_identify(src/braccio_moveit_config) by extension 'colcon_pkg'
[0.105s] Level 1:colcon.colcon_core.package_identification:_identify(src/braccio_moveit_config) by extensions ['colcon_meta']
[0.105s] Level 1:colcon.colcon_core.package_identification:_identify(src/braccio_moveit_config) by extension 'colcon_meta'
[0.105s] Level 1:colcon.colcon_core.package_identification:_identify(src/braccio_moveit_config) by extensions ['ros']
[0.105s] Level 1:colcon.colcon_core.package_identification:_identify(src/braccio_moveit_config) by extension 'ros'
[0.105s] DEBUG:colcon.colcon_core.package_identification:Package 'src/braccio_moveit_config' with type 'ros.ament_cmake' and name 'braccio_moveit_config'
[0.105s] Level 1:colcon.colcon_core.package_identification:_identify(src/braccio_yolo_sorting) by extensions ['ignore', 'ignore_ament_install']
[0.105s] Level 1:colcon.colcon_core.package_identification:_identify(src/braccio_yolo_sorting) by extension 'ignore'
[0.105s] Level 1:colcon.colcon_core.package_identification:_identify(src/braccio_yolo_sorting) by extension 'ignore_ament_install'
[0.105s] Level 1:colcon.colcon_core.package_identification:_identify(src/braccio_yolo_sorting) by extensions ['colcon_pkg']
[0.105s] Level 1:colcon.colcon_core.package_identification:_identify(src/braccio_yolo_sorting) by extension 'colcon_pkg'
[0.105s] Level 1:colcon.colcon_core.package_identification:_identify(src/braccio_yolo_sorting) by extensions ['colcon_meta']
[0.105s] Level 1:colcon.colcon_core.package_identification:_identify(src/braccio_yolo_sorting) by extension 'colcon_meta'
[0.105s] Level 1:colcon.colcon_core.package_identification:_identify(src/braccio_yolo_sorting) by extensions ['ros']
[0.105s] Level 1:colcon.colcon_core.package_identification:_identify(src/braccio_yolo_sorting) by extension 'ros'
[0.106s] DEBUG:colcon.colcon_core.package_identification:Package 'src/braccio_yolo_sorting' with type 'ros.ament_python' and name 'braccio_yolo_sorting'
[0.106s] Level 1:colcon.colcon_core.package_discovery:discover_packages(recursive) using defaults
[0.106s] Level 1:colcon.colcon_core.package_discovery:discover_packages(ignore) discover
[0.106s] Level 1:colcon.colcon_core.package_discovery:discover_packages(ignore) using defaults
[0.106s] Level 1:colcon.colcon_core.package_discovery:discover_packages(path) discover
[0.106s] Level 1:colcon.colcon_core.package_discovery:discover_packages(path) using defaults
[0.117s] Level 1:colcon.colcon_core.package_discovery:discover_packages(prefix_path) check parameters
[0.117s] Level 1:colcon.colcon_core.package_discovery:discover_packages(prefix_path) discover
[0.118s] WARNING:colcon.colcon_ros.prefix_path.ament:The path '/home/sachin/ros2_pick_n_place/install/braccio_yolo_sorting' in the environment variable AMENT_PREFIX_PATH doesn't exist
[0.118s] WARNING:colcon.colcon_ros.prefix_path.ament:The path '/home/sachin/ros2_pick_n_place/install/braccio_moveit_config' in the environment variable AMENT_PREFIX_PATH doesn't exist
[0.118s] WARNING:colcon.colcon_ros.prefix_path.ament:The path '/home/sachin/ros2_pick_n_place/install/braccio_gazebo' in the environment variable AMENT_PREFIX_PATH doesn't exist
[0.118s] WARNING:colcon.colcon_ros.prefix_path.ament:The path '/home/sachin/ros2_pick_n_place/install/braccio_description' in the environment variable AMENT_PREFIX_PATH doesn't exist
[0.118s] WARNING:colcon.colcon_ros.prefix_path.catkin:The path '/home/sachin/ros2_pick_n_place/install/braccio_moveit_config' in the environment variable CMAKE_PREFIX_PATH doesn't exist
[0.118s] WARNING:colcon.colcon_ros.prefix_path.catkin:The path '/home/sachin/ros2_pick_n_place/install/braccio_gazebo' in the environment variable CMAKE_PREFIX_PATH doesn't exist
[0.118s] WARNING:colcon.colcon_ros.prefix_path.catkin:The path '/home/sachin/ros2_pick_n_place/install/braccio_description' in the environment variable CMAKE_PREFIX_PATH doesn't exist
[0.118s] DEBUG:colcon.colcon_installed_package_information.package_discovery:Found 0 installed packages in /home/sachin/ros2_pick_n_place/install
[0.120s] DEBUG:colcon.colcon_installed_package_information.package_discovery:Found 541 installed packages in /opt/ros/jazzy
[0.122s] Level 1:colcon.colcon_core.package_discovery:discover_packages(prefix_path) using defaults
[0.166s] Level 5:colcon.colcon_core.verb:set package 'braccio_description' build argument 'cmake_args' from command line to 'None'
[0.166s] Level 5:colcon.colcon_core.verb:set package 'braccio_description' build argument 'cmake_target' from command line to 'None'
[0.166s] Level 5:colcon.colcon_core.verb:set package 'braccio_description' build argument 'cmake_target_skip_unavailable' from command line to 'False'
[0.166s] Level 5:colcon.colcon_core.verb:set package 'braccio_description' build argument 'cmake_clean_cache' from command line to 'False'
[0.166s] Level 5:colcon.colcon_core.verb:set package 'braccio_description' build argument 'cmake_clean_first' from command line to 'False'
[0.166s] Level 5:colcon.colcon_core.verb:set package 'braccio_description' build argument 'cmake_force_configure' from command line to 'False'
[0.166s] Level 5:colcon.colcon_core.verb:set package 'braccio_description' build argument 'ament_cmake_args' from command line to 'None'
[0.166s] Level 5:colcon.colcon_core.verb:set package 'braccio_description' build argument 'catkin_cmake_args' from command line to 'None'
[0.166s] Level 5:colcon.colcon_core.verb:set package 'braccio_description' build argument 'catkin_skip_building_tests' from command line to 'False'
[0.166s] DEBUG:colcon.colcon_core.verb:Building package 'braccio_description' with the following arguments: {'ament_cmake_args': None, 'build_base': '/home/sachin/ros2_pick_n_place/build/braccio_description', 'catkin_cmake_args': None, 'catkin_skip_building_tests': False, 'cmake_args': None, 'cmake_clean_cache': False, 'cmake_clean_first': False, 'cmake_force_configure': False, 'cmake_target': None, 'cmake_target_skip_unavailable': False, 'install_base': '/home/sachin/ros2_pick_n_place/install/braccio_description', 'merge_install': False, 'path': '/home/sachin/ros2_pick_n_place/src/braccio_description', 'symlink_install': False, 'test_result_base': None}
[0.166s] Level 5:colcon.colcon_core.verb:set package 'braccio_gazebo' build argument 'cmake_args' from command line to 'None'
[0.166s] Level 5:colcon.colcon_core.verb:set package 'braccio_gazebo' build argument 'cmake_target' from command line to 'None'
[0.166s] Level 5:colcon.colcon_core.verb:set package 'braccio_gazebo' build argument 'cmake_target_skip_unavailable' from command line to 'False'
[0.166s] Level 5:colcon.colcon_core.verb:set package 'braccio_gazebo' build argument 'cmake_clean_cache' from command line to 'False'
[0.166s] Level 5:colcon.colcon_core.verb:set package 'braccio_gazebo' build argument 'cmake_clean_first' from command line to 'False'
[0.166s] Level 5:colcon.colcon_core.verb:set package 'braccio_gazebo' build argument 'cmake_force_configure' from command line to 'False'
[0.166s] Level 5:colcon.colcon_core.verb:set package 'braccio_gazebo' build argument 'ament_cmake_args' from command line to 'None'
[0.166s] Level 5:colcon.colcon_core.verb:set package 'braccio_gazebo' build argument 'catkin_cmake_args' from command line to 'None'
[0.166s] Level 5:colcon.colcon_core.verb:set package 'braccio_gazebo' build argument 'catkin_skip_building_tests' from command line to 'False'
[0.166s] DEBUG:colcon.colcon_core.verb:Building package 'braccio_gazebo' with the following arguments: {'ament_cmake_args': None, 'build_base': '/home/sachin/ros2_pick_n_place/build/braccio_gazebo', 'catkin_cmake_args': None, 'catkin_skip_building_tests': False, 'cmake_args': None, 'cmake_clean_cache': False, 'cmake_clean_first': False, 'cmake_force_configure': False, 'cmake_target': None, 'cmake_target_skip_unavailable': False, 'install_base': '/home/sachin/ros2_pick_n_place/install/braccio_gazebo', 'merge_install': False, 'path': '/home/sachin/ros2_pick_n_place/src/braccio_gazebo', 'symlink_install': False, 'test_result_base': None}
[0.166s] Level 5:colcon.colcon_core.verb:set package 'braccio_moveit_config' build argument 'cmake_args' from command line to 'None'
[0.166s] Level 5:colcon.colcon_core.verb:set package 'braccio_moveit_config' build argument 'cmake_target' from command line to 'None'
[0.166s] Level 5:colcon.colcon_core.verb:set package 'braccio_moveit_config' build argument 'cmake_target_skip_unavailable' from command line to 'False'
[0.166s] Level 5:colcon.colcon_core.verb:set package 'braccio_moveit_config' build argument 'cmake_clean_cache' from command line to 'False'
[0.166s] Level 5:colcon.colcon_core.verb:set package 'braccio_moveit_config' build argument 'cmake_clean_first' from command line to 'False'
[0.166s] Level 5:colcon.colcon_core.verb:set package 'braccio_moveit_config' build argument 'cmake_force_configure' from command line to 'False'
[0.166s] Level 5:colcon.colcon_core.verb:set package 'braccio_moveit_config' build argument 'ament_cmake_args' from command line to 'None'
[0.166s] Level 5:colcon.colcon_core.verb:set package 'braccio_moveit_config' build argument 'catkin_cmake_args' from command line to 'None'
[0.166s] Level 5:colcon.colcon_core.verb:set package 'braccio_moveit_config' build argument 'catkin_skip_building_tests' from command line to 'False'
[0.166s] DEBUG:colcon.colcon_core.verb:Building package 'braccio_moveit_config' with the following arguments: {'ament_cmake_args': None, 'build_base': '/home/sachin/ros2_pick_n_place/build/braccio_moveit_config', 'catkin_cmake_args': None, 'catkin_skip_building_tests': False, 'cmake_args': None, 'cmake_clean_cache': False, 'cmake_clean_first': False, 'cmake_force_configure': False, 'cmake_target': None, 'cmake_target_skip_unavailable': False, 'install_base': '/home/sachin/ros2_pick_n_place/install/braccio_moveit_config', 'merge_install': False, 'path': '/home/sachin/ros2_pick_n_place/src/braccio_moveit_config', 'symlink_install': False, 'test_result_base': None}
[0.166s] Level 5:colcon.colcon_core.verb:set package 'braccio_yolo_sorting' build argument 'cmake_args' from command line to 'None'
[0.166s] Level 5:colcon.colcon_core.verb:set package 'braccio_yolo_sorting' build argument 'cmake_target' from command line to 'None'
[0.166s] Level 5:colcon.colcon_core.verb:set package 'braccio_yolo_sorting' build argument 'cmake_target_skip_unavailable' from command line to 'False'
[0.166s] Level 5:colcon.colcon_core.verb:set package 'braccio_yolo_sorting' build argument 'cmake_clean_cache' from command line to 'False'
[0.166s] Level 5:colcon.colcon_core.verb:set package 'braccio_yolo_sorting' build argument 'cmake_clean_first' from command line to 'False'
[0.166s] Level 5:colcon.colcon_core.verb:set package 'braccio_yolo_sorting' build argument 'cmake_force_configure' from command line to 'False'
[0.166s] Level 5:colcon.colcon_core.verb:set package 'braccio_yolo_sorting' build argument 'ament_cmake_args' from command line to 'None'
[0.166s] Level 5:colcon.colcon_core.verb:set package 'braccio_yolo_sorting' build argument 'catkin_cmake_args' from command line to 'None'
[0.166s] Level 5:colcon.colcon_core.verb:set package 'braccio_yolo_sorting' build argument 'catkin_skip_building_tests' from command line to 'False'
[0.167s] DEBUG:colcon.colcon_core.verb:Building package 'braccio_yolo_sorting' with the following arguments: {'ament_cmake_args': None, 'build_base': '/home/sachin/ros2_pick_n_place/build/braccio_yolo_sorting', 'catkin_cmake_args': None, 'catkin_skip_building_tests': False, 'cmake_args': None, 'cmake_clean_cache': False, 'cmake_clean_first': False, 'cmake_force_configure': False, 'cmake_target': None, 'cmake_target_skip_unavailable': False, 'install_base': '/home/sachin/ros2_pick_n_place/install/braccio_yolo_sorting', 'merge_install': False, 'path': '/home/sachin/ros2_pick_n_place/src/braccio_yolo_sorting', 'symlink_install': False, 'test_result_base': None}
[0.167s] INFO:colcon.colcon_core.executor:Executing jobs using 'parallel' executor
[0.167s] DEBUG:colcon.colcon_parallel_executor.executor.parallel:run_until_complete
[0.167s] INFO:colcon.colcon_ros.task.ament_cmake.build:Building ROS package in '/home/sachin/ros2_pick_n_place/src/braccio_description' with build type 'ament_cmake'
[0.167s] INFO:colcon.colcon_cmake.task.cmake.build:Building CMake package in '/home/sachin/ros2_pick_n_place/src/braccio_description'
[0.169s] INFO:colcon.colcon_core.plugin_system:Skipping extension 'colcon_core.shell.bat': Not used on non-Windows systems
[0.169s] INFO:colcon.colcon_core.shell:Skip shell extension 'powershell' for command environment: Not usable outside of PowerShell
[0.169s] DEBUG:colcon.colcon_core.shell:Skip shell extension 'dsv' for command environment
[0.175s] DEBUG:colcon.colcon_core.event_handler.log_command:Invoking command in '/home/sachin/ros2_pick_n_place/build/braccio_description': CMAKE_PREFIX_PATH=${CMAKE_PREFIX_PATH}:/home/sachin/ros2_pick_n_place/install/braccio_yolo_sorting:/opt/ros/jazzy DEBUGINFOD_URLS=https://debuginfod.ubuntu.com PS1=(.ros2_venv) \[\e]0;\u@\h: \w\a\]${debian_chroot:+($debian_chroot)}\[\033[01;32m\]\u@\h\[\033[00m\]:\[\033[01;34m\]\w\[\033[00m\]\$ VIRTUAL_ENV_PROMPT=(.ros2_venv) /usr/bin/cmake /home/sachin/ros2_pick_n_place/src/braccio_description -DCMAKE_INSTALL_PREFIX=/home/sachin/ros2_pick_n_place/install/braccio_description
[0.960s] DEBUG:colcon.colcon_core.event_handler.log_command:Invoked command in '/home/sachin/ros2_pick_n_place/build/braccio_description' returned '0': CMAKE_PREFIX_PATH=${CMAKE_PREFIX_PATH}:/home/sachin/ros2_pick_n_place/install/braccio_yolo_sorting:/opt/ros/jazzy DEBUGINFOD_URLS=https://debuginfod.ubuntu.com PS1=(.ros2_venv) \[\e]0;\u@\h: \w\a\]${debian_chroot:+($debian_chroot)}\[\033[01;32m\]\u@\h\[\033[00m\]:\[\033[01;34m\]\w\[\033[00m\]\$ VIRTUAL_ENV_PROMPT=(.ros2_venv) /usr/bin/cmake /home/sachin/ros2_pick_n_place/src/braccio_description -DCMAKE_INSTALL_PREFIX=/home/sachin/ros2_pick_n_place/install/braccio_description
[0.960s] DEBUG:colcon.colcon_core.event_handler.log_command:Invoking command in '/home/sachin/ros2_pick_n_place/build/braccio_description': CMAKE_PREFIX_PATH=${CMAKE_PREFIX_PATH}:/home/sachin/ros2_pick_n_place/install/braccio_yolo_sorting:/opt/ros/jazzy DEBUGINFOD_URLS=https://debuginfod.ubuntu.com PS1=(.ros2_venv) \[\e]0;\u@\h: \w\a\]${debian_chroot:+($debian_chroot)}\[\033[01;32m\]\u@\h\[\033[00m\]:\[\033[01;34m\]\w\[\033[00m\]\$ VIRTUAL_ENV_PROMPT=(.ros2_venv) /usr/bin/cmake --build /home/sachin/ros2_pick_n_place/build/braccio_description -- -j12 -l12
[0.993s] DEBUG:colcon.colcon_core.event_handler.log_command:Invoked command in '/home/sachin/ros2_pick_n_place/build/braccio_description' returned '0': CMAKE_PREFIX_PATH=${CMAKE_PREFIX_PATH}:/home/sachin/ros2_pick_n_place/install/braccio_yolo_sorting:/opt/ros/jazzy DEBUGINFOD_URLS=https://debuginfod.ubuntu.com PS1=(.ros2_venv) \[\e]0;\u@\h: \w\a\]${debian_chroot:+($debian_chroot)}\[\033[01;32m\]\u@\h\[\033[00m\]:\[\033[01;34m\]\w\[\033[00m\]\$ VIRTUAL_ENV_PROMPT=(.ros2_venv) /usr/bin/cmake --build /home/sachin/ros2_pick_n_place/build/braccio_description -- -j12 -l12
[1.001s] DEBUG:colcon.colcon_core.event_handler.log_command:Invoking command in '/home/sachin/ros2_pick_n_place/build/braccio_description': CMAKE_PREFIX_PATH=${CMAKE_PREFIX_PATH}:/home/sachin/ros2_pick_n_place/install/braccio_yolo_sorting:/opt/ros/jazzy DEBUGINFOD_URLS=https://debuginfod.ubuntu.com PS1=(.ros2_venv) \[\e]0;\u@\h: \w\a\]${debian_chroot:+($debian_chroot)}\[\033[01;32m\]\u@\h\[\033[00m\]:\[\033[01;34m\]\w\[\033[00m\]\$ VIRTUAL_ENV_PROMPT=(.ros2_venv) /usr/bin/cmake --install /home/sachin/ros2_pick_n_place/build/braccio_description
[1.018s] Level 1:colcon.colcon_core.environment:create_environment_scripts_only(braccio_description)
[1.018s] DEBUG:colcon.colcon_core.event_handler.log_command:Invoked command in '/home/sachin/ros2_pick_n_place/build/braccio_description' returned '0': CMAKE_PREFIX_PATH=${CMAKE_PREFIX_PATH}:/home/sachin/ros2_pick_n_place/install/braccio_yolo_sorting:/opt/ros/jazzy DEBUGINFOD_URLS=https://debuginfod.ubuntu.com PS1=(.ros2_venv) \[\e]0;\u@\h: \w\a\]${debian_chroot:+($debian_chroot)}\[\033[01;32m\]\u@\h\[\033[00m\]:\[\033[01;34m\]\w\[\033[00m\]\$ VIRTUAL_ENV_PROMPT=(.ros2_venv) /usr/bin/cmake --install /home/sachin/ros2_pick_n_place/build/braccio_description
[1.019s] Level 1:colcon.colcon_core.environment:checking '/home/sachin/ros2_pick_n_place/install/braccio_description' for CMake module files
[1.020s] Level 1:colcon.colcon_core.environment:checking '/home/sachin/ros2_pick_n_place/install/braccio_description' for CMake config files
[1.020s] Level 1:colcon.colcon_core.shell:create_environment_hook('braccio_description', 'cmake_prefix_path')
[1.020s] INFO:colcon.colcon_core.shell:Creating environment hook '/home/sachin/ros2_pick_n_place/install/braccio_description/share/braccio_description/hook/cmake_prefix_path.ps1'
[1.020s] INFO:colcon.colcon_core.shell:Creating environment descriptor '/home/sachin/ros2_pick_n_place/install/braccio_description/share/braccio_description/hook/cmake_prefix_path.dsv'
[1.020s] INFO:colcon.colcon_core.shell:Creating environment hook '/home/sachin/ros2_pick_n_place/install/braccio_description/share/braccio_description/hook/cmake_prefix_path.sh'
[1.021s] Level 1:colcon.colcon_core.environment:checking '/home/sachin/ros2_pick_n_place/install/braccio_description/bin'
[1.021s] Level 1:colcon.colcon_core.environment:checking '/home/sachin/ros2_pick_n_place/install/braccio_description/lib/pkgconfig/braccio_description.pc'
[1.021s] Level 1:colcon.colcon_core.environment:checking '/home/sachin/ros2_pick_n_place/install/braccio_description/lib/python3.12/site-packages'
[1.021s] Level 1:colcon.colcon_core.environment:checking '/home/sachin/ros2_pick_n_place/install/braccio_description/bin'
[1.021s] INFO:colcon.colcon_core.shell:Creating package script '/home/sachin/ros2_pick_n_place/install/braccio_description/share/braccio_description/package.ps1'
[1.022s] INFO:colcon.colcon_core.shell:Creating package descriptor '/home/sachin/ros2_pick_n_place/install/braccio_description/share/braccio_description/package.dsv'
[1.022s] INFO:colcon.colcon_core.shell:Creating package script '/home/sachin/ros2_pick_n_place/install/braccio_description/share/braccio_description/package.sh'
[1.022s] INFO:colcon.colcon_core.shell:Creating package script '/home/sachin/ros2_pick_n_place/install/braccio_description/share/braccio_description/package.bash'
[1.023s] INFO:colcon.colcon_core.shell:Creating package script '/home/sachin/ros2_pick_n_place/install/braccio_description/share/braccio_description/package.zsh'
[1.023s] Level 1:colcon.colcon_core.environment:create_file_with_runtime_dependencies(/home/sachin/ros2_pick_n_place/install/braccio_description/share/colcon-core/packages/braccio_description)
[1.023s] Level 1:colcon.colcon_core.environment:create_environment_scripts_only(braccio_description)
[1.023s] Level 1:colcon.colcon_core.environment:checking '/home/sachin/ros2_pick_n_place/install/braccio_description' for CMake module files
[1.024s] Level 1:colcon.colcon_core.environment:checking '/home/sachin/ros2_pick_n_place/install/braccio_description' for CMake config files
[1.024s] Level 1:colcon.colcon_core.shell:create_environment_hook('braccio_description', 'cmake_prefix_path')
[1.024s] INFO:colcon.colcon_core.shell:Creating environment hook '/home/sachin/ros2_pick_n_place/install/braccio_description/share/braccio_description/hook/cmake_prefix_path.ps1'
[1.024s] INFO:colcon.colcon_core.shell:Creating environment descriptor '/home/sachin/ros2_pick_n_place/install/braccio_description/share/braccio_description/hook/cmake_prefix_path.dsv'
[1.024s] INFO:colcon.colcon_core.shell:Creating environment hook '/home/sachin/ros2_pick_n_place/install/braccio_description/share/braccio_description/hook/cmake_prefix_path.sh'
[1.025s] Level 1:colcon.colcon_core.environment:checking '/home/sachin/ros2_pick_n_place/install/braccio_description/bin'
[1.025s] Level 1:colcon.colcon_core.environment:checking '/home/sachin/ros2_pick_n_place/install/braccio_description/lib/pkgconfig/braccio_description.pc'
[1.025s] Level 1:colcon.colcon_core.environment:checking '/home/sachin/ros2_pick_n_place/install/braccio_description/lib/python3.12/site-packages'
[1.025s] Level 1:colcon.colcon_core.environment:checking '/home/sachin/ros2_pick_n_place/install/braccio_description/bin'
[1.025s] INFO:colcon.colcon_core.shell:Creating package script '/home/sachin/ros2_pick_n_place/install/braccio_description/share/braccio_description/package.ps1'
[1.025s] INFO:colcon.colcon_core.shell:Creating package descriptor '/home/sachin/ros2_pick_n_place/install/braccio_description/share/braccio_description/package.dsv'
[1.026s] INFO:colcon.colcon_core.shell:Creating package script '/home/sachin/ros2_pick_n_place/install/braccio_description/share/braccio_description/package.sh'
[1.026s] INFO:colcon.colcon_core.shell:Creating package script '/home/sachin/ros2_pick_n_place/install/braccio_description/share/braccio_description/package.bash'
[1.026s] INFO:colcon.colcon_core.shell:Creating package script '/home/sachin/ros2_pick_n_place/install/braccio_description/share/braccio_description/package.zsh'
[1.026s] Level 1:colcon.colcon_core.environment:create_file_with_runtime_dependencies(/home/sachin/ros2_pick_n_place/install/braccio_description/share/colcon-core/packages/braccio_description)
[1.026s] INFO:colcon.colcon_ros.task.ament_cmake.build:Building ROS package in '/home/sachin/ros2_pick_n_place/src/braccio_gazebo' with build type 'ament_cmake'
[1.026s] INFO:colcon.colcon_cmake.task.cmake.build:Building CMake package in '/home/sachin/ros2_pick_n_place/src/braccio_gazebo'
[1.027s] INFO:colcon.colcon_core.shell:Skip shell extension 'powershell' for command environment: Not usable outside of PowerShell
[1.027s] DEBUG:colcon.colcon_core.shell:Skip shell extension 'dsv' for command environment
[1.029s] INFO:colcon.colcon_ros.task.ament_cmake.build:Building ROS package in '/home/sachin/ros2_pick_n_place/src/braccio_moveit_config' with build type 'ament_cmake'
[1.029s] INFO:colcon.colcon_cmake.task.cmake.build:Building CMake package in '/home/sachin/ros2_pick_n_place/src/braccio_moveit_config'
[1.029s] INFO:colcon.colcon_core.shell:Skip shell extension 'powershell' for command environment: Not usable outside of PowerShell
[1.029s] DEBUG:colcon.colcon_core.shell:Skip shell extension 'dsv' for command environment
[1.035s] DEBUG:colcon.colcon_core.event_handler.log_command:Invoking command in '/home/sachin/ros2_pick_n_place/build/braccio_gazebo': CMAKE_PREFIX_PATH=/home/sachin/ros2_pick_n_place/install/braccio_description:/home/sachin/ros2_pick_n_place/install/braccio_moveit_config:/home/sachin/ros2_pick_n_place/install/braccio_gazebo:/opt/ros/jazzy/opt/gz_sim_vendor:/opt/ros/jazzy/opt/gz_sensors_vendor:/opt/ros/jazzy/opt/gz_physics_vendor:/opt/ros/jazzy/opt/sdformat_vendor:/opt/ros/jazzy/opt/gz_gui_vendor:/opt/ros/jazzy/opt/gz_transport_vendor:/opt/ros/jazzy/opt/gz_rendering_vendor:/opt/ros/jazzy/opt/gz_plugin_vendor:/opt/ros/jazzy/opt/gz_fuel_tools_vendor:/opt/ros/jazzy/opt/gz_msgs_vendor:/opt/ros/jazzy/opt/gz_common_vendor:/opt/ros/jazzy/opt/gz_math_vendor:/opt/ros/jazzy/opt/gz_utils_vendor:/opt/ros/jazzy/opt/gz_tools_vendor:/opt/ros/jazzy/opt/gz_ogre_next_vendor:/opt/ros/jazzy/opt/gz_dartsim_vendor:/opt/ros/jazzy/opt/gz_cmake_vendor:/home/sachin/ros2_pick_n_place/install/braccio_yolo_sorting:/opt/ros/jazzy DEBUGINFOD_URLS=https://debuginfod.ubuntu.com PS1=(.ros2_venv) \[\e]0;\u@\h: \w\a\]${debian_chroot:+($debian_chroot)}\[\033[01;32m\]\u@\h\[\033[00m\]:\[\033[01;34m\]\w\[\033[00m\]\$ VIRTUAL_ENV_PROMPT=(.ros2_venv) /usr/bin/cmake /home/sachin/ros2_pick_n_place/src/braccio_gazebo -DCMAKE_INSTALL_PREFIX=/home/sachin/ros2_pick_n_place/install/braccio_gazebo
[1.036s] DEBUG:colcon.colcon_core.event_handler.log_command:Invoking command in '/home/sachin/ros2_pick_n_place/build/braccio_moveit_config': CMAKE_PREFIX_PATH=/home/sachin/ros2_pick_n_place/install/braccio_description:/home/sachin/ros2_pick_n_place/install/braccio_moveit_config:/home/sachin/ros2_pick_n_place/install/braccio_gazebo:/opt/ros/jazzy/opt/gz_sim_vendor:/opt/ros/jazzy/opt/gz_sensors_vendor:/opt/ros/jazzy/opt/gz_physics_vendor:/opt/ros/jazzy/opt/sdformat_vendor:/opt/ros/jazzy/opt/gz_gui_vendor:/opt/ros/jazzy/opt/gz_transport_vendor:/opt/ros/jazzy/opt/gz_rendering_vendor:/opt/ros/jazzy/opt/gz_plugin_vendor:/opt/ros/jazzy/opt/gz_fuel_tools_vendor:/opt/ros/jazzy/opt/gz_msgs_vendor:/opt/ros/jazzy/opt/gz_common_vendor:/opt/ros/jazzy/opt/gz_math_vendor:/opt/ros/jazzy/opt/gz_utils_vendor:/opt/ros/jazzy/opt/gz_tools_vendor:/opt/ros/jazzy/opt/gz_ogre_next_vendor:/opt/ros/jazzy/opt/gz_dartsim_vendor:/opt/ros/jazzy/opt/gz_cmake_vendor:/home/sachin/ros2_pick_n_place/install/braccio_yolo_sorting:/opt/ros/jazzy DEBUGINFOD_URLS=https://debuginfod.ubuntu.com PS1=(.ros2_venv) \[\e]0;\u@\h: \w\a\]${debian_chroot:+($debian_chroot)}\[\033[01;32m\]\u@\h\[\033[00m\]:\[\033[01;34m\]\w\[\033[00m\]\$ VIRTUAL_ENV_PROMPT=(.ros2_venv) /usr/bin/cmake /home/sachin/ros2_pick_n_place/src/braccio_moveit_config -DCMAKE_INSTALL_PREFIX=/home/sachin/ros2_pick_n_place/install/braccio_moveit_config
[1.551s] DEBUG:colcon.colcon_core.event_handler.log_command:Invoked command in '/home/sachin/ros2_pick_n_place/build/braccio_gazebo' returned '0': CMAKE_PREFIX_PATH=/home/sachin/ros2_pick_n_place/install/braccio_description:/home/sachin/ros2_pick_n_place/install/braccio_moveit_config:/home/sachin/ros2_pick_n_place/install/braccio_gazebo:/opt/ros/jazzy/opt/gz_sim_vendor:/opt/ros/jazzy/opt/gz_sensors_vendor:/opt/ros/jazzy/opt/gz_physics_vendor:/opt/ros/jazzy/opt/sdformat_vendor:/opt/ros/jazzy/opt/gz_gui_vendor:/opt/ros/jazzy/opt/gz_transport_vendor:/opt/ros/jazzy/opt/gz_rendering_vendor:/opt/ros/jazzy/opt/gz_plugin_vendor:/opt/ros/jazzy/opt/gz_fuel_tools_vendor:/opt/ros/jazzy/opt/gz_msgs_vendor:/opt/ros/jazzy/opt/gz_common_vendor:/opt/ros/jazzy/opt/gz_math_vendor:/opt/ros/jazzy/opt/gz_utils_vendor:/opt/ros/jazzy/opt/gz_tools_vendor:/opt/ros/jazzy/opt/gz_ogre_next_vendor:/opt/ros/jazzy/opt/gz_dartsim_vendor:/opt/ros/jazzy/opt/gz_cmake_vendor:/home/sachin/ros2_pick_n_place/install/braccio_yolo_sorting:/opt/ros/jazzy DEBUGINFOD_URLS=https://debuginfod.ubuntu.com PS1=(.ros2_venv) \[\e]0;\u@\h: \w\a\]${debian_chroot:+($debian_chroot)}\[\033[01;32m\]\u@\h\[\033[00m\]:\[\033[01;34m\]\w\[\033[00m\]\$ VIRTUAL_ENV_PROMPT=(.ros2_venv) /usr/bin/cmake /home/sachin/ros2_pick_n_place/src/braccio_gazebo -DCMAKE_INSTALL_PREFIX=/home/sachin/ros2_pick_n_place/install/braccio_gazebo
[1.552s] DEBUG:colcon.colcon_core.event_handler.log_command:Invoking command in '/home/sachin/ros2_pick_n_place/build/braccio_gazebo': CMAKE_PREFIX_PATH=/home/sachin/ros2_pick_n_place/install/braccio_description:/home/sachin/ros2_pick_n_place/install/braccio_moveit_config:/home/sachin/ros2_pick_n_place/install/braccio_gazebo:/opt/ros/jazzy/opt/gz_sim_vendor:/opt/ros/jazzy/opt/gz_sensors_vendor:/opt/ros/jazzy/opt/gz_physics_vendor:/opt/ros/jazzy/opt/sdformat_vendor:/opt/ros/jazzy/opt/gz_gui_vendor:/opt/ros/jazzy/opt/gz_transport_vendor:/opt/ros/jazzy/opt/gz_rendering_vendor:/opt/ros/jazzy/opt/gz_plugin_vendor:/opt/ros/jazzy/opt/gz_fuel_tools_vendor:/opt/ros/jazzy/opt/gz_msgs_vendor:/opt/ros/jazzy/opt/gz_common_vendor:/opt/ros/jazzy/opt/gz_math_vendor:/opt/ros/jazzy/opt/gz_utils_vendor:/opt/ros/jazzy/opt/gz_tools_vendor:/opt/ros/jazzy/opt/gz_ogre_next_vendor:/opt/ros/jazzy/opt/gz_dartsim_vendor:/opt/ros/jazzy/opt/gz_cmake_vendor:/home/sachin/ros2_pick_n_place/install/braccio_yolo_sorting:/opt/ros/jazzy DEBUGINFOD_URLS=https://debuginfod.ubuntu.com PS1=(.ros2_venv) \[\e]0;\u@\h: \w\a\]${debian_chroot:+($debian_chroot)}\[\033[01;32m\]\u@\h\[\033[00m\]:\[\033[01;34m\]\w\[\033[00m\]\$ VIRTUAL_ENV_PROMPT=(.ros2_venv) /usr/bin/cmake --build /home/sachin/ros2_pick_n_place/build/braccio_gazebo -- -j12 -l12
[1.553s] DEBUG:colcon.colcon_core.event_handler.log_command:Invoked command in '/home/sachin/ros2_pick_n_place/build/braccio_moveit_config' returned '0': CMAKE_PREFIX_PATH=/home/sachin/ros2_pick_n_place/install/braccio_description:/home/sachin/ros2_pick_n_place/install/braccio_moveit_config:/home/sachin/ros2_pick_n_place/install/braccio_gazebo:/opt/ros/jazzy/opt/gz_sim_vendor:/opt/ros/jazzy/opt/gz_sensors_vendor:/opt/ros/jazzy/opt/gz_physics_vendor:/opt/ros/jazzy/opt/sdformat_vendor:/opt/ros/jazzy/opt/gz_gui_vendor:/opt/ros/jazzy/opt/gz_transport_vendor:/opt/ros/jazzy/opt/gz_rendering_vendor:/opt/ros/jazzy/opt/gz_plugin_vendor:/opt/ros/jazzy/opt/gz_fuel_tools_vendor:/opt/ros/jazzy/opt/gz_msgs_vendor:/opt/ros/jazzy/opt/gz_common_vendor:/opt/ros/jazzy/opt/gz_math_vendor:/opt/ros/jazzy/opt/gz_utils_vendor:/opt/ros/jazzy/opt/gz_tools_vendor:/opt/ros/jazzy/opt/gz_ogre_next_vendor:/opt/ros/jazzy/opt/gz_dartsim_vendor:/opt/ros/jazzy/opt/gz_cmake_vendor:/home/sachin/ros2_pick_n_place/install/braccio_yolo_sorting:/opt/ros/jazzy DEBUGINFOD_URLS=https://debuginfod.ubuntu.com PS1=(.ros2_venv) \[\e]0;\u@\h: \w\a\]${debian_chroot:+($debian_chroot)}\[\033[01;32m\]\u@\h\[\033[00m\]:\[\033[01;34m\]\w\[\033[00m\]\$ VIRTUAL_ENV_PROMPT=(.ros2_venv) /usr/bin/cmake /home/sachin/ros2_pick_n_place/src/braccio_moveit_config -DCMAKE_INSTALL_PREFIX=/home/sachin/ros2_pick_n_place/install/braccio_moveit_config
[1.553s] DEBUG:colcon.colcon_core.event_handler.log_command:Invoking command in '/home/sachin/ros2_pick_n_place/build/braccio_moveit_config': CMAKE_PREFIX_PATH=/home/sachin/ros2_pick_n_place/install/braccio_description:/home/sachin/ros2_pick_n_place/install/braccio_moveit_config:/home/sachin/ros2_pick_n_place/install/braccio_gazebo:/opt/ros/jazzy/opt/gz_sim_vendor:/opt/ros/jazzy/opt/gz_sensors_vendor:/opt/ros/jazzy/opt/gz_physics_vendor:/opt/ros/jazzy/opt/sdformat_vendor:/opt/ros/jazzy/opt/gz_gui_vendor:/opt/ros/jazzy/opt/gz_transport_vendor:/opt/ros/jazzy/opt/gz_rendering_vendor:/opt/ros/jazzy/opt/gz_plugin_vendor:/opt/ros/jazzy/opt/gz_fuel_tools_vendor:/opt/ros/jazzy/opt/gz_msgs_vendor:/opt/ros/jazzy/opt/gz_common_vendor:/opt/ros/jazzy/opt/gz_math_vendor:/opt/ros/jazzy/opt/gz_utils_vendor:/opt/ros/jazzy/opt/gz_tools_vendor:/opt/ros/jazzy/opt/gz_ogre_next_vendor:/opt/ros/jazzy/opt/gz_dartsim_vendor:/opt/ros/jazzy/opt/gz_cmake_vendor:/home/sachin/ros2_pick_n_place/install/braccio_yolo_sorting:/opt/ros/jazzy DEBUGINFOD_URLS=https://debuginfod.ubuntu.com PS1=(.ros2_venv) \[\e]0;\u@\h: \w\a\]${debian_chroot:+($debian_chroot)}\[\033[01;32m\]\u@\h\[\033[00m\]:\[\033[01;34m\]\w\[\033[00m\]\$ VIRTUAL_ENV_PROMPT=(.ros2_venv) /usr/bin/cmake --build /home/sachin/ros2_pick_n_place/build/braccio_moveit_config -- -j12 -l12
[1.585s] DEBUG:colcon.colcon_core.event_handler.log_command:Invoked command in '/home/sachin/ros2_pick_n_place/build/braccio_gazebo' returned '0': CMAKE_PREFIX_PATH=/home/sachin/ros2_pick_n_place/install/braccio_description:/home/sachin/ros2_pick_n_place/install/braccio_moveit_config:/home/sachin/ros2_pick_n_place/install/braccio_gazebo:/opt/ros/jazzy/opt/gz_sim_vendor:/opt/ros/jazzy/opt/gz_sensors_vendor:/opt/ros/jazzy/opt/gz_physics_vendor:/opt/ros/jazzy/opt/sdformat_vendor:/opt/ros/jazzy/opt/gz_gui_vendor:/opt/ros/jazzy/opt/gz_transport_vendor:/opt/ros/jazzy/opt/gz_rendering_vendor:/opt/ros/jazzy/opt/gz_plugin_vendor:/opt/ros/jazzy/opt/gz_fuel_tools_vendor:/opt/ros/jazzy/opt/gz_msgs_vendor:/opt/ros/jazzy/opt/gz_common_vendor:/opt/ros/jazzy/opt/gz_math_vendor:/opt/ros/jazzy/opt/gz_utils_vendor:/opt/ros/jazzy/opt/gz_tools_vendor:/opt/ros/jazzy/opt/gz_ogre_next_vendor:/opt/ros/jazzy/opt/gz_dartsim_vendor:/opt/ros/jazzy/opt/gz_cmake_vendor:/home/sachin/ros2_pick_n_place/install/braccio_yolo_sorting:/opt/ros/jazzy DEBUGINFOD_URLS=https://debuginfod.ubuntu.com PS1=(.ros2_venv) \[\e]0;\u@\h: \w\a\]${debian_chroot:+($debian_chroot)}\[\033[01;32m\]\u@\h\[\033[00m\]:\[\033[01;34m\]\w\[\033[00m\]\$ VIRTUAL_ENV_PROMPT=(.ros2_venv) /usr/bin/cmake --build /home/sachin/ros2_pick_n_place/build/braccio_gazebo -- -j12 -l12
[1.586s] DEBUG:colcon.colcon_core.event_handler.log_command:Invoking command in '/home/sachin/ros2_pick_n_place/build/braccio_gazebo': CMAKE_PREFIX_PATH=/home/sachin/ros2_pick_n_place/install/braccio_description:/home/sachin/ros2_pick_n_place/install/braccio_moveit_config:/home/sachin/ros2_pick_n_place/install/braccio_gazebo:/opt/ros/jazzy/opt/gz_sim_vendor:/opt/ros/jazzy/opt/gz_sensors_vendor:/opt/ros/jazzy/opt/gz_physics_vendor:/opt/ros/jazzy/opt/sdformat_vendor:/opt/ros/jazzy/opt/gz_gui_vendor:/opt/ros/jazzy/opt/gz_transport_vendor:/opt/ros/jazzy/opt/gz_rendering_vendor:/opt/ros/jazzy/opt/gz_plugin_vendor:/opt/ros/jazzy/opt/gz_fuel_tools_vendor:/opt/ros/jazzy/opt/gz_msgs_vendor:/opt/ros/jazzy/opt/gz_common_vendor:/opt/ros/jazzy/opt/gz_math_vendor:/opt/ros/jazzy/opt/gz_utils_vendor:/opt/ros/jazzy/opt/gz_tools_vendor:/opt/ros/jazzy/opt/gz_ogre_next_vendor:/opt/ros/jazzy/opt/gz_dartsim_vendor:/opt/ros/jazzy/opt/gz_cmake_vendor:/home/sachin/ros2_pick_n_place/install/braccio_yolo_sorting:/opt/ros/jazzy DEBUGINFOD_URLS=https://debuginfod.ubuntu.com PS1=(.ros2_venv) \[\e]0;\u@\h: \w\a\]${debian_chroot:+($debian_chroot)}\[\033[01;32m\]\u@\h\[\033[00m\]:\[\033[01;34m\]\w\[\033[00m\]\$ VIRTUAL_ENV_PROMPT=(.ros2_venv) /usr/bin/cmake --install /home/sachin/ros2_pick_n_place/build/braccio_gazebo
[1.587s] DEBUG:colcon.colcon_core.event_handler.log_command:Invoked command in '/home/sachin/ros2_pick_n_place/build/braccio_moveit_config' returned '0': CMAKE_PREFIX_PATH=/home/sachin/ros2_pick_n_place/install/braccio_description:/home/sachin/ros2_pick_n_place/install/braccio_moveit_config:/home/sachin/ros2_pick_n_place/install/braccio_gazebo:/opt/ros/jazzy/opt/gz_sim_vendor:/opt/ros/jazzy/opt/gz_sensors_vendor:/opt/ros/jazzy/opt/gz_physics_vendor:/opt/ros/jazzy/opt/sdformat_vendor:/opt/ros/jazzy/opt/gz_gui_vendor:/opt/ros/jazzy/opt/gz_transport_vendor:/opt/ros/jazzy/opt/gz_rendering_vendor:/opt/ros/jazzy/opt/gz_plugin_vendor:/opt/ros/jazzy/opt/gz_fuel_tools_vendor:/opt/ros/jazzy/opt/gz_msgs_vendor:/opt/ros/jazzy/opt/gz_common_vendor:/opt/ros/jazzy/opt/gz_math_vendor:/opt/ros/jazzy/opt/gz_utils_vendor:/opt/ros/jazzy/opt/gz_tools_vendor:/opt/ros/jazzy/opt/gz_ogre_next_vendor:/opt/ros/jazzy/opt/gz_dartsim_vendor:/opt/ros/jazzy/opt/gz_cmake_vendor:/home/sachin/ros2_pick_n_place/install/braccio_yolo_sorting:/opt/ros/jazzy DEBUGINFOD_URLS=https://debuginfod.ubuntu.com PS1=(.ros2_venv) \[\e]0;\u@\h: \w\a\]${debian_chroot:+($debian_chroot)}\[\033[01;32m\]\u@\h\[\033[00m\]:\[\033[01;34m\]\w\[\033[00m\]\$ VIRTUAL_ENV_PROMPT=(.ros2_venv) /usr/bin/cmake --build /home/sachin/ros2_pick_n_place/build/braccio_moveit_config -- -j12 -l12
[1.588s] DEBUG:colcon.colcon_core.event_handler.log_command:Invoking command in '/home/sachin/ros2_pick_n_place/build/braccio_moveit_config': CMAKE_PREFIX_PATH=/home/sachin/ros2_pick_n_place/install/braccio_description:/home/sachin/ros2_pick_n_place/install/braccio_moveit_config:/home/sachin/ros2_pick_n_place/install/braccio_gazebo:/opt/ros/jazzy/opt/gz_sim_vendor:/opt/ros/jazzy/opt/gz_sensors_vendor:/opt/ros/jazzy/opt/gz_physics_vendor:/opt/ros/jazzy/opt/sdformat_vendor:/opt/ros/jazzy/opt/gz_gui_vendor:/opt/ros/jazzy/opt/gz_transport_vendor:/opt/ros/jazzy/opt/gz_rendering_vendor:/opt/ros/jazzy/opt/gz_plugin_vendor:/opt/ros/jazzy/opt/gz_fuel_tools_vendor:/opt/ros/jazzy/opt/gz_msgs_vendor:/opt/ros/jazzy/opt/gz_common_vendor:/opt/ros/jazzy/opt/gz_math_vendor:/opt/ros/jazzy/opt/gz_utils_vendor:/opt/ros/jazzy/opt/gz_tools_vendor:/opt/ros/jazzy/opt/gz_ogre_next_vendor:/opt/ros/jazzy/opt/gz_dartsim_vendor:/opt/ros/jazzy/opt/gz_cmake_vendor:/home/sachin/ros2_pick_n_place/install/braccio_yolo_sorting:/opt/ros/jazzy DEBUGINFOD_URLS=https://debuginfod.ubuntu.com PS1=(.ros2_venv) \[\e]0;\u@\h: \w\a\]${debian_chroot:+($debian_chroot)}\[\033[01;32m\]\u@\h\[\033[00m\]:\[\033[01;34m\]\w\[\033[00m\]\$ VIRTUAL_ENV_PROMPT=(.ros2_venv) /usr/bin/cmake --install /home/sachin/ros2_pick_n_place/build/braccio_moveit_config
[1.596s] Level 1:colcon.colcon_core.environment:create_environment_scripts_only(braccio_gazebo)
[1.596s] Level 1:colcon.colcon_core.environment:checking '/home/sachin/ros2_pick_n_place/install/braccio_gazebo' for CMake module files
[1.597s] Level 1:colcon.colcon_core.environment:checking '/home/sachin/ros2_pick_n_place/install/braccio_gazebo' for CMake config files
[1.599s] DEBUG:colcon.colcon_core.event_handler.log_command:Invoked command in '/home/sachin/ros2_pick_n_place/build/braccio_gazebo' returned '0': CMAKE_PREFIX_PATH=/home/sachin/ros2_pick_n_place/install/braccio_description:/home/sachin/ros2_pick_n_place/install/braccio_moveit_config:/home/sachin/ros2_pick_n_place/install/braccio_gazebo:/opt/ros/jazzy/opt/gz_sim_vendor:/opt/ros/jazzy/opt/gz_sensors_vendor:/opt/ros/jazzy/opt/gz_physics_vendor:/opt/ros/jazzy/opt/sdformat_vendor:/opt/ros/jazzy/opt/gz_gui_vendor:/opt/ros/jazzy/opt/gz_transport_vendor:/opt/ros/jazzy/opt/gz_rendering_vendor:/opt/ros/jazzy/opt/gz_plugin_vendor:/opt/ros/jazzy/opt/gz_fuel_tools_vendor:/opt/ros/jazzy/opt/gz_msgs_vendor:/opt/ros/jazzy/opt/gz_common_vendor:/opt/ros/jazzy/opt/gz_math_vendor:/opt/ros/jazzy/opt/gz_utils_vendor:/opt/ros/jazzy/opt/gz_tools_vendor:/opt/ros/jazzy/opt/gz_ogre_next_vendor:/opt/ros/jazzy/opt/gz_dartsim_vendor:/opt/ros/jazzy/opt/gz_cmake_vendor:/home/sachin/ros2_pick_n_place/install/braccio_yolo_sorting:/opt/ros/jazzy DEBUGINFOD_URLS=https://debuginfod.ubuntu.com PS1=(.ros2_venv) \[\e]0;\u@\h: \w\a\]${debian_chroot:+($debian_chroot)}\[\033[01;32m\]\u@\h\[\033[00m\]:\[\033[01;34m\]\w\[\033[00m\]\$ VIRTUAL_ENV_PROMPT=(.ros2_venv) /usr/bin/cmake --install /home/sachin/ros2_pick_n_place/build/braccio_gazebo
[1.599s] Level 1:colcon.colcon_core.shell:create_environment_hook('braccio_gazebo', 'cmake_prefix_path')
[1.599s] INFO:colcon.colcon_core.shell:Creating environment hook '/home/sachin/ros2_pick_n_place/install/braccio_gazebo/share/braccio_gazebo/hook/cmake_prefix_path.ps1'
[1.599s] INFO:colcon.colcon_core.shell:Creating environment descriptor '/home/sachin/ros2_pick_n_place/install/braccio_gazebo/share/braccio_gazebo/hook/cmake_prefix_path.dsv'
[1.599s] INFO:colcon.colcon_core.shell:Creating environment hook '/home/sachin/ros2_pick_n_place/install/braccio_gazebo/share/braccio_gazebo/hook/cmake_prefix_path.sh'
[1.600s] Level 1:colcon.colcon_core.environment:checking '/home/sachin/ros2_pick_n_place/install/braccio_gazebo/bin'
[1.600s] Level 1:colcon.colcon_core.environment:checking '/home/sachin/ros2_pick_n_place/install/braccio_gazebo/lib/pkgconfig/braccio_gazebo.pc'
[1.600s] Level 1:colcon.colcon_core.environment:checking '/home/sachin/ros2_pick_n_place/install/braccio_gazebo/lib/python3.12/site-packages'
[1.600s] Level 1:colcon.colcon_core.environment:checking '/home/sachin/ros2_pick_n_place/install/braccio_gazebo/bin'
[1.600s] INFO:colcon.colcon_core.shell:Creating package script '/home/sachin/ros2_pick_n_place/install/braccio_gazebo/share/braccio_gazebo/package.ps1'
[1.600s] INFO:colcon.colcon_core.shell:Creating package descriptor '/home/sachin/ros2_pick_n_place/install/braccio_gazebo/share/braccio_gazebo/package.dsv'
[1.601s] INFO:colcon.colcon_core.shell:Creating package script '/home/sachin/ros2_pick_n_place/install/braccio_gazebo/share/braccio_gazebo/package.sh'
[1.601s] INFO:colcon.colcon_core.shell:Creating package script '/home/sachin/ros2_pick_n_place/install/braccio_gazebo/share/braccio_gazebo/package.bash'
[1.601s] INFO:colcon.colcon_core.shell:Creating package script '/home/sachin/ros2_pick_n_place/install/braccio_gazebo/share/braccio_gazebo/package.zsh'
[1.601s] Level 1:colcon.colcon_core.environment:create_file_with_runtime_dependencies(/home/sachin/ros2_pick_n_place/install/braccio_gazebo/share/colcon-core/packages/braccio_gazebo)
[1.601s] Level 1:colcon.colcon_core.environment:create_environment_scripts_only(braccio_gazebo)
[1.601s] Level 1:colcon.colcon_core.environment:checking '/home/sachin/ros2_pick_n_place/install/braccio_gazebo' for CMake module files
[1.602s] Level 1:colcon.colcon_core.environment:checking '/home/sachin/ros2_pick_n_place/install/braccio_gazebo' for CMake config files
[1.602s] Level 1:colcon.colcon_core.shell:create_environment_hook('braccio_gazebo', 'cmake_prefix_path')
[1.602s] INFO:colcon.colcon_core.shell:Creating environment hook '/home/sachin/ros2_pick_n_place/install/braccio_gazebo/share/braccio_gazebo/hook/cmake_prefix_path.ps1'
[1.602s] INFO:colcon.colcon_core.shell:Creating environment descriptor '/home/sachin/ros2_pick_n_place/install/braccio_gazebo/share/braccio_gazebo/hook/cmake_prefix_path.dsv'
[1.602s] INFO:colcon.colcon_core.shell:Creating environment hook '/home/sachin/ros2_pick_n_place/install/braccio_gazebo/share/braccio_gazebo/hook/cmake_prefix_path.sh'
[1.603s] Level 1:colcon.colcon_core.environment:checking '/home/sachin/ros2_pick_n_place/install/braccio_gazebo/bin'
[1.603s] Level 1:colcon.colcon_core.environment:checking '/home/sachin/ros2_pick_n_place/install/braccio_gazebo/lib/pkgconfig/braccio_gazebo.pc'
[1.603s] Level 1:colcon.colcon_core.environment:checking '/home/sachin/ros2_pick_n_place/install/braccio_gazebo/lib/python3.12/site-packages'
[1.603s] Level 1:colcon.colcon_core.environment:checking '/home/sachin/ros2_pick_n_place/install/braccio_gazebo/bin'
[1.603s] INFO:colcon.colcon_core.shell:Creating package script '/home/sachin/ros2_pick_n_place/install/braccio_gazebo/share/braccio_gazebo/package.ps1'
[1.603s] INFO:colcon.colcon_core.shell:Creating package descriptor '/home/sachin/ros2_pick_n_place/install/braccio_gazebo/share/braccio_gazebo/package.dsv'
[1.604s] INFO:colcon.colcon_core.shell:Creating package script '/home/sachin/ros2_pick_n_place/install/braccio_gazebo/share/braccio_gazebo/package.sh'
[1.604s] INFO:colcon.colcon_core.shell:Creating package script '/home/sachin/ros2_pick_n_place/install/braccio_gazebo/share/braccio_gazebo/package.bash'
[1.604s] INFO:colcon.colcon_core.shell:Creating package script '/home/sachin/ros2_pick_n_place/install/braccio_gazebo/share/braccio_gazebo/package.zsh'
[1.604s] Level 1:colcon.colcon_core.environment:create_file_with_runtime_dependencies(/home/sachin/ros2_pick_n_place/install/braccio_gazebo/share/colcon-core/packages/braccio_gazebo)
[1.605s] Level 1:colcon.colcon_core.environment:create_environment_scripts_only(braccio_moveit_config)
[1.605s] Level 1:colcon.colcon_core.environment:checking '/home/sachin/ros2_pick_n_place/install/braccio_moveit_config' for CMake module files
[1.605s] DEBUG:colcon.colcon_core.event_handler.log_command:Invoked command in '/home/sachin/ros2_pick_n_place/build/braccio_moveit_config' returned '0': CMAKE_PREFIX_PATH=/home/sachin/ros2_pick_n_place/install/braccio_description:/home/sachin/ros2_pick_n_place/install/braccio_moveit_config:/home/sachin/ros2_pick_n_place/install/braccio_gazebo:/opt/ros/jazzy/opt/gz_sim_vendor:/opt/ros/jazzy/opt/gz_sensors_vendor:/opt/ros/jazzy/opt/gz_physics_vendor:/opt/ros/jazzy/opt/sdformat_vendor:/opt/ros/jazzy/opt/gz_gui_vendor:/opt/ros/jazzy/opt/gz_transport_vendor:/opt/ros/jazzy/opt/gz_rendering_vendor:/opt/ros/jazzy/opt/gz_plugin_vendor:/opt/ros/jazzy/opt/gz_fuel_tools_vendor:/opt/ros/jazzy/opt/gz_msgs_vendor:/opt/ros/jazzy/opt/gz_common_vendor:/opt/ros/jazzy/opt/gz_math_vendor:/opt/ros/jazzy/opt/gz_utils_vendor:/opt/ros/jazzy/opt/gz_tools_vendor:/opt/ros/jazzy/opt/gz_ogre_next_vendor:/opt/ros/jazzy/opt/gz_dartsim_vendor:/opt/ros/jazzy/opt/gz_cmake_vendor:/home/sachin/ros2_pick_n_place/install/braccio_yolo_sorting:/opt/ros/jazzy DEBUGINFOD_URLS=https://debuginfod.ubuntu.com PS1=(.ros2_venv) \[\e]0;\u@\h: \w\a\]${debian_chroot:+($debian_chroot)}\[\033[01;32m\]\u@\h\[\033[00m\]:\[\033[01;34m\]\w\[\033[00m\]\$ VIRTUAL_ENV_PROMPT=(.ros2_venv) /usr/bin/cmake --install /home/sachin/ros2_pick_n_place/build/braccio_moveit_config
[1.606s] Level 1:colcon.colcon_core.environment:checking '/home/sachin/ros2_pick_n_place/install/braccio_moveit_config' for CMake config files
[1.606s] Level 1:colcon.colcon_core.shell:create_environment_hook('braccio_moveit_config', 'cmake_prefix_path')
[1.606s] INFO:colcon.colcon_core.shell:Creating environment hook '/home/sachin/ros2_pick_n_place/install/braccio_moveit_config/share/braccio_moveit_config/hook/cmake_prefix_path.ps1'
[1.607s] INFO:colcon.colcon_core.shell:Creating environment descriptor '/home/sachin/ros2_pick_n_place/install/braccio_moveit_config/share/braccio_moveit_config/hook/cmake_prefix_path.dsv'
[1.607s] INFO:colcon.colcon_core.shell:Creating environment hook '/home/sachin/ros2_pick_n_place/install/braccio_moveit_config/share/braccio_moveit_config/hook/cmake_prefix_path.sh'
[1.607s] Level 1:colcon.colcon_core.environment:checking '/home/sachin/ros2_pick_n_place/install/braccio_moveit_config/bin'
[1.607s] Level 1:colcon.colcon_core.environment:checking '/home/sachin/ros2_pick_n_place/install/braccio_moveit_config/lib/pkgconfig/braccio_moveit_config.pc'
[1.607s] Level 1:colcon.colcon_core.environment:checking '/home/sachin/ros2_pick_n_place/install/braccio_moveit_config/lib/python3.12/site-packages'
[1.608s] Level 1:colcon.colcon_core.environment:checking '/home/sachin/ros2_pick_n_place/install/braccio_moveit_config/bin'
[1.608s] INFO:colcon.colcon_core.shell:Creating package script '/home/sachin/ros2_pick_n_place/install/braccio_moveit_config/share/braccio_moveit_config/package.ps1'
[1.608s] INFO:colcon.colcon_core.shell:Creating package descriptor '/home/sachin/ros2_pick_n_place/install/braccio_moveit_config/share/braccio_moveit_config/package.dsv'
[1.608s] INFO:colcon.colcon_core.shell:Creating package script '/home/sachin/ros2_pick_n_place/install/braccio_moveit_config/share/braccio_moveit_config/package.sh'
[1.608s] INFO:colcon.colcon_core.shell:Creating package script '/home/sachin/ros2_pick_n_place/install/braccio_moveit_config/share/braccio_moveit_config/package.bash'
[1.609s] INFO:colcon.colcon_core.shell:Creating package script '/home/sachin/ros2_pick_n_place/install/braccio_moveit_config/share/braccio_moveit_config/package.zsh'
[1.609s] Level 1:colcon.colcon_core.environment:create_file_with_runtime_dependencies(/home/sachin/ros2_pick_n_place/install/braccio_moveit_config/share/colcon-core/packages/braccio_moveit_config)
[1.609s] Level 1:colcon.colcon_core.environment:create_environment_scripts_only(braccio_moveit_config)
[1.609s] Level 1:colcon.colcon_core.environment:checking '/home/sachin/ros2_pick_n_place/install/braccio_moveit_config' for CMake module files
[1.609s] Level 1:colcon.colcon_core.environment:checking '/home/sachin/ros2_pick_n_place/install/braccio_moveit_config' for CMake config files
[1.609s] Level 1:colcon.colcon_core.shell:create_environment_hook('braccio_moveit_config', 'cmake_prefix_path')
[1.610s] INFO:colcon.colcon_core.shell:Creating environment hook '/home/sachin/ros2_pick_n_place/install/braccio_moveit_config/share/braccio_moveit_config/hook/cmake_prefix_path.ps1'
[1.610s] INFO:colcon.colcon_core.shell:Creating environment descriptor '/home/sachin/ros2_pick_n_place/install/braccio_moveit_config/share/braccio_moveit_config/hook/cmake_prefix_path.dsv'
[1.610s] INFO:colcon.colcon_core.shell:Creating environment hook '/home/sachin/ros2_pick_n_place/install/braccio_moveit_config/share/braccio_moveit_config/hook/cmake_prefix_path.sh'
[1.610s] Level 1:colcon.colcon_core.environment:checking '/home/sachin/ros2_pick_n_place/install/braccio_moveit_config/bin'
[1.610s] Level 1:colcon.colcon_core.environment:checking '/home/sachin/ros2_pick_n_place/install/braccio_moveit_config/lib/pkgconfig/braccio_moveit_config.pc'
[1.610s] Level 1:colcon.colcon_core.environment:checking '/home/sachin/ros2_pick_n_place/install/braccio_moveit_config/lib/python3.12/site-packages'
[1.611s] Level 1:colcon.colcon_core.environment:checking '/home/sachin/ros2_pick_n_place/install/braccio_moveit_config/bin'
[1.611s] INFO:colcon.colcon_core.shell:Creating package script '/home/sachin/ros2_pick_n_place/install/braccio_moveit_config/share/braccio_moveit_config/package.ps1'
[1.611s] INFO:colcon.colcon_core.shell:Creating package descriptor '/home/sachin/ros2_pick_n_place/install/braccio_moveit_config/share/braccio_moveit_config/package.dsv'
[1.611s] INFO:colcon.colcon_core.shell:Creating package script '/home/sachin/ros2_pick_n_place/install/braccio_moveit_config/share/braccio_moveit_config/package.sh'
[1.612s] INFO:colcon.colcon_core.shell:Creating package script '/home/sachin/ros2_pick_n_place/install/braccio_moveit_config/share/braccio_moveit_config/package.bash'
[1.612s] INFO:colcon.colcon_core.shell:Creating package script '/home/sachin/ros2_pick_n_place/install/braccio_moveit_config/share/braccio_moveit_config/package.zsh'
[1.612s] Level 1:colcon.colcon_core.environment:create_file_with_runtime_dependencies(/home/sachin/ros2_pick_n_place/install/braccio_moveit_config/share/colcon-core/packages/braccio_moveit_config)
[1.612s] INFO:colcon.colcon_ros.task.ament_python.build:Building ROS package in '/home/sachin/ros2_pick_n_place/src/braccio_yolo_sorting' with build type 'ament_python'
[1.612s] Level 1:colcon.colcon_core.shell:create_environment_hook('braccio_yolo_sorting', 'ament_prefix_path')
[1.612s] INFO:colcon.colcon_core.shell:Creating environment hook '/home/sachin/ros2_pick_n_place/install/braccio_yolo_sorting/share/braccio_yolo_sorting/hook/ament_prefix_path.ps1'
[1.613s] INFO:colcon.colcon_core.shell:Creating environment descriptor '/home/sachin/ros2_pick_n_place/install/braccio_yolo_sorting/share/braccio_yolo_sorting/hook/ament_prefix_path.dsv'
[1.613s] INFO:colcon.colcon_core.shell:Creating environment hook '/home/sachin/ros2_pick_n_place/install/braccio_yolo_sorting/share/braccio_yolo_sorting/hook/ament_prefix_path.sh'
[1.613s] INFO:colcon.colcon_core.shell:Skip shell extension 'powershell' for command environment: Not usable outside of PowerShell
[1.613s] DEBUG:colcon.colcon_core.shell:Skip shell extension 'dsv' for command environment
[1.747s] INFO:colcon.colcon_core.task.python.build:Building Python package in '/home/sachin/ros2_pick_n_place/src/braccio_yolo_sorting'
[1.747s] INFO:colcon.colcon_core.shell:Skip shell extension 'powershell' for command environment: Not usable outside of PowerShell
[1.747s] DEBUG:colcon.colcon_core.shell:Skip shell extension 'dsv' for command environment
[2.100s] DEBUG:colcon.colcon_core.event_handler.log_command:Invoking command in '/home/sachin/ros2_pick_n_place/src/braccio_yolo_sorting': DEBUGINFOD_URLS=https://debuginfod.ubuntu.com PS1=(.ros2_venv) \[\e]0;\u@\h: \w\a\]${debian_chroot:+($debian_chroot)}\[\033[01;32m\]\u@\h\[\033[00m\]:\[\033[01;34m\]\w\[\033[00m\]\$ PYTHONPATH=/home/sachin/ros2_pick_n_place/build/braccio_yolo_sorting/prefix_override:/usr/lib/python3/dist-packages/colcon_core/task/python/colcon_distutils_commands:/home/sachin/ros2_pick_n_place/install/braccio_yolo_sorting/lib/python3.12/site-packages:${PYTHONPATH} VIRTUAL_ENV_PROMPT=(.ros2_venv) /usr/bin/python3 -W ignore:setup.py install is deprecated -W ignore:easy_install command is deprecated setup.py egg_info --egg-base ../../build/braccio_yolo_sorting build --build-base /home/sachin/ros2_pick_n_place/build/braccio_yolo_sorting/build install --record /home/sachin/ros2_pick_n_place/build/braccio_yolo_sorting/install.log --single-version-externally-managed install_data
[2.426s] Level 1:colcon.colcon_core.environment:checking '/home/sachin/ros2_pick_n_place/install/braccio_yolo_sorting' for CMake module files
[2.427s] DEBUG:colcon.colcon_core.event_handler.log_command:Invoked command in '/home/sachin/ros2_pick_n_place/src/braccio_yolo_sorting' returned '0': DEBUGINFOD_URLS=https://debuginfod.ubuntu.com PS1=(.ros2_venv) \[\e]0;\u@\h: \w\a\]${debian_chroot:+($debian_chroot)}\[\033[01;32m\]\u@\h\[\033[00m\]:\[\033[01;34m\]\w\[\033[00m\]\$ PYTHONPATH=/home/sachin/ros2_pick_n_place/build/braccio_yolo_sorting/prefix_override:/usr/lib/python3/dist-packages/colcon_core/task/python/colcon_distutils_commands:/home/sachin/ros2_pick_n_place/install/braccio_yolo_sorting/lib/python3.12/site-packages:${PYTHONPATH} VIRTUAL_ENV_PROMPT=(.ros2_venv) /usr/bin/python3 -W ignore:setup.py install is deprecated -W ignore:easy_install command is deprecated setup.py egg_info --egg-base ../../build/braccio_yolo_sorting build --build-base /home/sachin/ros2_pick_n_place/build/braccio_yolo_sorting/build install --record /home/sachin/ros2_pick_n_place/build/braccio_yolo_sorting/install.log --single-version-externally-managed install_data
[2.427s] Level 1:colcon.colcon_core.environment:checking '/home/sachin/ros2_pick_n_place/install/braccio_yolo_sorting' for CMake config files
[2.427s] Level 1:colcon.colcon_core.environment:checking '/home/sachin/ros2_pick_n_place/install/braccio_yolo_sorting/lib'
[2.427s] Level 1:colcon.colcon_core.environment:checking '/home/sachin/ros2_pick_n_place/install/braccio_yolo_sorting/bin'
[2.427s] Level 1:colcon.colcon_core.environment:checking '/home/sachin/ros2_pick_n_place/install/braccio_yolo_sorting/lib/pkgconfig/braccio_yolo_sorting.pc'
[2.427s] Level 1:colcon.colcon_core.environment:checking '/home/sachin/ros2_pick_n_place/install/braccio_yolo_sorting/lib/python3.12/site-packages'
[2.428s] Level 1:colcon.colcon_core.shell:create_environment_hook('braccio_yolo_sorting', 'pythonpath')
[2.428s] INFO:colcon.colcon_core.shell:Creating environment hook '/home/sachin/ros2_pick_n_place/install/braccio_yolo_sorting/share/braccio_yolo_sorting/hook/pythonpath.ps1'
[2.428s] INFO:colcon.colcon_core.shell:Creating environment descriptor '/home/sachin/ros2_pick_n_place/install/braccio_yolo_sorting/share/braccio_yolo_sorting/hook/pythonpath.dsv'
[2.428s] INFO:colcon.colcon_core.shell:Creating environment hook '/home/sachin/ros2_pick_n_place/install/braccio_yolo_sorting/share/braccio_yolo_sorting/hook/pythonpath.sh'
[2.429s] Level 1:colcon.colcon_core.environment:checking '/home/sachin/ros2_pick_n_place/install/braccio_yolo_sorting/bin'
[2.429s] Level 1:colcon.colcon_core.environment:create_environment_scripts_only(braccio_yolo_sorting)
[2.429s] INFO:colcon.colcon_core.shell:Creating package script '/home/sachin/ros2_pick_n_place/install/braccio_yolo_sorting/share/braccio_yolo_sorting/package.ps1'
[2.429s] INFO:colcon.colcon_core.shell:Creating package descriptor '/home/sachin/ros2_pick_n_place/install/braccio_yolo_sorting/share/braccio_yolo_sorting/package.dsv'
[2.429s] INFO:colcon.colcon_core.shell:Creating package script '/home/sachin/ros2_pick_n_place/install/braccio_yolo_sorting/share/braccio_yolo_sorting/package.sh'
[2.429s] INFO:colcon.colcon_core.shell:Creating package script '/home/sachin/ros2_pick_n_place/install/braccio_yolo_sorting/share/braccio_yolo_sorting/package.bash'
[2.429s] INFO:colcon.colcon_core.shell:Creating package script '/home/sachin/ros2_pick_n_place/install/braccio_yolo_sorting/share/braccio_yolo_sorting/package.zsh'
[2.430s] Level 1:colcon.colcon_core.environment:create_file_with_runtime_dependencies(/home/sachin/ros2_pick_n_place/install/braccio_yolo_sorting/share/colcon-core/packages/braccio_yolo_sorting)
[2.430s] DEBUG:colcon.colcon_parallel_executor.executor.parallel:closing loop
[2.430s] DEBUG:colcon.colcon_parallel_executor.executor.parallel:loop closed
[2.430s] DEBUG:colcon.colcon_parallel_executor.executor.parallel:run_until_complete finished with '0'
[2.430s] DEBUG:colcon.colcon_core.event_reactor:joining thread
[2.434s] INFO:colcon.colcon_core.plugin_system:Skipping extension 'colcon_notification.desktop_notification.terminal_notifier': Not used on non-Darwin systems
[2.434s] INFO:colcon.colcon_core.plugin_system:Skipping extension 'colcon_notification.desktop_notification.win32': Not used on non-Windows systems
[2.434s] INFO:colcon.colcon_notification.desktop_notification:Sending desktop notification using 'notify2'
[2.444s] DEBUG:colcon.colcon_core.event_reactor:joined thread
[2.444s] INFO:colcon.colcon_core.shell:Creating prefix script '/home/sachin/ros2_pick_n_place/install/local_setup.ps1'
[2.444s] INFO:colcon.colcon_core.shell:Creating prefix util module '/home/sachin/ros2_pick_n_place/install/_local_setup_util_ps1.py'
[2.445s] INFO:colcon.colcon_core.shell:Creating prefix chain script '/home/sachin/ros2_pick_n_place/install/setup.ps1'
[2.446s] INFO:colcon.colcon_core.shell:Creating prefix script '/home/sachin/ros2_pick_n_place/install/local_setup.sh'
[2.446s] INFO:colcon.colcon_core.shell:Creating prefix util module '/home/sachin/ros2_pick_n_place/install/_local_setup_util_sh.py'
[2.446s] INFO:colcon.colcon_core.shell:Creating prefix chain script '/home/sachin/ros2_pick_n_place/install/setup.sh'
[2.447s] INFO:colcon.colcon_core.shell:Creating prefix script '/home/sachin/ros2_pick_n_place/install/local_setup.bash'
[2.447s] INFO:colcon.colcon_core.shell:Creating prefix chain script '/home/sachin/ros2_pick_n_place/install/setup.bash'
[2.448s] INFO:colcon.colcon_core.shell:Creating prefix script '/home/sachin/ros2_pick_n_place/install/local_setup.zsh'
[2.448s] INFO:colcon.colcon_core.shell:Creating prefix chain script '/home/sachin/ros2_pick_n_place/install/setup.zsh'
