[0.019s] Invoking command in '/home/sachin/ros2_pick_n_place/build/braccio_gazebo': AMENT_PREFIX_PATH=/home/sachin/ros2_pick_n_place/install/braccio_description:${AMENT_PREFIX_PATH} CMAKE_PREFIX_PATH=/home/sachin/ros2_pick_n_place/install/braccio_description:/opt/ros/jazzy/opt/gz_sim_vendor:/opt/ros/jazzy/opt/gz_sensors_vendor:/opt/ros/jazzy/opt/gz_physics_vendor:/opt/ros/jazzy/opt/sdformat_vendor:/opt/ros/jazzy/opt/gz_gui_vendor:/opt/ros/jazzy/opt/gz_transport_vendor:/opt/ros/jazzy/opt/gz_rendering_vendor:/opt/ros/jazzy/opt/gz_plugin_vendor:/opt/ros/jazzy/opt/gz_fuel_tools_vendor:/opt/ros/jazzy/opt/gz_msgs_vendor:/opt/ros/jazzy/opt/gz_common_vendor:/opt/ros/jazzy/opt/gz_math_vendor:/opt/ros/jazzy/opt/gz_utils_vendor:/opt/ros/jazzy/opt/gz_tools_vendor:/opt/ros/jazzy/opt/gz_ogre_next_vendor:/opt/ros/jazzy/opt/gz_dartsim_vendor:/opt/ros/jazzy/opt/gz_cmake_vendor:/opt/ros/jazzy DEBUGINFOD_URLS=https://debuginfod.ubuntu.com PS1=(.ros2_venv) \[\e]0;\u@\h: \w\a\]${debian_chroot:+($debian_chroot)}\[\033[01;32m\]\u@\h\[\033[00m\]:\[\033[01;34m\]\w\[\033[00m\]\$ VIRTUAL_ENV_PROMPT=(.ros2_venv) /usr/bin/cmake --build /home/sachin/ros2_pick_n_place/build/braccio_gazebo -- -j12 -l12
[0.084s] Invoked command in '/home/sachin/ros2_pick_n_place/build/braccio_gazebo' returned '0': AMENT_PREFIX_PATH=/home/sachin/ros2_pick_n_place/install/braccio_description:${AMENT_PREFIX_PATH} CMAKE_PREFIX_PATH=/home/sachin/ros2_pick_n_place/install/braccio_description:/opt/ros/jazzy/opt/gz_sim_vendor:/opt/ros/jazzy/opt/gz_sensors_vendor:/opt/ros/jazzy/opt/gz_physics_vendor:/opt/ros/jazzy/opt/sdformat_vendor:/opt/ros/jazzy/opt/gz_gui_vendor:/opt/ros/jazzy/opt/gz_transport_vendor:/opt/ros/jazzy/opt/gz_rendering_vendor:/opt/ros/jazzy/opt/gz_plugin_vendor:/opt/ros/jazzy/opt/gz_fuel_tools_vendor:/opt/ros/jazzy/opt/gz_msgs_vendor:/opt/ros/jazzy/opt/gz_common_vendor:/opt/ros/jazzy/opt/gz_math_vendor:/opt/ros/jazzy/opt/gz_utils_vendor:/opt/ros/jazzy/opt/gz_tools_vendor:/opt/ros/jazzy/opt/gz_ogre_next_vendor:/opt/ros/jazzy/opt/gz_dartsim_vendor:/opt/ros/jazzy/opt/gz_cmake_vendor:/opt/ros/jazzy DEBUGINFOD_URLS=https://debuginfod.ubuntu.com PS1=(.ros2_venv) \[\e]0;\u@\h: \w\a\]${debian_chroot:+($debian_chroot)}\[\033[01;32m\]\u@\h\[\033[00m\]:\[\033[01;34m\]\w\[\033[00m\]\$ VIRTUAL_ENV_PROMPT=(.ros2_venv) /usr/bin/cmake --build /home/sachin/ros2_pick_n_place/build/braccio_gazebo -- -j12 -l12
[0.086s] Invoking command in '/home/sachin/ros2_pick_n_place/build/braccio_gazebo': AMENT_PREFIX_PATH=/home/sachin/ros2_pick_n_place/install/braccio_description:${AMENT_PREFIX_PATH} CMAKE_PREFIX_PATH=/home/sachin/ros2_pick_n_place/install/braccio_description:/opt/ros/jazzy/opt/gz_sim_vendor:/opt/ros/jazzy/opt/gz_sensors_vendor:/opt/ros/jazzy/opt/gz_physics_vendor:/opt/ros/jazzy/opt/sdformat_vendor:/opt/ros/jazzy/opt/gz_gui_vendor:/opt/ros/jazzy/opt/gz_transport_vendor:/opt/ros/jazzy/opt/gz_rendering_vendor:/opt/ros/jazzy/opt/gz_plugin_vendor:/opt/ros/jazzy/opt/gz_fuel_tools_vendor:/opt/ros/jazzy/opt/gz_msgs_vendor:/opt/ros/jazzy/opt/gz_common_vendor:/opt/ros/jazzy/opt/gz_math_vendor:/opt/ros/jazzy/opt/gz_utils_vendor:/opt/ros/jazzy/opt/gz_tools_vendor:/opt/ros/jazzy/opt/gz_ogre_next_vendor:/opt/ros/jazzy/opt/gz_dartsim_vendor:/opt/ros/jazzy/opt/gz_cmake_vendor:/opt/ros/jazzy DEBUGINFOD_URLS=https://debuginfod.ubuntu.com PS1=(.ros2_venv) \[\e]0;\u@\h: \w\a\]${debian_chroot:+($debian_chroot)}\[\033[01;32m\]\u@\h\[\033[00m\]:\[\033[01;34m\]\w\[\033[00m\]\$ VIRTUAL_ENV_PROMPT=(.ros2_venv) /usr/bin/cmake --install /home/sachin/ros2_pick_n_place/build/braccio_gazebo
[0.102s] -- Install configuration: ""
[0.102s] -- Up-to-date: /home/sachin/ros2_pick_n_place/install/braccio_gazebo/share/braccio_gazebo/worlds
[0.102s] -- Up-to-date: /home/sachin/ros2_pick_n_place/install/braccio_gazebo/share/braccio_gazebo/worlds/braccio_sorting.sdf
[0.102s] -- Up-to-date: /home/sachin/ros2_pick_n_place/install/braccio_gazebo/share/braccio_gazebo/worlds/braccio_sorting.world
[0.102s] -- Up-to-date: /home/sachin/ros2_pick_n_place/install/braccio_gazebo/share/braccio_gazebo/launch
[0.103s] -- Up-to-date: /home/sachin/ros2_pick_n_place/install/braccio_gazebo/share/braccio_gazebo/launch/braccio_gazebo.launch.py
[0.103s] -- Up-to-date: /home/sachin/ros2_pick_n_place/install/braccio_gazebo/share/ament_index/resource_index/package_run_dependencies/braccio_gazebo
[0.103s] -- Up-to-date: /home/sachin/ros2_pick_n_place/install/braccio_gazebo/share/ament_index/resource_index/parent_prefix_path/braccio_gazebo
[0.103s] -- Up-to-date: /home/sachin/ros2_pick_n_place/install/braccio_gazebo/share/braccio_gazebo/environment/ament_prefix_path.sh
[0.103s] -- Up-to-date: /home/sachin/ros2_pick_n_place/install/braccio_gazebo/share/braccio_gazebo/environment/ament_prefix_path.dsv
[0.103s] -- Up-to-date: /home/sachin/ros2_pick_n_place/install/braccio_gazebo/share/braccio_gazebo/environment/path.sh
[0.103s] -- Up-to-date: /home/sachin/ros2_pick_n_place/install/braccio_gazebo/share/braccio_gazebo/environment/path.dsv
[0.103s] -- Up-to-date: /home/sachin/ros2_pick_n_place/install/braccio_gazebo/share/braccio_gazebo/local_setup.bash
[0.104s] -- Up-to-date: /home/sachin/ros2_pick_n_place/install/braccio_gazebo/share/braccio_gazebo/local_setup.sh
[0.104s] -- Up-to-date: /home/sachin/ros2_pick_n_place/install/braccio_gazebo/share/braccio_gazebo/local_setup.zsh
[0.104s] -- Up-to-date: /home/sachin/ros2_pick_n_place/install/braccio_gazebo/share/braccio_gazebo/local_setup.dsv
[0.104s] -- Installing: /home/sachin/ros2_pick_n_place/install/braccio_gazebo/share/braccio_gazebo/package.dsv
[0.104s] -- Up-to-date: /home/sachin/ros2_pick_n_place/install/braccio_gazebo/share/ament_index/resource_index/packages/braccio_gazebo
[0.104s] -- Up-to-date: /home/sachin/ros2_pick_n_place/install/braccio_gazebo/share/braccio_gazebo/cmake/braccio_gazeboConfig.cmake
[0.105s] -- Up-to-date: /home/sachin/ros2_pick_n_place/install/braccio_gazebo/share/braccio_gazebo/cmake/braccio_gazeboConfig-version.cmake
[0.105s] -- Up-to-date: /home/sachin/ros2_pick_n_place/install/braccio_gazebo/share/braccio_gazebo/package.xml
[0.107s] Invoked command in '/home/sachin/ros2_pick_n_place/build/braccio_gazebo' returned '0': AMENT_PREFIX_PATH=/home/sachin/ros2_pick_n_place/install/braccio_description:${AMENT_PREFIX_PATH} CMAKE_PREFIX_PATH=/home/sachin/ros2_pick_n_place/install/braccio_description:/opt/ros/jazzy/opt/gz_sim_vendor:/opt/ros/jazzy/opt/gz_sensors_vendor:/opt/ros/jazzy/opt/gz_physics_vendor:/opt/ros/jazzy/opt/sdformat_vendor:/opt/ros/jazzy/opt/gz_gui_vendor:/opt/ros/jazzy/opt/gz_transport_vendor:/opt/ros/jazzy/opt/gz_rendering_vendor:/opt/ros/jazzy/opt/gz_plugin_vendor:/opt/ros/jazzy/opt/gz_fuel_tools_vendor:/opt/ros/jazzy/opt/gz_msgs_vendor:/opt/ros/jazzy/opt/gz_common_vendor:/opt/ros/jazzy/opt/gz_math_vendor:/opt/ros/jazzy/opt/gz_utils_vendor:/opt/ros/jazzy/opt/gz_tools_vendor:/opt/ros/jazzy/opt/gz_ogre_next_vendor:/opt/ros/jazzy/opt/gz_dartsim_vendor:/opt/ros/jazzy/opt/gz_cmake_vendor:/opt/ros/jazzy DEBUGINFOD_URLS=https://debuginfod.ubuntu.com PS1=(.ros2_venv) \[\e]0;\u@\h: \w\a\]${debian_chroot:+($debian_chroot)}\[\033[01;32m\]\u@\h\[\033[00m\]:\[\033[01;34m\]\w\[\033[00m\]\$ VIRTUAL_ENV_PROMPT=(.ros2_venv) /usr/bin/cmake --install /home/sachin/ros2_pick_n_place/build/braccio_gazebo
