running egg_info
creating ../../build/braccio_yolo_sorting/braccio_yolo_sorting.egg-info
writing ../../build/braccio_yolo_sorting/braccio_yolo_sorting.egg-info/PKG-INFO
writing dependency_links to ../../build/braccio_yolo_sorting/braccio_yolo_sorting.egg-info/dependency_links.txt
writing entry points to ../../build/braccio_yolo_sorting/braccio_yolo_sorting.egg-info/entry_points.txt
writing requirements to ../../build/braccio_yolo_sorting/braccio_yolo_sorting.egg-info/requires.txt
writing top-level names to ../../build/braccio_yolo_sorting/braccio_yolo_sorting.egg-info/top_level.txt
writing manifest file '../../build/braccio_yolo_sorting/braccio_yolo_sorting.egg-info/SOURCES.txt'
reading manifest file '../../build/braccio_yolo_sorting/braccio_yolo_sorting.egg-info/SOURCES.txt'
adding license file 'LICENSE'
writing manifest file '../../build/braccio_yolo_sorting/braccio_yolo_sorting.egg-info/SOURCES.txt'
running build
running build_py
creating /home/sachin/ros2_pick_n_place/build/braccio_yolo_sorting/build
creating /home/sachin/ros2_pick_n_place/build/braccio_yolo_sorting/build/lib
creating /home/sachin/ros2_pick_n_place/build/braccio_yolo_sorting/build/lib/braccio_yolo_sorting
copying braccio_yolo_sorting/__init__.py -> /home/sachin/ros2_pick_n_place/build/braccio_yolo_sorting/build/lib/braccio_yolo_sorting
copying braccio_yolo_sorting/yolo_detector_node.py -> /home/sachin/ros2_pick_n_place/build/braccio_yolo_sorting/build/lib/braccio_yolo_sorting
copying braccio_yolo_sorting/braccio_moveit_sorting_controller.py -> /home/sachin/ros2_pick_n_place/build/braccio_yolo_sorting/build/lib/braccio_yolo_sorting
running install
running install_lib
creating /home/sachin/ros2_pick_n_place/install/braccio_yolo_sorting/lib/python3.12/site-packages/braccio_yolo_sorting
copying /home/sachin/ros2_pick_n_place/build/braccio_yolo_sorting/build/lib/braccio_yolo_sorting/__init__.py -> /home/sachin/ros2_pick_n_place/install/braccio_yolo_sorting/lib/python3.12/site-packages/braccio_yolo_sorting
copying /home/sachin/ros2_pick_n_place/build/braccio_yolo_sorting/build/lib/braccio_yolo_sorting/yolo_detector_node.py -> /home/sachin/ros2_pick_n_place/install/braccio_yolo_sorting/lib/python3.12/site-packages/braccio_yolo_sorting
copying /home/sachin/ros2_pick_n_place/build/braccio_yolo_sorting/build/lib/braccio_yolo_sorting/braccio_moveit_sorting_controller.py -> /home/sachin/ros2_pick_n_place/install/braccio_yolo_sorting/lib/python3.12/site-packages/braccio_yolo_sorting
byte-compiling /home/sachin/ros2_pick_n_place/install/braccio_yolo_sorting/lib/python3.12/site-packages/braccio_yolo_sorting/__init__.py to __init__.cpython-312.pyc
byte-compiling /home/sachin/ros2_pick_n_place/install/braccio_yolo_sorting/lib/python3.12/site-packages/braccio_yolo_sorting/yolo_detector_node.py to yolo_detector_node.cpython-312.pyc
byte-compiling /home/sachin/ros2_pick_n_place/install/braccio_yolo_sorting/lib/python3.12/site-packages/braccio_yolo_sorting/braccio_moveit_sorting_controller.py to braccio_moveit_sorting_controller.cpython-312.pyc
running install_data
creating /home/sachin/ros2_pick_n_place/install/braccio_yolo_sorting/share/ament_index
creating /home/sachin/ros2_pick_n_place/install/braccio_yolo_sorting/share/ament_index/resource_index
creating /home/sachin/ros2_pick_n_place/install/braccio_yolo_sorting/share/ament_index/resource_index/packages
copying resource/braccio_yolo_sorting -> /home/sachin/ros2_pick_n_place/install/braccio_yolo_sorting/share/ament_index/resource_index/packages
copying package.xml -> /home/sachin/ros2_pick_n_place/install/braccio_yolo_sorting/share/braccio_yolo_sorting
creating /home/sachin/ros2_pick_n_place/install/braccio_yolo_sorting/share/braccio_yolo_sorting/launch
copying launch/braccio_moveit_sorting.launch.py -> /home/sachin/ros2_pick_n_place/install/braccio_yolo_sorting/share/braccio_yolo_sorting/launch
creating /home/sachin/ros2_pick_n_place/install/braccio_yolo_sorting/share/braccio_yolo_sorting/config
running install_egg_info
Copying ../../build/braccio_yolo_sorting/braccio_yolo_sorting.egg-info to /home/sachin/ros2_pick_n_place/install/braccio_yolo_sorting/lib/python3.12/site-packages/braccio_yolo_sorting-0.1.0-py3.12.egg-info
running install_scripts
Installing braccio_moveit_sorting_controller.py script to /home/sachin/ros2_pick_n_place/install/braccio_yolo_sorting/lib/braccio_yolo_sorting
Installing braccio_sorting_controller.py script to /home/sachin/ros2_pick_n_place/install/braccio_yolo_sorting/lib/braccio_yolo_sorting
Installing yolo_detector_node.py script to /home/sachin/ros2_pick_n_place/install/braccio_yolo_sorting/lib/braccio_yolo_sorting
writing list of installed files to '/home/sachin/ros2_pick_n_place/build/braccio_yolo_sorting/install.log'
