[0.487s] Invoking command in '/home/sachin/ros2_pick_n_place/src/braccio_yolo_sorting': DEBUGINFOD_URLS=https://debuginfod.ubuntu.com PS1=(.ros2_venv) \[\e]0;\u@\h: \w\a\]${debian_chroot:+($debian_chroot)}\[\033[01;32m\]\u@\h\[\033[00m\]:\[\033[01;34m\]\w\[\033[00m\]\$ PYTHONPATH=/home/sachin/ros2_pick_n_place/build/braccio_yolo_sorting/prefix_override:/usr/lib/python3/dist-packages/colcon_core/task/python/colcon_distutils_commands:/home/sachin/ros2_pick_n_place/install/braccio_yolo_sorting/lib/python3.12/site-packages:${PYTHONPATH} VIRTUAL_ENV_PROMPT=(.ros2_venv) /usr/bin/python3 -W ignore:setup.py install is deprecated -W ignore:easy_install command is deprecated setup.py egg_info --egg-base ../../build/braccio_yolo_sorting build --build-base /home/sachin/ros2_pick_n_place/build/braccio_yolo_sorting/build install --record /home/sachin/ros2_pick_n_place/build/braccio_yolo_sorting/install.log --single-version-externally-managed install_data
[0.644s] running egg_info
[0.644s] creating ../../build/braccio_yolo_sorting/braccio_yolo_sorting.egg-info
[0.655s] writing ../../build/braccio_yolo_sorting/braccio_yolo_sorting.egg-info/PKG-INFO
[0.655s] writing dependency_links to ../../build/braccio_yolo_sorting/braccio_yolo_sorting.egg-info/dependency_links.txt
[0.655s] writing entry points to ../../build/braccio_yolo_sorting/braccio_yolo_sorting.egg-info/entry_points.txt
[0.655s] writing requirements to ../../build/braccio_yolo_sorting/braccio_yolo_sorting.egg-info/requires.txt
[0.655s] writing top-level names to ../../build/braccio_yolo_sorting/braccio_yolo_sorting.egg-info/top_level.txt
[0.655s] writing manifest file '../../build/braccio_yolo_sorting/braccio_yolo_sorting.egg-info/SOURCES.txt'
[0.678s] reading manifest file '../../build/braccio_yolo_sorting/braccio_yolo_sorting.egg-info/SOURCES.txt'
[0.678s] adding license file 'LICENSE'
[0.678s] writing manifest file '../../build/braccio_yolo_sorting/braccio_yolo_sorting.egg-info/SOURCES.txt'
[0.679s] running build
[0.679s] running build_py
[0.679s] creating /home/sachin/ros2_pick_n_place/build/braccio_yolo_sorting/build
[0.679s] creating /home/sachin/ros2_pick_n_place/build/braccio_yolo_sorting/build/lib
[0.679s] creating /home/sachin/ros2_pick_n_place/build/braccio_yolo_sorting/build/lib/braccio_yolo_sorting
[0.679s] copying braccio_yolo_sorting/__init__.py -> /home/sachin/ros2_pick_n_place/build/braccio_yolo_sorting/build/lib/braccio_yolo_sorting
[0.679s] copying braccio_yolo_sorting/yolo_detector_node.py -> /home/sachin/ros2_pick_n_place/build/braccio_yolo_sorting/build/lib/braccio_yolo_sorting
[0.684s] copying braccio_yolo_sorting/braccio_moveit_sorting_controller.py -> /home/sachin/ros2_pick_n_place/build/braccio_yolo_sorting/build/lib/braccio_yolo_sorting
[0.684s] running install
[0.688s] running install_lib
[0.701s] creating /home/sachin/ros2_pick_n_place/install/braccio_yolo_sorting/lib/python3.12/site-packages/braccio_yolo_sorting
[0.701s] copying /home/sachin/ros2_pick_n_place/build/braccio_yolo_sorting/build/lib/braccio_yolo_sorting/__init__.py -> /home/sachin/ros2_pick_n_place/install/braccio_yolo_sorting/lib/python3.12/site-packages/braccio_yolo_sorting
[0.701s] copying /home/sachin/ros2_pick_n_place/build/braccio_yolo_sorting/build/lib/braccio_yolo_sorting/yolo_detector_node.py -> /home/sachin/ros2_pick_n_place/install/braccio_yolo_sorting/lib/python3.12/site-packages/braccio_yolo_sorting
[0.701s] copying /home/sachin/ros2_pick_n_place/build/braccio_yolo_sorting/build/lib/braccio_yolo_sorting/braccio_moveit_sorting_controller.py -> /home/sachin/ros2_pick_n_place/install/braccio_yolo_sorting/lib/python3.12/site-packages/braccio_yolo_sorting
[0.701s] byte-compiling /home/sachin/ros2_pick_n_place/install/braccio_yolo_sorting/lib/python3.12/site-packages/braccio_yolo_sorting/__init__.py to __init__.cpython-312.pyc
[0.701s] byte-compiling /home/sachin/ros2_pick_n_place/install/braccio_yolo_sorting/lib/python3.12/site-packages/braccio_yolo_sorting/yolo_detector_node.py to yolo_detector_node.cpython-312.pyc
[0.703s] byte-compiling /home/sachin/ros2_pick_n_place/install/braccio_yolo_sorting/lib/python3.12/site-packages/braccio_yolo_sorting/braccio_moveit_sorting_controller.py to braccio_moveit_sorting_controller.cpython-312.pyc
[0.705s] running install_data
[0.705s] creating /home/sachin/ros2_pick_n_place/install/braccio_yolo_sorting/share/ament_index
[0.705s] creating /home/sachin/ros2_pick_n_place/install/braccio_yolo_sorting/share/ament_index/resource_index
[0.705s] creating /home/sachin/ros2_pick_n_place/install/braccio_yolo_sorting/share/ament_index/resource_index/packages
[0.705s] copying resource/braccio_yolo_sorting -> /home/sachin/ros2_pick_n_place/install/braccio_yolo_sorting/share/ament_index/resource_index/packages
[0.705s] copying package.xml -> /home/sachin/ros2_pick_n_place/install/braccio_yolo_sorting/share/braccio_yolo_sorting
[0.705s] creating /home/sachin/ros2_pick_n_place/install/braccio_yolo_sorting/share/braccio_yolo_sorting/launch
[0.705s] copying launch/braccio_moveit_sorting.launch.py -> /home/sachin/ros2_pick_n_place/install/braccio_yolo_sorting/share/braccio_yolo_sorting/launch
[0.706s] creating /home/sachin/ros2_pick_n_place/install/braccio_yolo_sorting/share/braccio_yolo_sorting/config
[0.706s] running install_egg_info
[0.718s] Copying ../../build/braccio_yolo_sorting/braccio_yolo_sorting.egg-info to /home/sachin/ros2_pick_n_place/install/braccio_yolo_sorting/lib/python3.12/site-packages/braccio_yolo_sorting-0.1.0-py3.12.egg-info
[0.718s] running install_scripts
[0.795s] Installing braccio_moveit_sorting_controller.py script to /home/sachin/ros2_pick_n_place/install/braccio_yolo_sorting/lib/braccio_yolo_sorting
[0.795s] Installing braccio_sorting_controller.py script to /home/sachin/ros2_pick_n_place/install/braccio_yolo_sorting/lib/braccio_yolo_sorting
[0.795s] Installing yolo_detector_node.py script to /home/sachin/ros2_pick_n_place/install/braccio_yolo_sorting/lib/braccio_yolo_sorting
[0.795s] writing list of installed files to '/home/sachin/ros2_pick_n_place/build/braccio_yolo_sorting/install.log'
[0.814s] Invoked command in '/home/sachin/ros2_pick_n_place/src/braccio_yolo_sorting' returned '0': DEBUGINFOD_URLS=https://debuginfod.ubuntu.com PS1=(.ros2_venv) \[\e]0;\u@\h: \w\a\]${debian_chroot:+($debian_chroot)}\[\033[01;32m\]\u@\h\[\033[00m\]:\[\033[01;34m\]\w\[\033[00m\]\$ PYTHONPATH=/home/sachin/ros2_pick_n_place/build/braccio_yolo_sorting/prefix_override:/usr/lib/python3/dist-packages/colcon_core/task/python/colcon_distutils_commands:/home/sachin/ros2_pick_n_place/install/braccio_yolo_sorting/lib/python3.12/site-packages:${PYTHONPATH} VIRTUAL_ENV_PROMPT=(.ros2_venv) /usr/bin/python3 -W ignore:setup.py install is deprecated -W ignore:easy_install command is deprecated setup.py egg_info --egg-base ../../build/braccio_yolo_sorting build --build-base /home/sachin/ros2_pick_n_place/build/braccio_yolo_sorting/build install --record /home/sachin/ros2_pick_n_place/build/braccio_yolo_sorting/install.log --single-version-externally-managed install_data
