[0.497s] Invoking command in '/home/sachin/ros2_pick_n_place/src/braccio_yolo_sorting': DEBUGINFOD_URLS=https://debuginfod.ubuntu.com PS1=(.ros2_venv) \[\e]0;\u@\h: \w\a\]${debian_chroot:+($debian_chroot)}\[\033[01;32m\]\u@\h\[\033[00m\]:\[\033[01;34m\]\w\[\033[00m\]\$ PYTHONPATH=/home/sachin/ros2_pick_n_place/build/braccio_yolo_sorting/prefix_override:/usr/lib/python3/dist-packages/colcon_core/task/python/colcon_distutils_commands:/home/sachin/ros2_pick_n_place/install/braccio_yolo_sorting/lib/python3.12/site-packages:${PYTHONPATH} VIRTUAL_ENV_PROMPT=(.ros2_venv) /usr/bin/python3 -W ignore:setup.py install is deprecated -W ignore:easy_install command is deprecated setup.py egg_info --egg-base ../../build/braccio_yolo_sorting build --build-base /home/sachin/ros2_pick_n_place/build/braccio_yolo_sorting/build install --record /home/sachin/ros2_pick_n_place/build/braccio_yolo_sorting/install.log --single-version-externally-managed install_data
[0.661s] running egg_info
[0.672s] writing ../../build/braccio_yolo_sorting/braccio_yolo_sorting.egg-info/PKG-INFO
[0.673s] writing dependency_links to ../../build/braccio_yolo_sorting/braccio_yolo_sorting.egg-info/dependency_links.txt
[0.673s] writing entry points to ../../build/braccio_yolo_sorting/braccio_yolo_sorting.egg-info/entry_points.txt
[0.673s] writing requirements to ../../build/braccio_yolo_sorting/braccio_yolo_sorting.egg-info/requires.txt
[0.673s] writing top-level names to ../../build/braccio_yolo_sorting/braccio_yolo_sorting.egg-info/top_level.txt
[0.696s] reading manifest file '../../build/braccio_yolo_sorting/braccio_yolo_sorting.egg-info/SOURCES.txt'
[0.696s] adding license file 'LICENSE'
[0.696s] writing manifest file '../../build/braccio_yolo_sorting/braccio_yolo_sorting.egg-info/SOURCES.txt'
[0.696s] running build
[0.696s] running build_py
[0.697s] running install
[0.701s] running install_lib
[0.712s] running install_data
[0.713s] running install_egg_info
[0.725s] removing '/home/sachin/ros2_pick_n_place/install/braccio_yolo_sorting/lib/python3.12/site-packages/braccio_yolo_sorting-0.1.0-py3.12.egg-info' (and everything under it)
[0.726s] Copying ../../build/braccio_yolo_sorting/braccio_yolo_sorting.egg-info to /home/sachin/ros2_pick_n_place/install/braccio_yolo_sorting/lib/python3.12/site-packages/braccio_yolo_sorting-0.1.0-py3.12.egg-info
[0.726s] running install_scripts
[0.804s] Installing braccio_moveit_sorting_controller.py script to /home/sachin/ros2_pick_n_place/install/braccio_yolo_sorting/lib/braccio_yolo_sorting
[0.804s] Installing braccio_sorting_controller.py script to /home/sachin/ros2_pick_n_place/install/braccio_yolo_sorting/lib/braccio_yolo_sorting
[0.804s] Installing yolo_detector_node.py script to /home/sachin/ros2_pick_n_place/install/braccio_yolo_sorting/lib/braccio_yolo_sorting
[0.804s] writing list of installed files to '/home/sachin/ros2_pick_n_place/build/braccio_yolo_sorting/install.log'
[0.824s] Invoked command in '/home/sachin/ros2_pick_n_place/src/braccio_yolo_sorting' returned '0': DEBUGINFOD_URLS=https://debuginfod.ubuntu.com PS1=(.ros2_venv) \[\e]0;\u@\h: \w\a\]${debian_chroot:+($debian_chroot)}\[\033[01;32m\]\u@\h\[\033[00m\]:\[\033[01;34m\]\w\[\033[00m\]\$ PYTHONPATH=/home/sachin/ros2_pick_n_place/build/braccio_yolo_sorting/prefix_override:/usr/lib/python3/dist-packages/colcon_core/task/python/colcon_distutils_commands:/home/sachin/ros2_pick_n_place/install/braccio_yolo_sorting/lib/python3.12/site-packages:${PYTHONPATH} VIRTUAL_ENV_PROMPT=(.ros2_venv) /usr/bin/python3 -W ignore:setup.py install is deprecated -W ignore:easy_install command is deprecated setup.py egg_info --egg-base ../../build/braccio_yolo_sorting build --build-base /home/sachin/ros2_pick_n_place/build/braccio_yolo_sorting/build install --record /home/sachin/ros2_pick_n_place/build/braccio_yolo_sorting/install.log --single-version-externally-managed install_data
