[0.598s] Invoking command in '/home/sachin/ros2_pick_n_place/src/braccio_yolo_sorting': CMAKE_PREFIX_PATH=/home/sachin/ros2_pick_n_place/install/braccio_gazebo:/home/sachin/ros2_pick_n_place/install/braccio_description:/home/sachin/ros2_pick_n_place/install/braccio_moveit_config:/home/sachin/pnp_ws/install/braccio_moveit_config:/home/sachin/pnp_ws/install/braccio_gazebo:/home/sachin/pnp_ws/install/braccio_description:/home/sachin/pnp_ws/src/install/braccio_description:/opt/ros/jazzy/opt/gz_sim_vendor:/opt/ros/jazzy/opt/gz_sensors_vendor:/opt/ros/jazzy/opt/gz_physics_vendor:/opt/ros/jazzy/opt/sdformat_vendor:/opt/ros/jazzy/opt/gz_gui_vendor:/opt/ros/jazzy/opt/gz_transport_vendor:/opt/ros/jazzy/opt/gz_rendering_vendor:/opt/ros/jazzy/opt/gz_plugin_vendor:/opt/ros/jazzy/opt/gz_fuel_tools_vendor:/opt/ros/jazzy/opt/gz_msgs_vendor:/opt/ros/jazzy/opt/gz_common_vendor:/opt/ros/jazzy/opt/gz_math_vendor:/opt/ros/jazzy/opt/gz_utils_vendor:/opt/ros/jazzy/opt/gz_tools_vendor:/opt/ros/jazzy/opt/gz_ogre_next_vendor:/opt/ros/jazzy/opt/gz_dartsim_vendor:/opt/ros/jazzy/opt/gz_cmake_vendor DEBUGINFOD_URLS=https://debuginfod.ubuntu.com PS1=(.ros2_venv) \[\e]0;\u@\h: \w\a\]${debian_chroot:+($debian_chroot)}\[\033[01;32m\]\u@\h\[\033[00m\]:\[\033[01;34m\]\w\[\033[00m\]\$ PYTHONPATH=/home/sachin/ros2_pick_n_place/build/braccio_yolo_sorting/prefix_override:/usr/lib/python3/dist-packages/colcon_core/task/python/colcon_distutils_commands:/home/sachin/ros2_pick_n_place/install/braccio_yolo_sorting/lib/python3.12/site-packages:${PYTHONPATH} VIRTUAL_ENV_PROMPT=(.ros2_venv) /usr/bin/python3 -W ignore:setup.py install is deprecated -W ignore:easy_install command is deprecated setup.py egg_info --egg-base ../../build/braccio_yolo_sorting build --build-base /home/sachin/ros2_pick_n_place/build/braccio_yolo_sorting/build install --record /home/sachin/ros2_pick_n_place/build/braccio_yolo_sorting/install.log --single-version-externally-managed install_data
[0.763s] running egg_info
[0.763s] creating ../../build/braccio_yolo_sorting/braccio_yolo_sorting.egg-info
[0.774s] writing ../../build/braccio_yolo_sorting/braccio_yolo_sorting.egg-info/PKG-INFO
[0.774s] writing dependency_links to ../../build/braccio_yolo_sorting/braccio_yolo_sorting.egg-info/dependency_links.txt
[0.774s] writing entry points to ../../build/braccio_yolo_sorting/braccio_yolo_sorting.egg-info/entry_points.txt
[0.774s] writing requirements to ../../build/braccio_yolo_sorting/braccio_yolo_sorting.egg-info/requires.txt
[0.774s] writing top-level names to ../../build/braccio_yolo_sorting/braccio_yolo_sorting.egg-info/top_level.txt
[0.775s] writing manifest file '../../build/braccio_yolo_sorting/braccio_yolo_sorting.egg-info/SOURCES.txt'
[0.797s] reading manifest file '../../build/braccio_yolo_sorting/braccio_yolo_sorting.egg-info/SOURCES.txt'
[0.797s] adding license file 'LICENSE'
[0.798s] writing manifest file '../../build/braccio_yolo_sorting/braccio_yolo_sorting.egg-info/SOURCES.txt'
[0.798s] running build
[0.798s] running build_py
[0.798s] creating /home/sachin/ros2_pick_n_place/build/braccio_yolo_sorting/build
[0.798s] creating /home/sachin/ros2_pick_n_place/build/braccio_yolo_sorting/build/lib
[0.798s] creating /home/sachin/ros2_pick_n_place/build/braccio_yolo_sorting/build/lib/braccio_yolo_sorting
[0.798s] copying braccio_yolo_sorting/__init__.py -> /home/sachin/ros2_pick_n_place/build/braccio_yolo_sorting/build/lib/braccio_yolo_sorting
[0.798s] copying braccio_yolo_sorting/braccio_sorting_controller.py -> /home/sachin/ros2_pick_n_place/build/braccio_yolo_sorting/build/lib/braccio_yolo_sorting
[0.798s] copying braccio_yolo_sorting/yolo_detector_node.py -> /home/sachin/ros2_pick_n_place/build/braccio_yolo_sorting/build/lib/braccio_yolo_sorting
[0.798s] running install
[0.802s] running install_lib
[0.814s] creating /home/sachin/ros2_pick_n_place/install/braccio_yolo_sorting/lib/python3.12/site-packages/braccio_yolo_sorting
[0.814s] copying /home/sachin/ros2_pick_n_place/build/braccio_yolo_sorting/build/lib/braccio_yolo_sorting/__init__.py -> /home/sachin/ros2_pick_n_place/install/braccio_yolo_sorting/lib/python3.12/site-packages/braccio_yolo_sorting
[0.814s] copying /home/sachin/ros2_pick_n_place/build/braccio_yolo_sorting/build/lib/braccio_yolo_sorting/braccio_sorting_controller.py -> /home/sachin/ros2_pick_n_place/install/braccio_yolo_sorting/lib/python3.12/site-packages/braccio_yolo_sorting
[0.814s] copying /home/sachin/ros2_pick_n_place/build/braccio_yolo_sorting/build/lib/braccio_yolo_sorting/yolo_detector_node.py -> /home/sachin/ros2_pick_n_place/install/braccio_yolo_sorting/lib/python3.12/site-packages/braccio_yolo_sorting
[0.814s] byte-compiling /home/sachin/ros2_pick_n_place/install/braccio_yolo_sorting/lib/python3.12/site-packages/braccio_yolo_sorting/__init__.py to __init__.cpython-312.pyc
[0.814s] byte-compiling /home/sachin/ros2_pick_n_place/install/braccio_yolo_sorting/lib/python3.12/site-packages/braccio_yolo_sorting/braccio_sorting_controller.py to braccio_sorting_controller.cpython-312.pyc
[0.816s] byte-compiling /home/sachin/ros2_pick_n_place/install/braccio_yolo_sorting/lib/python3.12/site-packages/braccio_yolo_sorting/yolo_detector_node.py to yolo_detector_node.cpython-312.pyc
[0.817s] running install_data
[0.817s] creating /home/sachin/ros2_pick_n_place/install/braccio_yolo_sorting/share/ament_index
[0.817s] creating /home/sachin/ros2_pick_n_place/install/braccio_yolo_sorting/share/ament_index/resource_index
[0.817s] creating /home/sachin/ros2_pick_n_place/install/braccio_yolo_sorting/share/ament_index/resource_index/packages
[0.817s] copying resource/braccio_yolo_sorting -> /home/sachin/ros2_pick_n_place/install/braccio_yolo_sorting/share/ament_index/resource_index/packages
[0.817s] copying package.xml -> /home/sachin/ros2_pick_n_place/install/braccio_yolo_sorting/share/braccio_yolo_sorting
[0.817s] creating /home/sachin/ros2_pick_n_place/install/braccio_yolo_sorting/share/braccio_yolo_sorting/launch
[0.817s] copying launch/braccio_sorting.launch.py -> /home/sachin/ros2_pick_n_place/install/braccio_yolo_sorting/share/braccio_yolo_sorting/launch
[0.818s] creating /home/sachin/ros2_pick_n_place/install/braccio_yolo_sorting/share/braccio_yolo_sorting/config
[0.818s] running install_egg_info
[0.830s] Copying ../../build/braccio_yolo_sorting/braccio_yolo_sorting.egg-info to /home/sachin/ros2_pick_n_place/install/braccio_yolo_sorting/lib/python3.12/site-packages/braccio_yolo_sorting-0.1.0-py3.12.egg-info
[0.830s] running install_scripts
[0.909s] Installing braccio_sorting_controller.py script to /home/sachin/ros2_pick_n_place/install/braccio_yolo_sorting/lib/braccio_yolo_sorting
[0.909s] Installing yolo_detector_node.py script to /home/sachin/ros2_pick_n_place/install/braccio_yolo_sorting/lib/braccio_yolo_sorting
[0.909s] writing list of installed files to '/home/sachin/ros2_pick_n_place/build/braccio_yolo_sorting/install.log'
[0.930s] Invoked command in '/home/sachin/ros2_pick_n_place/src/braccio_yolo_sorting' returned '0': CMAKE_PREFIX_PATH=/home/sachin/ros2_pick_n_place/install/braccio_gazebo:/home/sachin/ros2_pick_n_place/install/braccio_description:/home/sachin/ros2_pick_n_place/install/braccio_moveit_config:/home/sachin/pnp_ws/install/braccio_moveit_config:/home/sachin/pnp_ws/install/braccio_gazebo:/home/sachin/pnp_ws/install/braccio_description:/home/sachin/pnp_ws/src/install/braccio_description:/opt/ros/jazzy/opt/gz_sim_vendor:/opt/ros/jazzy/opt/gz_sensors_vendor:/opt/ros/jazzy/opt/gz_physics_vendor:/opt/ros/jazzy/opt/sdformat_vendor:/opt/ros/jazzy/opt/gz_gui_vendor:/opt/ros/jazzy/opt/gz_transport_vendor:/opt/ros/jazzy/opt/gz_rendering_vendor:/opt/ros/jazzy/opt/gz_plugin_vendor:/opt/ros/jazzy/opt/gz_fuel_tools_vendor:/opt/ros/jazzy/opt/gz_msgs_vendor:/opt/ros/jazzy/opt/gz_common_vendor:/opt/ros/jazzy/opt/gz_math_vendor:/opt/ros/jazzy/opt/gz_utils_vendor:/opt/ros/jazzy/opt/gz_tools_vendor:/opt/ros/jazzy/opt/gz_ogre_next_vendor:/opt/ros/jazzy/opt/gz_dartsim_vendor:/opt/ros/jazzy/opt/gz_cmake_vendor DEBUGINFOD_URLS=https://debuginfod.ubuntu.com PS1=(.ros2_venv) \[\e]0;\u@\h: \w\a\]${debian_chroot:+($debian_chroot)}\[\033[01;32m\]\u@\h\[\033[00m\]:\[\033[01;34m\]\w\[\033[00m\]\$ PYTHONPATH=/home/sachin/ros2_pick_n_place/build/braccio_yolo_sorting/prefix_override:/usr/lib/python3/dist-packages/colcon_core/task/python/colcon_distutils_commands:/home/sachin/ros2_pick_n_place/install/braccio_yolo_sorting/lib/python3.12/site-packages:${PYTHONPATH} VIRTUAL_ENV_PROMPT=(.ros2_venv) /usr/bin/python3 -W ignore:setup.py install is deprecated -W ignore:easy_install command is deprecated setup.py egg_info --egg-base ../../build/braccio_yolo_sorting build --build-base /home/sachin/ros2_pick_n_place/build/braccio_yolo_sorting/build install --record /home/sachin/ros2_pick_n_place/build/braccio_yolo_sorting/install.log --single-version-externally-managed install_data
